{"success":"false","errorCode":"-1","errorMsg":"packageDTO.length is null"}
{"success":"false","errorCode":"-1","errorMsg":"packageList is null"}
{"DistributionConsignResponse":{"logisticsOrderId":"145314429481","tradeLogisticsOrderId":"5213693531","tradeOrderId":"5000437621373465","tradeOrderFrom":"AE","logisticsOrderCode":"LP00145314429481"},"success":"true"}
{"success":"false","errorCode":"P-011-0212-10-15-008","errorMsg":"商品的申报金额不能为空，或小于0.01$"}
{"DistributionConsignResponse":{"logisticsOrderId":"145335578802","tradeLogisticsOrderId":"5167640598","tradeOrderId":"8002345310822669","tradeOrderFrom":"AE","logisticsOrderCode":"LP00145335578802"},"success":"true"}
{"DistributionConsignResponse":{"logisticsOrderId":"148698803287","tradeLogisticsOrderId":"5169540668","tradeOrderId":"8002383078524069","tradeOrderFrom":"AE","logisticsOrderCode":"LP00148698803287"},"success":"true"}
{"DistributionConsignResponse":{"logisticsOrderId":"145411491453","tradeLogisticsOrderId":"5215893132","tradeOrderId":"5000440823292852","tradeOrderFrom":"AE","logisticsOrderCode":"LP00145411491453"},"success":"true"}
{"DistributionConsignResponse":{"logisticsOrderId":"149122452825","tradeLogisticsOrderId":"5169778255","tradeOrderId":"5000449626425839","tradeOrderFrom":"AE","logisticsOrderCode":"LP00149122452825"},"success":"true"}
{"DistributionConsignResponse":{"logisticsOrderId":"148715830466","tradeLogisticsOrderId":"5216099515","tradeOrderId":"5000444435990260","tradeOrderFrom":"AE","logisticsOrderCode":"LP00148715830466"},"success":"true"}
{"DistributionConsignResponse":{"logisticsOrderId":"149125458013","tradeLogisticsOrderId":"5216091847","tradeOrderId":"5000446229777171","tradeOrderFrom":"AE","logisticsOrderCode":"LP00149125458013"},"success":"true"}
{"DistributionConsignResponse":{"logisticsOrderId":"148719652012","tradeLogisticsOrderId":"5169822691","tradeOrderId":"5000457808902978","tradeOrderFrom":"AE","logisticsOrderCode":"LP00148719652012"},"success":"true"}
{"DistributionConsignResponse":{"logisticsOrderId":"145440656659","tradeLogisticsOrderId":"5169954615","tradeOrderId":"5000449828005506","tradeOrderFrom":"AE","logisticsOrderCode":"LP00145440656659"},"success":"true"}
{"DistributionConsignResponse":{"logisticsOrderId":"149147688303","tradeLogisticsOrderId":"5216409024","tradeOrderId":"5000451500024995","tradeOrderFrom":"AE","logisticsOrderCode":"LP00149147688303"},"success":"true"}
{"DistributionConsignResponse":{"logisticsOrderId":"148747564759","tradeLogisticsOrderId":"5216549309","tradeOrderId":"5000462125539990","tradeOrderFrom":"AE","logisticsOrderCode":"LP00148747564759"},"success":"true"}
{"DistributionConsignResponse":{"logisticsOrderId":"149148499444","tradeLogisticsOrderId":"5216561740","tradeOrderId":"5000453185257724","tradeOrderFrom":"AE","logisticsOrderCode":"LP00149148499444"},"success":"true"}
{"DistributionConsignResponse":{"logisticsOrderId":"145457589085","tradeLogisticsOrderId":"5216549987","tradeOrderId":"5000462125539990","tradeOrderFrom":"AE","logisticsOrderCode":"LP00145457589085"},"success":"true"}
"{\"DistributionConsignResponse\":{\"logisticsOrderId\":\"149168544716\",\"tradeLogisticsOrderId\":\"5216563893\",\"tradeOrderId\":\"5000462125539990\",\"tradeOrderFrom\":\"AE\",\"logisticsOrderCode\":\"LP00149168544716\"},\"success\":\"true\"}"
"{\"success\":\"false\",\"errorCode\":\"P-011-0012-10-10-011\",\"errorMsg\":\"\u5bf9\u4e0d\u8d77\uff0c\u7cfb\u7edf\u51fa\u9519\u4e86\uff0c\u8bf7\u7a0d\u540e\u518d\u8bd5\"}"
"{\"DistributionConsignResponse\":{\"logisticsOrderId\":\"145538193719\",\"tradeLogisticsOrderId\":\"5218455777\",\"tradeOrderId\":\"5000461994340298\",\"tradeOrderFrom\":\"AE\",\"logisticsOrderCode\":\"LP00145538193719\"},\"success\":\"true\"}"
"{\"success\":\"false\",\"errorCode\":\"P-011-0012-10-10-011\",\"errorMsg\":\"\u5bf9\u4e0d\u8d77\uff0c\u7cfb\u7edf\u51fa\u9519\u4e86\uff0c\u8bf7\u7a0d\u540e\u518d\u8bd5\"}"
"{\"DistributionConsignResponse\":{\"logisticsOrderId\":\"145543004610\",\"tradeLogisticsOrderId\":\"5172156061\",\"tradeOrderId\":\"5000464797910106\",\"tradeOrderFrom\":\"AE\",\"logisticsOrderCode\":\"LP00145543004610\"},\"success\":\"true\"}"
"{\"DistributionConsignResponse\":{\"logisticsOrderId\":\"145543292270\",\"tradeLogisticsOrderId\":\"5218515365\",\"tradeOrderId\":\"5000461994340298\",\"tradeOrderFrom\":\"AE\",\"logisticsOrderCode\":\"LP00145543292270\"},\"success\":\"true\"}"
"{\"success\":\"false\",\"errorCode\":\"P-011-0012-10-10-011\",\"errorMsg\":\"\u5bf9\u4e0d\u8d77\uff0c\u7cfb\u7edf\u51fa\u9519\u4e86\uff0c\u8bf7\u7a0d\u540e\u518d\u8bd5\"}"
"{\"success\":\"false\",\"errorCode\":\"P-011-0012-10-10-011\",\"errorMsg\":\"\u5bf9\u4e0d\u8d77\uff0c\u7cfb\u7edf\u51fa\u9519\u4e86\uff0c\u8bf7\u7a0d\u540e\u518d\u8bd5\"}"
