{"mailNo":"AEWH0000741622RU4","success":"true"}
{"success":"true"}
"{\"mailNo\":\"AEWH0000741660RU4\",\"success\":\"true\"}"
"{\"success\":\"false\",\"errorCode\":\"ERROR_PARAM_INVALID\",\"errorMsg\":\"the param is invalid\"}"
"{\"success\":\"true\"}"
"{\"success\":\"false\",\"errorCode\":\"ERROR_PARAM_INVALID\",\"errorMsg\":\"the param is invalid\"}"
"{\"mailNo\":\"AEWH0000742823RU4\",\"success\":\"true\"}"
"{\"success\":\"true\"}"
"{\"success\":\"false\",\"errorCode\":\"ERROR_PARAM_INVALID\",\"errorMsg\":\"the param is invalid\"}"
"{\"success\":\"false\",\"errorCode\":\"ERROR_PARAM_INVALID\",\"errorMsg\":\"the param is invalid\"}"
2019-09-20 11:30:12"{\"success\":\"false\",\"errorCode\":\"ERROR_PARAM_INVALID\",\"errorMsg\":\"the param is invalid\"}"{"orderId":null,"cnId":"4398985192396"}
2019-09-20 12:00:14"{\"success\":\"false\",\"errorCode\":\"ERROR_PARAM_INVALID\",\"errorMsg\":\"the param is invalid\"}"{"orderId":null,"cnId":"4398985192396"}
2019-09-20 12:30:12"{\"mailNo\":\"AEWH0000743401RU4\",\"success\":\"true\"}"{"orderId":"148843858713","cnId":"4398985192396"}
2019-09-22 18:30:11"{\"success\":\"false\",\"errorCode\":\"ERROR_PARAM_INVALID\",\"errorMsg\":\"the param is invalid\"}"{"orderId":null,"cnId":"4398983084403"}
2019-09-22 18:30:20"{\"success\":\"false\",\"errorCode\":\"ERROR_PARAM_INVALID\",\"errorMsg\":\"the param is invalid\"}"{"orderId":null,"cnId":"4398985192396"}
2019-09-22 18:30:27"{\"success\":\"false\",\"errorCode\":\"ERROR_PARAM_INVALID\",\"errorMsg\":\"the param is invalid\"}"{"orderId":null,"cnId":"4398985192396"}
2019-09-22 18:30:33"{\"success\":\"false\",\"errorCode\":\"ERROR_PARAM_INVALID\",\"errorMsg\":\"the param is invalid\"}"{"orderId":null,"cnId":"4398985192396"}
2019-09-22 18:30:41"{\"success\":\"false\",\"errorCode\":\"ERROR_PARAM_INVALID\",\"errorMsg\":\"the param is invalid\"}"{"orderId":null,"cnId":"4398985192396"}
2019-09-22 18:30:49"{\"success\":\"false\",\"errorCode\":\"ERROR_PARAM_INVALID\",\"errorMsg\":\"the param is invalid\"}"{"orderId":null,"cnId":"4398985192396"}
2019-09-22 18:30:56"{\"success\":\"false\",\"errorCode\":\"ERROR_PARAM_INVALID\",\"errorMsg\":\"the param is invalid\"}"{"orderId":null,"cnId":"4398985192396"}
2019-09-22 19:00:11"{\"success\":\"false\",\"errorCode\":\"ERROR_PARAM_INVALID\",\"errorMsg\":\"the param is invalid\"}"{"orderId":null,"cnId":"4398983084403"}
2019-09-22 19:00:20"{\"success\":\"false\",\"errorCode\":\"ERROR_PARAM_INVALID\",\"errorMsg\":\"the param is invalid\"}"{"orderId":null,"cnId":"4398985192396"}
2019-09-22 19:00:27"{\"success\":\"false\",\"errorCode\":\"ERROR_PARAM_INVALID\",\"errorMsg\":\"the param is invalid\"}"{"orderId":null,"cnId":"4398985192396"}
2019-09-22 19:00:34"{\"success\":\"false\",\"errorCode\":\"ERROR_PARAM_INVALID\",\"errorMsg\":\"the param is invalid\"}"{"orderId":null,"cnId":"4398985192396"}
2019-09-22 19:00:41"{\"success\":\"false\",\"errorCode\":\"ERROR_PARAM_INVALID\",\"errorMsg\":\"the param is invalid\"}"{"orderId":null,"cnId":"4398985192396"}
2019-09-22 19:00:50"{\"success\":\"false\",\"errorCode\":\"ERROR_PARAM_INVALID\",\"errorMsg\":\"the param is invalid\"}"{"orderId":null,"cnId":"4398985192396"}
2019-09-22 19:00:57"{\"success\":\"false\",\"errorCode\":\"ERROR_PARAM_INVALID\",\"errorMsg\":\"the param is invalid\"}"{"orderId":null,"cnId":"4398985192396"}
2019-09-22 19:01:16"{\"success\":\"false\",\"errorCode\":\"ERROR_PARAM_INVALID\",\"errorMsg\":\"the param is invalid\"}"{"orderId":null,"cnId":"4398983195649"}
2019-09-22 19:30:11"{\"success\":\"false\",\"errorCode\":\"ERROR_PARAM_INVALID\",\"errorMsg\":\"the param is invalid\"}"{"orderId":null,"cnId":"4398983084403"}
2019-09-22 19:30:20"{\"success\":\"false\",\"errorCode\":\"ERROR_PARAM_INVALID\",\"errorMsg\":\"the param is invalid\"}"{"orderId":null,"cnId":"4398985192396"}
2019-09-22 19:30:27"{\"success\":\"false\",\"errorCode\":\"ERROR_PARAM_INVALID\",\"errorMsg\":\"the param is invalid\"}"{"orderId":null,"cnId":"4398985192396"}
2019-09-22 19:30:33"{\"success\":\"false\",\"errorCode\":\"ERROR_PARAM_INVALID\",\"errorMsg\":\"the param is invalid\"}"{"orderId":null,"cnId":"4398985192396"}
2019-09-22 19:30:41"{\"success\":\"false\",\"errorCode\":\"ERROR_PARAM_INVALID\",\"errorMsg\":\"the param is invalid\"}"{"orderId":null,"cnId":"4398985192396"}
2019-09-22 19:30:49"{\"success\":\"false\",\"errorCode\":\"ERROR_PARAM_INVALID\",\"errorMsg\":\"the param is invalid\"}"{"orderId":null,"cnId":"4398985192396"}
2019-09-22 19:30:57"{\"success\":\"false\",\"errorCode\":\"ERROR_PARAM_INVALID\",\"errorMsg\":\"the param is invalid\"}"{"orderId":null,"cnId":"4398985192396"}
2019-09-22 19:31:16"{\"success\":\"false\",\"errorCode\":\"ERROR_PARAM_INVALID\",\"errorMsg\":\"the param is invalid\"}"{"orderId":null,"cnId":"4398983195649"}
2019-09-22 20:00:12"{\"success\":\"false\",\"errorCode\":\"ERROR_PARAM_INVALID\",\"errorMsg\":\"the param is invalid\"}"{"orderId":null,"cnId":"4398983084403"}
2019-09-22 20:00:21"{\"success\":\"false\",\"errorCode\":\"ERROR_PARAM_INVALID\",\"errorMsg\":\"the param is invalid\"}"{"orderId":null,"cnId":"4398985192396"}
2019-09-22 20:00:28"{\"success\":\"false\",\"errorCode\":\"ERROR_PARAM_INVALID\",\"errorMsg\":\"the param is invalid\"}"{"orderId":null,"cnId":"4398985192396"}
2019-09-22 20:00:35"{\"success\":\"false\",\"errorCode\":\"ERROR_PARAM_INVALID\",\"errorMsg\":\"the param is invalid\"}"{"orderId":null,"cnId":"4398985192396"}
2019-09-22 20:00:43"{\"success\":\"false\",\"errorCode\":\"ERROR_PARAM_INVALID\",\"errorMsg\":\"the param is invalid\"}"{"orderId":null,"cnId":"4398985192396"}
2019-09-22 20:00:51"{\"success\":\"false\",\"errorCode\":\"ERROR_PARAM_INVALID\",\"errorMsg\":\"the param is invalid\"}"{"orderId":null,"cnId":"4398985192396"}
2019-09-22 20:00:58"{\"success\":\"false\",\"errorCode\":\"ERROR_PARAM_INVALID\",\"errorMsg\":\"the param is invalid\"}"{"orderId":null,"cnId":"4398985192396"}
2019-09-22 20:01:18"{\"success\":\"false\",\"errorCode\":\"ERROR_PARAM_INVALID\",\"errorMsg\":\"the param is invalid\"}"{"orderId":null,"cnId":"4398983195649"}
2019-09-22 20:30:11"{\"success\":\"false\",\"errorCode\":\"ERROR_PARAM_INVALID\",\"errorMsg\":\"the param is invalid\"}"{"orderId":null,"cnId":"4398983084403"}
2019-09-22 20:30:20"{\"success\":\"false\",\"errorCode\":\"ERROR_PARAM_INVALID\",\"errorMsg\":\"the param is invalid\"}"{"orderId":null,"cnId":"4398985192396"}
2019-09-22 20:30:27"{\"success\":\"false\",\"errorCode\":\"ERROR_PARAM_INVALID\",\"errorMsg\":\"the param is invalid\"}"{"orderId":null,"cnId":"4398985192396"}
2019-09-22 20:30:35"{\"success\":\"false\",\"errorCode\":\"ERROR_PARAM_INVALID\",\"errorMsg\":\"the param is invalid\"}"{"orderId":null,"cnId":"4398985192396"}
2019-09-22 20:30:42"{\"success\":\"false\",\"errorCode\":\"ERROR_PARAM_INVALID\",\"errorMsg\":\"the param is invalid\"}"{"orderId":null,"cnId":"4398985192396"}
2019-09-22 20:30:50"{\"success\":\"false\",\"errorCode\":\"ERROR_PARAM_INVALID\",\"errorMsg\":\"the param is invalid\"}"{"orderId":null,"cnId":"4398985192396"}
2019-09-22 20:30:57"{\"success\":\"false\",\"errorCode\":\"ERROR_PARAM_INVALID\",\"errorMsg\":\"the param is invalid\"}"{"orderId":null,"cnId":"4398985192396"}
2019-09-22 20:31:16"{\"success\":\"false\",\"errorCode\":\"ERROR_PARAM_INVALID\",\"errorMsg\":\"the param is invalid\"}"{"orderId":null,"cnId":"4398983195649"}
2019-09-22 21:00:11"{\"success\":\"false\",\"errorCode\":\"ERROR_PARAM_INVALID\",\"errorMsg\":\"the param is invalid\"}"{"orderId":null,"cnId":"4398983084403"}
2019-09-22 21:00:20"{\"success\":\"false\",\"errorCode\":\"ERROR_PARAM_INVALID\",\"errorMsg\":\"the param is invalid\"}"{"orderId":null,"cnId":"4398985192396"}
2019-09-22 21:00:27"{\"success\":\"false\",\"errorCode\":\"ERROR_PARAM_INVALID\",\"errorMsg\":\"the param is invalid\"}"{"orderId":null,"cnId":"4398985192396"}
2019-09-22 21:00:34"{\"success\":\"false\",\"errorCode\":\"ERROR_PARAM_INVALID\",\"errorMsg\":\"the param is invalid\"}"{"orderId":null,"cnId":"4398985192396"}
2019-09-22 21:00:42"{\"success\":\"false\",\"errorCode\":\"ERROR_PARAM_INVALID\",\"errorMsg\":\"the param is invalid\"}"{"orderId":null,"cnId":"4398985192396"}
2019-09-22 21:00:50"{\"success\":\"false\",\"errorCode\":\"ERROR_PARAM_INVALID\",\"errorMsg\":\"the param is invalid\"}"{"orderId":null,"cnId":"4398985192396"}
2019-09-22 21:00:57"{\"success\":\"false\",\"errorCode\":\"ERROR_PARAM_INVALID\",\"errorMsg\":\"the param is invalid\"}"{"orderId":null,"cnId":"4398985192396"}
2019-09-22 21:01:16"{\"success\":\"false\",\"errorCode\":\"ERROR_PARAM_INVALID\",\"errorMsg\":\"the param is invalid\"}"{"orderId":null,"cnId":"4398983195649"}
2019-09-22 21:30:11"{\"success\":\"false\",\"errorCode\":\"ERROR_PARAM_INVALID\",\"errorMsg\":\"the param is invalid\"}"{"orderId":null,"cnId":"4398983084403"}
2019-09-22 21:30:20"{\"success\":\"false\",\"errorCode\":\"ERROR_PARAM_INVALID\",\"errorMsg\":\"the param is invalid\"}"{"orderId":null,"cnId":"4398985192396"}
2019-09-22 21:30:27"{\"mailNo\":\"AEWH0000750508RU4\",\"success\":\"true\"}"{"orderId":"149129020820","cnId":"4398985192396"}
2019-09-22 21:30:36"{\"success\":\"false\",\"errorCode\":\"ERROR_PARAM_INVALID\",\"errorMsg\":\"the param is invalid\"}"{"orderId":null,"cnId":"4398985192396"}
2019-09-22 21:30:43"{\"success\":\"false\",\"errorCode\":\"ERROR_PARAM_INVALID\",\"errorMsg\":\"the param is invalid\"}"{"orderId":null,"cnId":"4398985192396"}
2019-09-22 21:30:52"{\"success\":\"false\",\"errorCode\":\"ERROR_PARAM_INVALID\",\"errorMsg\":\"the param is invalid\"}"{"orderId":null,"cnId":"4398985192396"}
2019-09-22 21:30:59"{\"success\":\"false\",\"errorCode\":\"ERROR_PARAM_INVALID\",\"errorMsg\":\"the param is invalid\"}"{"orderId":null,"cnId":"4398985192396"}
2019-09-22 21:31:08"{\"success\":\"false\",\"errorCode\":\"ERROR_PARAM_INVALID\",\"errorMsg\":\"the param is invalid\"}"{"orderId":null,"cnId":"4398983195649"}
2019-09-22 22:00:12"{\"success\":\"false\",\"errorCode\":\"ERROR_PARAM_INVALID\",\"errorMsg\":\"the param is invalid\"}"{"orderId":null,"cnId":"4398983084403"}
2019-09-22 22:00:22"{\"success\":\"false\",\"errorCode\":\"ERROR_PARAM_INVALID\",\"errorMsg\":\"the param is invalid\"}"{"orderId":null,"cnId":"4398985192396"}
2019-09-22 22:00:29"{\"success\":\"false\",\"errorCode\":\"ERROR_PARAM_INVALID\",\"errorMsg\":\"the param is invalid\"}"{"orderId":null,"cnId":"4398985192396"}
2019-09-22 22:00:36"{\"success\":\"false\",\"errorCode\":\"ERROR_PARAM_INVALID\",\"errorMsg\":\"the param is invalid\"}"{"orderId":null,"cnId":"4398985192396"}
2019-09-22 22:00:44"{\"success\":\"false\",\"errorCode\":\"ERROR_PARAM_INVALID\",\"errorMsg\":\"the param is invalid\"}"{"orderId":null,"cnId":"4398985192396"}
2019-09-22 22:00:51"{\"success\":\"false\",\"errorCode\":\"ERROR_PARAM_INVALID\",\"errorMsg\":\"the param is invalid\"}"{"orderId":null,"cnId":"4398985192396"}
2019-09-22 22:01:01"{\"success\":\"false\",\"errorCode\":\"ERROR_PARAM_INVALID\",\"errorMsg\":\"the param is invalid\"}"{"orderId":null,"cnId":"4398983195649"}
2019-09-22 22:30:12"{\"mailNo\":\"AEWH0000750703RU4\",\"success\":\"true\"}"{"orderId":"145841402944","cnId":"4398983084403"}
2019-09-22 22:30:23"{\"success\":\"false\",\"errorCode\":\"ERROR_PARAM_INVALID\",\"errorMsg\":\"the param is invalid\"}"{"orderId":null,"cnId":"4398985192396"}
2019-09-22 22:30:29"{\"success\":\"false\",\"errorCode\":\"ERROR_PARAM_INVALID\",\"errorMsg\":\"the param is invalid\"}"{"orderId":null,"cnId":"4398985192396"}
2019-09-22 22:30:37"{\"success\":\"false\",\"errorCode\":\"ERROR_PARAM_INVALID\",\"errorMsg\":\"the param is invalid\"}"{"orderId":null,"cnId":"4398985192396"}
2019-09-22 22:30:49"{\"success\":\"false\",\"errorCode\":\"ERROR_PARAM_INVALID\",\"errorMsg\":\"the param is invalid\"}"{"orderId":null,"cnId":"4398985192396"}
2019-09-22 22:30:56"{\"success\":\"false\",\"errorCode\":\"ERROR_PARAM_INVALID\",\"errorMsg\":\"the param is invalid\"}"{"orderId":null,"cnId":"4398985192396"}
2019-09-22 22:31:05"{\"success\":\"false\",\"errorCode\":\"ERROR_PARAM_INVALID\",\"errorMsg\":\"the param is invalid\"}"{"orderId":null,"cnId":"4398983195649"}
2019-09-22 23:00:16"{\"success\":\"false\",\"errorCode\":\"ERROR_PARAM_INVALID\",\"errorMsg\":\"the param is invalid\"}"{"orderId":null,"cnId":"4398985192396"}
2019-09-22 23:00:23"{\"success\":\"false\",\"errorCode\":\"ERROR_PARAM_INVALID\",\"errorMsg\":\"the param is invalid\"}"{"orderId":null,"cnId":"4398985192396"}
2019-09-22 23:00:31"{\"success\":\"false\",\"errorCode\":\"ERROR_PARAM_INVALID\",\"errorMsg\":\"the param is invalid\"}"{"orderId":null,"cnId":"4398985192396"}
2019-09-22 23:00:39"{\"success\":\"false\",\"errorCode\":\"ERROR_PARAM_INVALID\",\"errorMsg\":\"the param is invalid\"}"{"orderId":null,"cnId":"4398985192396"}
2019-09-22 23:00:46"{\"success\":\"false\",\"errorCode\":\"ERROR_PARAM_INVALID\",\"errorMsg\":\"the param is invalid\"}"{"orderId":null,"cnId":"4398985192396"}
2019-09-22 23:00:56"{\"success\":\"false\",\"errorCode\":\"ERROR_PARAM_INVALID\",\"errorMsg\":\"the param is invalid\"}"{"orderId":null,"cnId":"4398983195649"}
2019-09-22 23:30:13"{\"success\":\"false\",\"errorCode\":\"ERROR_PARAM_INVALID\",\"errorMsg\":\"the param is invalid\"}"{"orderId":null,"cnId":"4398985192396"}
2019-09-22 23:30:20"{\"success\":\"false\",\"errorCode\":\"ERROR_PARAM_INVALID\",\"errorMsg\":\"the param is invalid\"}"{"orderId":null,"cnId":"4398985192396"}
2019-09-22 23:30:27"{\"success\":\"false\",\"errorCode\":\"ERROR_PARAM_INVALID\",\"errorMsg\":\"the param is invalid\"}"{"orderId":null,"cnId":"4398985192396"}
2019-09-22 23:30:35"{\"success\":\"false\",\"errorCode\":\"ERROR_PARAM_INVALID\",\"errorMsg\":\"the param is invalid\"}"{"orderId":null,"cnId":"4398985192396"}
2019-09-22 23:30:43"{\"success\":\"false\",\"errorCode\":\"ERROR_PARAM_INVALID\",\"errorMsg\":\"the param is invalid\"}"{"orderId":null,"cnId":"4398985192396"}
2019-09-22 23:30:52"{\"success\":\"false\",\"errorCode\":\"ERROR_PARAM_INVALID\",\"errorMsg\":\"the param is invalid\"}"{"orderId":null,"cnId":"4398983195649"}
2019-09-23 00:00:16"{\"success\":\"false\",\"errorCode\":\"ERROR_PARAM_INVALID\",\"errorMsg\":\"the param is invalid\"}"{"orderId":null,"cnId":"4398985192396"}
2019-09-23 00:00:23"{\"success\":\"false\",\"errorCode\":\"ERROR_PARAM_INVALID\",\"errorMsg\":\"the param is invalid\"}"{"orderId":null,"cnId":"4398985192396"}
2019-09-23 00:00:30"{\"success\":\"false\",\"errorCode\":\"ERROR_PARAM_INVALID\",\"errorMsg\":\"the param is invalid\"}"{"orderId":null,"cnId":"4398985192396"}
2019-09-23 00:00:38"{\"success\":\"false\",\"errorCode\":\"ERROR_PARAM_INVALID\",\"errorMsg\":\"the param is invalid\"}"{"orderId":null,"cnId":"4398985192396"}
2019-09-23 00:00:45"{\"success\":\"false\",\"errorCode\":\"ERROR_PARAM_INVALID\",\"errorMsg\":\"the param is invalid\"}"{"orderId":null,"cnId":"4398985192396"}
2019-09-23 00:00:55"{\"success\":\"false\",\"errorCode\":\"ERROR_PARAM_INVALID\",\"errorMsg\":\"the param is invalid\"}"{"orderId":null,"cnId":"4398983195649"}
2019-09-23 00:30:13"{\"success\":\"false\",\"errorCode\":\"ERROR_PARAM_INVALID\",\"errorMsg\":\"the param is invalid\"}"{"orderId":null,"cnId":"4398985192396"}
2019-09-23 00:30:20"{\"success\":\"false\",\"errorCode\":\"ERROR_PARAM_INVALID\",\"errorMsg\":\"the param is invalid\"}"{"orderId":null,"cnId":"4398985192396"}
2019-09-23 00:30:27"{\"success\":\"false\",\"errorCode\":\"ERROR_PARAM_INVALID\",\"errorMsg\":\"the param is invalid\"}"{"orderId":null,"cnId":"4398985192396"}
2019-09-23 00:30:35"{\"success\":\"false\",\"errorCode\":\"ERROR_PARAM_INVALID\",\"errorMsg\":\"the param is invalid\"}"{"orderId":null,"cnId":"4398985192396"}
2019-09-23 00:30:42"{\"mailNo\":\"AEWH0000750877RU4\",\"success\":\"true\"}"{"orderId":"145841799236","cnId":"4398985192396"}
2019-09-23 00:30:54"{\"success\":\"false\",\"errorCode\":\"ERROR_PARAM_INVALID\",\"errorMsg\":\"the param is invalid\"}"{"orderId":null,"cnId":"4398983195649"}
2019-09-23 01:00:14"{\"success\":\"false\",\"errorCode\":\"ERROR_PARAM_INVALID\",\"errorMsg\":\"the param is invalid\"}"{"orderId":null,"cnId":"4398985192396"}
2019-09-23 01:00:21"{\"success\":\"false\",\"errorCode\":\"ERROR_PARAM_INVALID\",\"errorMsg\":\"the param is invalid\"}"{"orderId":null,"cnId":"4398985192396"}
2019-09-23 01:00:29"{\"success\":\"false\",\"errorCode\":\"ERROR_PARAM_INVALID\",\"errorMsg\":\"the param is invalid\"}"{"orderId":null,"cnId":"4398985192396"}
2019-09-23 01:00:37"{\"success\":\"false\",\"errorCode\":\"ERROR_PARAM_INVALID\",\"errorMsg\":\"the param is invalid\"}"{"orderId":null,"cnId":"4398985192396"}
2019-09-23 01:00:46"{\"success\":\"false\",\"errorCode\":\"ERROR_PARAM_INVALID\",\"errorMsg\":\"the param is invalid\"}"{"orderId":null,"cnId":"4398983195649"}
2019-09-23 01:30:14"{\"success\":\"false\",\"errorCode\":\"ERROR_PARAM_INVALID\",\"errorMsg\":\"the param is invalid\"}"{"orderId":null,"cnId":"4398985192396"}
2019-09-23 01:30:21"{\"success\":\"false\",\"errorCode\":\"ERROR_PARAM_INVALID\",\"errorMsg\":\"the param is invalid\"}"{"orderId":null,"cnId":"4398985192396"}
2019-09-23 01:30:28"{\"success\":\"false\",\"errorCode\":\"ERROR_PARAM_INVALID\",\"errorMsg\":\"the param is invalid\"}"{"orderId":null,"cnId":"4398985192396"}
2019-09-23 01:30:36"{\"success\":\"false\",\"errorCode\":\"ERROR_PARAM_INVALID\",\"errorMsg\":\"the param is invalid\"}"{"orderId":null,"cnId":"4398985192396"}
2019-09-23 01:30:45"{\"success\":\"false\",\"errorCode\":\"ERROR_PARAM_INVALID\",\"errorMsg\":\"the param is invalid\"}"{"orderId":null,"cnId":"4398983195649"}
2019-09-23 02:00:15"{\"success\":\"false\",\"errorCode\":\"ERROR_PARAM_INVALID\",\"errorMsg\":\"the param is invalid\"}"{"orderId":null,"cnId":"4398985192396"}
2019-09-23 02:00:22"{\"success\":\"false\",\"errorCode\":\"ERROR_PARAM_INVALID\",\"errorMsg\":\"the param is invalid\"}"{"orderId":null,"cnId":"4398985192396"}
2019-09-23 02:00:28"{\"success\":\"false\",\"errorCode\":\"ERROR_PARAM_INVALID\",\"errorMsg\":\"the param is invalid\"}"{"orderId":null,"cnId":"4398985192396"}
2019-09-23 02:00:37"{\"success\":\"false\",\"errorCode\":\"ERROR_PARAM_INVALID\",\"errorMsg\":\"the param is invalid\"}"{"orderId":null,"cnId":"4398985192396"}
2019-09-23 02:00:46"{\"success\":\"false\",\"errorCode\":\"ERROR_PARAM_INVALID\",\"errorMsg\":\"the param is invalid\"}"{"orderId":null,"cnId":"4398983195649"}
2019-09-23 02:30:14"{\"success\":\"false\",\"errorCode\":\"ERROR_PARAM_INVALID\",\"errorMsg\":\"the param is invalid\"}"{"orderId":null,"cnId":"4398985192396"}
2019-09-23 02:30:21"{\"success\":\"false\",\"errorCode\":\"ERROR_PARAM_INVALID\",\"errorMsg\":\"the param is invalid\"}"{"orderId":null,"cnId":"4398985192396"}
2019-09-23 02:30:28"{\"success\":\"false\",\"errorCode\":\"ERROR_PARAM_INVALID\",\"errorMsg\":\"the param is invalid\"}"{"orderId":null,"cnId":"4398985192396"}
2019-09-23 02:30:36"{\"success\":\"false\",\"errorCode\":\"ERROR_PARAM_INVALID\",\"errorMsg\":\"the param is invalid\"}"{"orderId":null,"cnId":"4398985192396"}
2019-09-23 02:30:46"{\"success\":\"false\",\"errorCode\":\"ERROR_PARAM_INVALID\",\"errorMsg\":\"the param is invalid\"}"{"orderId":null,"cnId":"4398983195649"}
2019-09-23 03:00:22"{\"success\":\"false\",\"errorCode\":\"ERROR_PARAM_INVALID\",\"errorMsg\":\"the param is invalid\"}"{"orderId":null,"cnId":"4398985192396"}
2019-09-23 03:00:29"{\"success\":\"false\",\"errorCode\":\"ERROR_PARAM_INVALID\",\"errorMsg\":\"the param is invalid\"}"{"orderId":null,"cnId":"4398985192396"}
2019-09-23 03:00:36"{\"success\":\"false\",\"errorCode\":\"ERROR_PARAM_INVALID\",\"errorMsg\":\"the param is invalid\"}"{"orderId":null,"cnId":"4398985192396"}
2019-09-23 03:00:45"{\"success\":\"false\",\"errorCode\":\"ERROR_PARAM_INVALID\",\"errorMsg\":\"the param is invalid\"}"{"orderId":null,"cnId":"4398985192396"}
2019-09-23 03:00:54"{\"success\":\"false\",\"errorCode\":\"ERROR_PARAM_INVALID\",\"errorMsg\":\"the param is invalid\"}"{"orderId":null,"cnId":"4398983195649"}
2019-09-23 03:30:14"{\"success\":\"false\",\"errorCode\":\"ERROR_PARAM_INVALID\",\"errorMsg\":\"the param is invalid\"}"{"orderId":null,"cnId":"4398985192396"}
2019-09-23 03:30:20"{\"success\":\"false\",\"errorCode\":\"ERROR_PARAM_INVALID\",\"errorMsg\":\"the param is invalid\"}"{"orderId":null,"cnId":"4398985192396"}
2019-09-23 03:30:27"{\"success\":\"false\",\"errorCode\":\"ERROR_PARAM_INVALID\",\"errorMsg\":\"the param is invalid\"}"{"orderId":null,"cnId":"4398985192396"}
2019-09-23 03:30:36"{\"success\":\"false\",\"errorCode\":\"ERROR_PARAM_INVALID\",\"errorMsg\":\"the param is invalid\"}"{"orderId":null,"cnId":"4398985192396"}
2019-09-23 03:30:45"{\"mailNo\":\"AEWH0000750921RU4\",\"success\":\"true\"}"{"orderId":"145848314791","cnId":"4398983195649"}
2019-09-23 04:00:16"{\"mailNo\":\"AEWH0000750973RU4\",\"success\":\"true\"}"{"orderId":"145851422151","cnId":"4398985192396"}
2019-09-23 04:00:26"{\"success\":\"false\",\"errorCode\":\"ERROR_PARAM_INVALID\",\"errorMsg\":\"the param is invalid\"}"{"orderId":null,"cnId":"4398985192396"}
2019-09-23 04:00:33"{\"success\":\"false\",\"errorCode\":\"ERROR_PARAM_INVALID\",\"errorMsg\":\"the param is invalid\"}"{"orderId":null,"cnId":"4398985192396"}
2019-09-23 04:00:41"{\"success\":\"false\",\"errorCode\":\"ERROR_PARAM_INVALID\",\"errorMsg\":\"the param is invalid\"}"{"orderId":null,"cnId":"4398985192396"}
2019-09-23 04:30:13"{\"success\":\"false\",\"errorCode\":\"ERROR_PARAM_INVALID\",\"errorMsg\":\"the param is invalid\"}"{"orderId":null,"cnId":"4398985192396"}
2019-09-23 04:30:20"{\"success\":\"false\",\"errorCode\":\"ERROR_PARAM_INVALID\",\"errorMsg\":\"the param is invalid\"}"{"orderId":null,"cnId":"4398985192396"}
2019-09-23 04:30:28"{\"success\":\"false\",\"errorCode\":\"ERROR_PARAM_INVALID\",\"errorMsg\":\"the param is invalid\"}"{"orderId":null,"cnId":"4398985192396"}
2019-09-23 05:00:15"{\"success\":\"false\",\"errorCode\":\"ERROR_PARAM_INVALID\",\"errorMsg\":\"the param is invalid\"}"{"orderId":null,"cnId":"4398985192396"}
2019-09-23 05:00:22"{\"success\":\"false\",\"errorCode\":\"ERROR_PARAM_INVALID\",\"errorMsg\":\"the param is invalid\"}"{"orderId":null,"cnId":"4398985192396"}
2019-09-23 05:00:30"{\"success\":\"false\",\"errorCode\":\"ERROR_PARAM_INVALID\",\"errorMsg\":\"the param is invalid\"}"{"orderId":null,"cnId":"4398985192396"}
2019-09-23 05:30:12"{\"success\":\"false\",\"errorCode\":\"ERROR_PARAM_INVALID\",\"errorMsg\":\"the param is invalid\"}"{"orderId":null,"cnId":"4398985192396"}
2019-09-23 05:30:20"{\"success\":\"false\",\"errorCode\":\"ERROR_PARAM_INVALID\",\"errorMsg\":\"the param is invalid\"}"{"orderId":null,"cnId":"4398985192396"}
2019-09-23 05:30:28"{\"success\":\"false\",\"errorCode\":\"ERROR_PARAM_INVALID\",\"errorMsg\":\"the param is invalid\"}"{"orderId":null,"cnId":"4398985192396"}
2019-09-23 06:00:13"{\"success\":\"false\",\"errorCode\":\"ERROR_PARAM_INVALID\",\"errorMsg\":\"the param is invalid\"}"{"orderId":null,"cnId":"4398985192396"}
2019-09-23 06:00:20"{\"success\":\"false\",\"errorCode\":\"ERROR_PARAM_INVALID\",\"errorMsg\":\"the param is invalid\"}"{"orderId":null,"cnId":"4398985192396"}
2019-09-23 06:00:28"{\"success\":\"false\",\"errorCode\":\"ERROR_PARAM_INVALID\",\"errorMsg\":\"the param is invalid\"}"{"orderId":null,"cnId":"4398985192396"}
2019-09-23 06:30:14"{\"success\":\"false\",\"errorCode\":\"ERROR_PARAM_INVALID\",\"errorMsg\":\"the param is invalid\"}"{"orderId":null,"cnId":"4398985192396"}
2019-09-23 06:30:21"{\"success\":\"false\",\"errorCode\":\"ERROR_PARAM_INVALID\",\"errorMsg\":\"the param is invalid\"}"{"orderId":null,"cnId":"4398985192396"}
2019-09-23 06:30:29"{\"success\":\"false\",\"errorCode\":\"ERROR_PARAM_INVALID\",\"errorMsg\":\"the param is invalid\"}"{"orderId":null,"cnId":"4398985192396"}
2019-09-23 07:00:13"{\"success\":\"false\",\"errorCode\":\"ERROR_PARAM_INVALID\",\"errorMsg\":\"the param is invalid\"}"{"orderId":null,"cnId":"4398985192396"}
2019-09-23 07:00:20"{\"success\":\"false\",\"errorCode\":\"ERROR_PARAM_INVALID\",\"errorMsg\":\"the param is invalid\"}"{"orderId":null,"cnId":"4398985192396"}
2019-09-23 07:00:28"{\"success\":\"false\",\"errorCode\":\"ERROR_PARAM_INVALID\",\"errorMsg\":\"the param is invalid\"}"{"orderId":null,"cnId":"4398985192396"}
2019-09-23 07:30:12"{\"success\":\"false\",\"errorCode\":\"ERROR_PARAM_INVALID\",\"errorMsg\":\"the param is invalid\"}"{"orderId":null,"cnId":"4398985192396"}
2019-09-23 07:30:19"{\"success\":\"false\",\"errorCode\":\"ERROR_PARAM_INVALID\",\"errorMsg\":\"the param is invalid\"}"{"orderId":null,"cnId":"4398985192396"}
2019-09-23 07:30:28"{\"success\":\"false\",\"errorCode\":\"ERROR_PARAM_INVALID\",\"errorMsg\":\"the param is invalid\"}"{"orderId":null,"cnId":"4398985192396"}
2019-09-23 08:00:13"{\"success\":\"false\",\"errorCode\":\"ERROR_PARAM_INVALID\",\"errorMsg\":\"the param is invalid\"}"{"orderId":null,"cnId":"4398985192396"}
2019-09-23 08:00:20"{\"success\":\"false\",\"errorCode\":\"ERROR_PARAM_INVALID\",\"errorMsg\":\"the param is invalid\"}"{"orderId":null,"cnId":"4398985192396"}
2019-09-23 08:00:29"{\"success\":\"false\",\"errorCode\":\"ERROR_PARAM_INVALID\",\"errorMsg\":\"the param is invalid\"}"{"orderId":null,"cnId":"4398985192396"}
2019-09-23 08:30:13"{\"success\":\"false\",\"errorCode\":\"ERROR_PARAM_INVALID\",\"errorMsg\":\"the param is invalid\"}"{"orderId":null,"cnId":"4398985192396"}
2019-09-23 08:30:20"{\"success\":\"false\",\"errorCode\":\"ERROR_PARAM_INVALID\",\"errorMsg\":\"the param is invalid\"}"{"orderId":null,"cnId":"4398985192396"}
2019-09-23 08:30:29"{\"success\":\"false\",\"errorCode\":\"ERROR_PARAM_INVALID\",\"errorMsg\":\"the param is invalid\"}"{"orderId":null,"cnId":"4398985192396"}
2019-09-23 09:00:14"{\"success\":\"false\",\"errorCode\":\"ERROR_PARAM_INVALID\",\"errorMsg\":\"the param is invalid\"}"{"orderId":null,"cnId":"4398985192396"}
2019-09-23 09:00:21"{\"success\":\"false\",\"errorCode\":\"ERROR_PARAM_INVALID\",\"errorMsg\":\"the param is invalid\"}"{"orderId":null,"cnId":"4398985192396"}
2019-09-23 09:00:30"{\"success\":\"false\",\"errorCode\":\"ERROR_PARAM_INVALID\",\"errorMsg\":\"the param is invalid\"}"{"orderId":null,"cnId":"4398985192396"}
2019-09-23 09:30:13"{\"success\":\"false\",\"errorCode\":\"ERROR_PARAM_INVALID\",\"errorMsg\":\"the param is invalid\"}"{"orderId":null,"cnId":"4398985192396"}
2019-09-23 09:30:20"{\"success\":\"false\",\"errorCode\":\"ERROR_PARAM_INVALID\",\"errorMsg\":\"the param is invalid\"}"{"orderId":null,"cnId":"4398985192396"}
2019-09-23 09:30:29"{\"success\":\"false\",\"errorCode\":\"ERROR_PARAM_INVALID\",\"errorMsg\":\"the param is invalid\"}"{"orderId":null,"cnId":"4398985192396"}
2019-09-23 10:00:15"{\"success\":\"false\",\"errorCode\":\"ERROR_PARAM_INVALID\",\"errorMsg\":\"the param is invalid\"}"{"orderId":null,"cnId":"4398985192396"}
2019-09-23 10:00:22"{\"success\":\"false\",\"errorCode\":\"ERROR_PARAM_INVALID\",\"errorMsg\":\"the param is invalid\"}"{"orderId":null,"cnId":"4398985192396"}
2019-09-23 10:30:14"{\"success\":\"false\",\"errorCode\":\"ERROR_PARAM_INVALID\",\"errorMsg\":\"the param is invalid\"}"{"orderId":null,"cnId":"4398985192396"}
2019-09-23 10:30:22"{\"success\":\"false\",\"errorCode\":\"ERROR_PARAM_INVALID\",\"errorMsg\":\"the param is invalid\"}"{"orderId":null,"cnId":"4398985192396"}
2019-09-23 11:00:14"{\"mailNo\":\"AEWH0000751395RU4\",\"success\":\"true\"}"{"orderId":"149194511794","cnId":"4398985192396"}
2019-09-23 11:00:27"{\"success\":\"true\"}"{"orderId":"149597755927","cnId":"4398985192396"}
2019-09-23 11:30:14"{\"success\":\"false\",\"errorCode\":\"ERROR_PARAM_INVALID\",\"errorMsg\":\"the param is invalid\"}"{"orderId":null,"cnId":"4398985192396"}
2019-09-23 12:00:15"{\"success\":\"false\",\"errorCode\":\"ERROR_PARAM_INVALID\",\"errorMsg\":\"the param is invalid\"}"{"orderId":null,"cnId":"4398985192396"}
2019-09-23 13:30:11"{\"mailNo\":\"AEWH0000751924RU4\",\"success\":\"true\"}"{"orderId":"149212204837","cnId":"4398983084403"}
2019-09-23 13:30:23"{\"mailNo\":\"AEWH0000751895RU4\",\"success\":\"true\"}"{"orderId":"149211875197","cnId":"4398985192396"}
2019-09-23 14:30:13"{\"mailNo\":\"AEWH0000752157RU4\",\"success\":\"true\"}"{"orderId":"149621868405","cnId":"4398985192396"}
2019-09-23 17:30:16"{\"mailNo\":\"AEWH0000752544RU4\",\"success\":\"true\"}"{"orderId":"145948665808","cnId":"4398985192396"}
2019-09-23 18:30:13"{\"mailNo\":\"AEWH0000752820RU4\",\"success\":\"true\"}"{"orderId":"149244442153","cnId":"4398985192396"}
2019-09-23 19:30:11"{\"mailNo\":\"AEWH0000753004RU4\",\"success\":\"true\"}"{"orderId":"149249104915","cnId":"4398983084403"}
2019-09-24 12:00:07"{\"success\":false,\"errorCode\":\"S100\",\"errorMsg\":\"\u4e1a\u52a1\u62a5\u6587\u53c2\u6570\u6821\u9a8c\u4e0d\u901a\u8fc7:\u6807\u51c6xml\u8f6c\u6362\u8bf7\u6c42\u6570\u636e\u5bf9\u8c61\u5f02\u5e38\uff1ajava.lang.NumberFormatException:For input string: \"YeedKrt1hYfbgqeIfHhTJ2\"\n\tjava.lang.NumberFormatException.forInputString(NumberFormatException.java:65)\n\tjava.lang.Long.parseLong(Long.java:589)\n\tjava.lang.Long.valueOf(Long.java:803)\n\tcom.taobao.pac.sdk.mapping.converter.BaseTypeConverter.convert(BaseTypeConverter.java:39)\n\tcom.taobao.pac.sdk.mapping.converter.AtomicConverter.deserialize(AtomicConverter.java:29)\n\tcom.taobao.pac.sdk.mapping.type.AtomicType.deserialize(AtomicType.java:184)\n\tcom.taobao.pac.sdk.mapping.om.OMXmlDeserializer.deserializeAtomicType(OMXmlDeserializer.java:472)\n\tcom.taobao.pac.sdk.mapping.om.OMXmlDeserializer.deserializeObj(OMXmlDeserializer.java:183)\n\tcom.taobao.pac.sdk.mapping.om.OMXmlDeserializer.deserializeComplexType(OMXmlDeserializer.java:274)\n\tcom.taobao.pac.sdk.mapping.om.OMXmlDeserializer.deserializeObj(OMXmlDeserializer.java:189)\n\tcom.taobao.pac.sdk.mapping.om.OMXmlDeserializer.deserialize(OMXmlDeserializer.java:78)\n\tcom.taobao.pac.sdk.mapping.om.OMDeserializer.deserializeMultiple(OMDeserializer.java:144)\n\tcom.taobao.pac.sdk.mapping.tool.MappingUtil.deserializeRequest(MappingUtil.java:62)\n\tcom.taobao.pac.client.ReceiveServiceProxyImpl.getRequestDataObjectFromString(ReceiveServiceProxyImpl.java:97)\n\tcom.taobao.pac.client.ReceiveServiceProxyImpl.invoke(ReceiveServiceProxyImpl.java:41)\n\tsun.reflect.GeneratedMethodAccessor237.invoke(Unknown Source)\n\tsun.reflect.DelegatingMethodAccessorImpl.invoke(DelegatingMethodAccessorImpl.java:43)\n\tjava.lang.reflect.Method.invoke(Method.java:498)\n\tcom.taobao.hsf.remoting.provider.ReflectInvocationHandler.handleRequest0(ReflectInvocationHandler.java:83)\n\tcom.taobao.hsf.remoting.provider.ReflectInvocationHandler.invoke(ReflectInvocationHandler.java:163)\n\tcom.taobao.hsf2dubbo.DubboServerFilterAsyncInvocationHandlerInterceptor.invoke(DubboServerFilterAsyncInvocationHandlerInterceptor.java:54)\n\tcom.taobao.hsf.filter.FilterInvocationHandler.invoke(FilterInvocationHandler.java:38)\n\tcom.taobao.hsf.invocation.filter.RPCFilterBuilder$TailNode.invoke(RPCFilterBuilder.java:165)\n\tcom.alibaba.global.satellite.filter.SatelliteHSFServerFilter.invoke(SatelliteHSFServerFilter.java:30)\n\tcom.taobao.hsf.invocation.filter.RPCFilterNode.invoke(RPCFilterNode.java:71)\n\tcom.taobao.hsf.debug.DebugServerFilter.invoke(DebugServerFilter.java:25)\n\tcom.taobao.hsf.invocation.filter.RPCFilterNode.invoke(RPCFilterNode.java:71)\n\tcom.taobao.hsf.unit.service.impl.UnitServerFilter.invoke(UnitServerFilter.java:66)\n\tcom.taobao.hsf.invocation.filter.RPCFilterNode.invoke(RPCFilterNode.java:71)\n\tcom.taobao.hsf.region.service.impl.RegionServerFilter.invoke(RegionServerFilter.java:42)\n\tcom.taobao.hsf.invocation.filter.RPCFilterNode.invoke(RPCFilterNode.java:71)\n\tcom.taobao.hsf.plugins.octopus.OctopusServerFilter.invoke(OctopusServerFilter.java:72)\n\tcom.taobao.hsf.invocation.filter.RPCFilterNode.invoke(RPCFilterNode.java:71)\n\tcom.taobao.hsf.plugins.spas.SpasServerFilter.invoke(SpasServerFilter.java:76)\n\tcom.taobao.hsf.invocation.filter.RPCFilterNode.invoke(RPCFilterNode.java:71)\n\tcom.taobao.hsf.plugins.txc.TXCServerFilter.invoke(TXCServerFilter.java:35)\n\tcom.taobao.hsf.invocation.filter.RPCFilterNode.invoke(RPCFilterNode.java:71)\n\tcom.taobao.hsf.tps.component.TPSServerFilter.invoke(TPSServerFilter.java:68)\n\tcom.taobao.hsf.invocation.filter.RPCFilterNode.invoke(RPCFilterNode.java:71)\n\tcom.taobao.hsf.invocation.stats.InvocationStatsServerFilter.invoke(InvocationStatsServerFilter.java:47)\n\tcom.taobao.hsf.invocation.filter.RPCFilterNode.invoke(RPCFilterNode.java:71)\n\tcom.taobao.hsf.monitor.log.filter.MonitorLogServerFilter.invoke(MonitorLogServerFilter.java:45)\n\tcom.taobao.hsf.invocation.filter.RPCFilterNode.invoke(RPCFilterNode.java:71)\n\tcom.taobao.hsf.profiler.ProfilerServerFilter.invoke(ProfilerServerFilter.java:32)\n\tcom.taobao.hsf.invocation.filter.RPCFilterNode.invoke(RPCFilterNode.java:71)\n\tcom.taobao.hsf.plugins.eagleeye.EagleEyeServerFilter.invoke(EagleEyeServerFilter.java:66)\n\tcom.taobao.hsf.invocation.filter.RPCFilterNode.invoke(RPCFilterNode.java:71)\n\tcom.taobao.hsf.filter.QosServerFilter.invoke(QosServerFilter.java:60)\n\tcom.taobao.hsf.invocation.filter.RPCFilterNode.invoke(RPCFilterNode.java:71)\n\tcom.taobao.hsf.rpc.server.MethodAbsenceFilter.invoke(MethodAbsenceFilter.java:48)\n\tcom.taobao.hsf.invocation.filter.RPCFilterNode.invoke(RPCFilterNode.java:71)\n\tcom.taobao.hsf.rpc.server.EchoFilter.invoke(EchoFilter.java:45)\n\tcom.taobao.hsf.invocation.filter.RPCFilterNode.invoke(RPCFilterNode.java:71)\n\tcom.taobao.hsf.rpc.generic.GenericInvocationServerFilter.invoke(GenericInvocationServerFilter.java:107)\n\tcom.taobao.hsf.invocation.filter.RPCFilterNode.invoke(RPCFilterNode.java:71)\n\tcom.taobao.hsf2dubbo.DubboGenericServerFilter.invoke(DubboGenericServerFilter.java:37)\n\tcom.taobao.hsf.invocation.filter.RPCFilterNode.invoke(RPCFilterNode.java:71)\n\tcom.taobao.hsf.top.TopServerFilter.invoke(TopServerFilter.java:87)\n\tcom.taobao.hsf.invocation.filter.RPCFilterNode.invoke(RPCFilterNode.java:71)\n\tcom.taobao.hsf.rpc.server.ServiceAbsenceFilter.invoke(ServiceAbsenceFilter.java:47)\n\tcom.taobao.hsf.invocation.filter.RPCFilterNode.invoke(RPCFilterNode.java:71)\n\tcom.taobao.hsf.common.filter.CommonServerFilter.invoke(CommonServerFilter.java:24)\n\tcom.taobao.hsf.invocation.filter.RPCFilterNode.invoke(RPCFilterNode.java:71)\n\tcom.taobao.hsf2dubbo.context.DubboRPCContextServerFilter.invoke(DubboRPCContextServerFilter.java:48)\n\tcom.taobao.hsf.invocation.filter.RPCFilterNode.invoke(RPCFilterNode.java:71)\n\tcom.taobao.hsf.context.RPCContextServerFilter.invoke(RPCContextServerFilter.java:39)\n\tcom.taobao.hsf.invocation.filter.RPCFilterNode.invoke(RPCFilterNode.java:71)\n\tcom.taobao.hsf.invocation.filter.RPCFilterBuilder$HeadNode.invoke(RPCFilterBuilder.java:134)\n\tcom.taobao.hsf.invocation.filter.FilterInvocationHandler.invoke(FilterInvocationHandler.java:28)\n\tcom.taobao.hsf.remoting.provider.ServerContextInvocationHandler.invoke(ServerContextInvocationHandler.java:35)\n\tcom.taobao.hsf.remoting.provider.ProviderProcessor.handleRequest(ProviderProcessor.java:53)\n\tcom.taobao.hsf.io.remoting.hsf.message.HSFServerHandler$1.run(HSFServerHandler.java:169)\n\tjava.util.concurrent.ThreadPoolExecutor.runWorker(ThreadPoolExecutor.java:1152)\n\tjava.util.concurrent.ThreadPoolExecutor$Worker.run(ThreadPoolExecutor.java:627)\n\tjava.lang.Thread.run(Thread.java:852)\n\"}"{"orderId":"YeedKrt1hYfbgqeIfHhTJ2","cnId":"4398983084403"}
2019-09-24 12:00:11"{\"success\":false,\"errorCode\":\"S100\",\"errorMsg\":\"\u4e1a\u52a1\u62a5\u6587\u53c2\u6570\u6821\u9a8c\u4e0d\u901a\u8fc7:\u6807\u51c6xml\u8f6c\u6362\u8bf7\u6c42\u6570\u636e\u5bf9\u8c61\u5f02\u5e38\uff1ajava.lang.NumberFormatException:For input string: \"rVpkRdRxiFwmmK9JdKEj51\"\n\tjava.lang.NumberFormatException.forInputString(NumberFormatException.java:65)\n\tjava.lang.Long.parseLong(Long.java:589)\n\tjava.lang.Long.valueOf(Long.java:803)\n\tcom.taobao.pac.sdk.mapping.converter.BaseTypeConverter.convert(BaseTypeConverter.java:39)\n\tcom.taobao.pac.sdk.mapping.converter.AtomicConverter.deserialize(AtomicConverter.java:29)\n\tcom.taobao.pac.sdk.mapping.type.AtomicType.deserialize(AtomicType.java:184)\n\tcom.taobao.pac.sdk.mapping.om.OMXmlDeserializer.deserializeAtomicType(OMXmlDeserializer.java:472)\n\tcom.taobao.pac.sdk.mapping.om.OMXmlDeserializer.deserializeObj(OMXmlDeserializer.java:183)\n\tcom.taobao.pac.sdk.mapping.om.OMXmlDeserializer.deserializeComplexType(OMXmlDeserializer.java:274)\n\tcom.taobao.pac.sdk.mapping.om.OMXmlDeserializer.deserializeObj(OMXmlDeserializer.java:189)\n\tcom.taobao.pac.sdk.mapping.om.OMXmlDeserializer.deserialize(OMXmlDeserializer.java:78)\n\tcom.taobao.pac.sdk.mapping.om.OMDeserializer.deserializeMultiple(OMDeserializer.java:144)\n\tcom.taobao.pac.sdk.mapping.tool.MappingUtil.deserializeRequest(MappingUtil.java:62)\n\tcom.taobao.pac.client.ReceiveServiceProxyImpl.getRequestDataObjectFromString(ReceiveServiceProxyImpl.java:97)\n\tcom.taobao.pac.client.ReceiveServiceProxyImpl.invoke(ReceiveServiceProxyImpl.java:41)\n\tsun.reflect.GeneratedMethodAccessor238.invoke(Unknown Source)\n\tsun.reflect.DelegatingMethodAccessorImpl.invoke(DelegatingMethodAccessorImpl.java:43)\n\tjava.lang.reflect.Method.invoke(Method.java:498)\n\tcom.taobao.hsf.remoting.provider.ReflectInvocationHandler.handleRequest0(ReflectInvocationHandler.java:83)\n\tcom.taobao.hsf.remoting.provider.ReflectInvocationHandler.invoke(ReflectInvocationHandler.java:163)\n\tcom.taobao.hsf2dubbo.DubboServerFilterAsyncInvocationHandlerInterceptor.invoke(DubboServerFilterAsyncInvocationHandlerInterceptor.java:54)\n\tcom.taobao.hsf.filter.FilterInvocationHandler.invoke(FilterInvocationHandler.java:38)\n\tcom.taobao.hsf.invocation.filter.RPCFilterBuilder$TailNode.invoke(RPCFilterBuilder.java:165)\n\tcom.alibaba.global.satellite.filter.SatelliteHSFServerFilter.invoke(SatelliteHSFServerFilter.java:30)\n\tcom.taobao.hsf.invocation.filter.RPCFilterNode.invoke(RPCFilterNode.java:71)\n\tcom.taobao.hsf.debug.DebugServerFilter.invoke(DebugServerFilter.java:25)\n\tcom.taobao.hsf.invocation.filter.RPCFilterNode.invoke(RPCFilterNode.java:71)\n\tcom.taobao.hsf.unit.service.impl.UnitServerFilter.invoke(UnitServerFilter.java:66)\n\tcom.taobao.hsf.invocation.filter.RPCFilterNode.invoke(RPCFilterNode.java:71)\n\tcom.taobao.hsf.region.service.impl.RegionServerFilter.invoke(RegionServerFilter.java:42)\n\tcom.taobao.hsf.invocation.filter.RPCFilterNode.invoke(RPCFilterNode.java:71)\n\tcom.taobao.hsf.plugins.octopus.OctopusServerFilter.invoke(OctopusServerFilter.java:72)\n\tcom.taobao.hsf.invocation.filter.RPCFilterNode.invoke(RPCFilterNode.java:71)\n\tcom.taobao.hsf.plugins.spas.SpasServerFilter.invoke(SpasServerFilter.java:76)\n\tcom.taobao.hsf.invocation.filter.RPCFilterNode.invoke(RPCFilterNode.java:71)\n\tcom.taobao.hsf.plugins.txc.TXCServerFilter.invoke(TXCServerFilter.java:35)\n\tcom.taobao.hsf.invocation.filter.RPCFilterNode.invoke(RPCFilterNode.java:71)\n\tcom.taobao.hsf.tps.component.TPSServerFilter.invoke(TPSServerFilter.java:68)\n\tcom.taobao.hsf.invocation.filter.RPCFilterNode.invoke(RPCFilterNode.java:71)\n\tcom.taobao.hsf.invocation.stats.InvocationStatsServerFilter.invoke(InvocationStatsServerFilter.java:47)\n\tcom.taobao.hsf.invocation.filter.RPCFilterNode.invoke(RPCFilterNode.java:71)\n\tcom.taobao.hsf.monitor.log.filter.MonitorLogServerFilter.invoke(MonitorLogServerFilter.java:45)\n\tcom.taobao.hsf.invocation.filter.RPCFilterNode.invoke(RPCFilterNode.java:71)\n\tcom.taobao.hsf.profiler.ProfilerServerFilter.invoke(ProfilerServerFilter.java:32)\n\tcom.taobao.hsf.invocation.filter.RPCFilterNode.invoke(RPCFilterNode.java:71)\n\tcom.taobao.hsf.plugins.eagleeye.EagleEyeServerFilter.invoke(EagleEyeServerFilter.java:66)\n\tcom.taobao.hsf.invocation.filter.RPCFilterNode.invoke(RPCFilterNode.java:71)\n\tcom.taobao.hsf.filter.QosServerFilter.invoke(QosServerFilter.java:60)\n\tcom.taobao.hsf.invocation.filter.RPCFilterNode.invoke(RPCFilterNode.java:71)\n\tcom.taobao.hsf.rpc.server.MethodAbsenceFilter.invoke(MethodAbsenceFilter.java:48)\n\tcom.taobao.hsf.invocation.filter.RPCFilterNode.invoke(RPCFilterNode.java:71)\n\tcom.taobao.hsf.rpc.server.EchoFilter.invoke(EchoFilter.java:45)\n\tcom.taobao.hsf.invocation.filter.RPCFilterNode.invoke(RPCFilterNode.java:71)\n\tcom.taobao.hsf.rpc.generic.GenericInvocationServerFilter.invoke(GenericInvocationServerFilter.java:107)\n\tcom.taobao.hsf.invocation.filter.RPCFilterNode.invoke(RPCFilterNode.java:71)\n\tcom.taobao.hsf2dubbo.DubboGenericServerFilter.invoke(DubboGenericServerFilter.java:37)\n\tcom.taobao.hsf.invocation.filter.RPCFilterNode.invoke(RPCFilterNode.java:71)\n\tcom.taobao.hsf.top.TopServerFilter.invoke(TopServerFilter.java:87)\n\tcom.taobao.hsf.invocation.filter.RPCFilterNode.invoke(RPCFilterNode.java:71)\n\tcom.taobao.hsf.rpc.server.ServiceAbsenceFilter.invoke(ServiceAbsenceFilter.java:47)\n\tcom.taobao.hsf.invocation.filter.RPCFilterNode.invoke(RPCFilterNode.java:71)\n\tcom.taobao.hsf.common.filter.CommonServerFilter.invoke(CommonServerFilter.java:24)\n\tcom.taobao.hsf.invocation.filter.RPCFilterNode.invoke(RPCFilterNode.java:71)\n\tcom.taobao.hsf2dubbo.context.DubboRPCContextServerFilter.invoke(DubboRPCContextServerFilter.java:48)\n\tcom.taobao.hsf.invocation.filter.RPCFilterNode.invoke(RPCFilterNode.java:71)\n\tcom.taobao.hsf.context.RPCContextServerFilter.invoke(RPCContextServerFilter.java:39)\n\tcom.taobao.hsf.invocation.filter.RPCFilterNode.invoke(RPCFilterNode.java:71)\n\tcom.taobao.hsf.invocation.filter.RPCFilterBuilder$HeadNode.invoke(RPCFilterBuilder.java:134)\n\tcom.taobao.hsf.invocation.filter.FilterInvocationHandler.invoke(FilterInvocationHandler.java:28)\n\tcom.taobao.hsf.remoting.provider.ServerContextInvocationHandler.invoke(ServerContextInvocationHandler.java:35)\n\tcom.taobao.hsf.remoting.provider.ProviderProcessor.handleRequest(ProviderProcessor.java:53)\n\tcom.taobao.hsf.io.remoting.hsf.message.HSFServerHandler$1.run(HSFServerHandler.java:169)\n\tjava.util.concurrent.ThreadPoolExecutor.runWorker(ThreadPoolExecutor.java:1152)\n\tjava.util.concurrent.ThreadPoolExecutor$Worker.run(ThreadPoolExecutor.java:627)\n\tjava.lang.Thread.run(Thread.java:852)\n\"}"{"orderId":"rVpkRdRxiFwmmK9JdKEj51","cnId":"4398985192396"}
2019-09-24 12:00:14"{\"success\":false,\"errorCode\":\"S100\",\"errorMsg\":\"\u4e1a\u52a1\u62a5\u6587\u53c2\u6570\u6821\u9a8c\u4e0d\u901a\u8fc7:\u6807\u51c6xml\u8f6c\u6362\u8bf7\u6c42\u6570\u636e\u5bf9\u8c61\u5f02\u5e38\uff1ajava.lang.NumberFormatException:For input string: \"wsTRZ99rhDVIe4eJNwpYv0\"\n\tjava.lang.NumberFormatException.forInputString(NumberFormatException.java:65)\n\tjava.lang.Long.parseLong(Long.java:589)\n\tjava.lang.Long.valueOf(Long.java:803)\n\tcom.taobao.pac.sdk.mapping.converter.BaseTypeConverter.convert(BaseTypeConverter.java:39)\n\tcom.taobao.pac.sdk.mapping.converter.AtomicConverter.deserialize(AtomicConverter.java:29)\n\tcom.taobao.pac.sdk.mapping.type.AtomicType.deserialize(AtomicType.java:184)\n\tcom.taobao.pac.sdk.mapping.om.OMXmlDeserializer.deserializeAtomicType(OMXmlDeserializer.java:472)\n\tcom.taobao.pac.sdk.mapping.om.OMXmlDeserializer.deserializeObj(OMXmlDeserializer.java:183)\n\tcom.taobao.pac.sdk.mapping.om.OMXmlDeserializer.deserializeComplexType(OMXmlDeserializer.java:274)\n\tcom.taobao.pac.sdk.mapping.om.OMXmlDeserializer.deserializeObj(OMXmlDeserializer.java:189)\n\tcom.taobao.pac.sdk.mapping.om.OMXmlDeserializer.deserialize(OMXmlDeserializer.java:78)\n\tcom.taobao.pac.sdk.mapping.om.OMDeserializer.deserializeMultiple(OMDeserializer.java:144)\n\tcom.taobao.pac.sdk.mapping.tool.MappingUtil.deserializeRequest(MappingUtil.java:62)\n\tcom.taobao.pac.client.ReceiveServiceProxyImpl.getRequestDataObjectFromString(ReceiveServiceProxyImpl.java:97)\n\tcom.taobao.pac.client.ReceiveServiceProxyImpl.invoke(ReceiveServiceProxyImpl.java:41)\n\tsun.reflect.GeneratedMethodAccessor237.invoke(Unknown Source)\n\tsun.reflect.DelegatingMethodAccessorImpl.invoke(DelegatingMethodAccessorImpl.java:43)\n\tjava.lang.reflect.Method.invoke(Method.java:498)\n\tcom.taobao.hsf.remoting.provider.ReflectInvocationHandler.handleRequest0(ReflectInvocationHandler.java:83)\n\tcom.taobao.hsf.remoting.provider.ReflectInvocationHandler.invoke(ReflectInvocationHandler.java:163)\n\tcom.taobao.hsf2dubbo.DubboServerFilterAsyncInvocationHandlerInterceptor.invoke(DubboServerFilterAsyncInvocationHandlerInterceptor.java:54)\n\tcom.taobao.hsf.filter.FilterInvocationHandler.invoke(FilterInvocationHandler.java:38)\n\tcom.taobao.hsf.invocation.filter.RPCFilterBuilder$TailNode.invoke(RPCFilterBuilder.java:165)\n\tcom.alibaba.global.satellite.filter.SatelliteHSFServerFilter.invoke(SatelliteHSFServerFilter.java:30)\n\tcom.taobao.hsf.invocation.filter.RPCFilterNode.invoke(RPCFilterNode.java:71)\n\tcom.taobao.hsf.debug.DebugServerFilter.invoke(DebugServerFilter.java:25)\n\tcom.taobao.hsf.invocation.filter.RPCFilterNode.invoke(RPCFilterNode.java:71)\n\tcom.taobao.hsf.unit.service.impl.UnitServerFilter.invoke(UnitServerFilter.java:66)\n\tcom.taobao.hsf.invocation.filter.RPCFilterNode.invoke(RPCFilterNode.java:71)\n\tcom.taobao.hsf.region.service.impl.RegionServerFilter.invoke(RegionServerFilter.java:42)\n\tcom.taobao.hsf.invocation.filter.RPCFilterNode.invoke(RPCFilterNode.java:71)\n\tcom.taobao.hsf.plugins.octopus.OctopusServerFilter.invoke(OctopusServerFilter.java:72)\n\tcom.taobao.hsf.invocation.filter.RPCFilterNode.invoke(RPCFilterNode.java:71)\n\tcom.taobao.hsf.plugins.spas.SpasServerFilter.invoke(SpasServerFilter.java:76)\n\tcom.taobao.hsf.invocation.filter.RPCFilterNode.invoke(RPCFilterNode.java:71)\n\tcom.taobao.hsf.plugins.txc.TXCServerFilter.invoke(TXCServerFilter.java:35)\n\tcom.taobao.hsf.invocation.filter.RPCFilterNode.invoke(RPCFilterNode.java:71)\n\tcom.taobao.hsf.tps.component.TPSServerFilter.invoke(TPSServerFilter.java:68)\n\tcom.taobao.hsf.invocation.filter.RPCFilterNode.invoke(RPCFilterNode.java:71)\n\tcom.taobao.hsf.invocation.stats.InvocationStatsServerFilter.invoke(InvocationStatsServerFilter.java:47)\n\tcom.taobao.hsf.invocation.filter.RPCFilterNode.invoke(RPCFilterNode.java:71)\n\tcom.taobao.hsf.monitor.log.filter.MonitorLogServerFilter.invoke(MonitorLogServerFilter.java:45)\n\tcom.taobao.hsf.invocation.filter.RPCFilterNode.invoke(RPCFilterNode.java:71)\n\tcom.taobao.hsf.profiler.ProfilerServerFilter.invoke(ProfilerServerFilter.java:32)\n\tcom.taobao.hsf.invocation.filter.RPCFilterNode.invoke(RPCFilterNode.java:71)\n\tcom.taobao.hsf.plugins.eagleeye.EagleEyeServerFilter.invoke(EagleEyeServerFilter.java:66)\n\tcom.taobao.hsf.invocation.filter.RPCFilterNode.invoke(RPCFilterNode.java:71)\n\tcom.taobao.hsf.filter.QosServerFilter.invoke(QosServerFilter.java:60)\n\tcom.taobao.hsf.invocation.filter.RPCFilterNode.invoke(RPCFilterNode.java:71)\n\tcom.taobao.hsf.rpc.server.MethodAbsenceFilter.invoke(MethodAbsenceFilter.java:48)\n\tcom.taobao.hsf.invocation.filter.RPCFilterNode.invoke(RPCFilterNode.java:71)\n\tcom.taobao.hsf.rpc.server.EchoFilter.invoke(EchoFilter.java:45)\n\tcom.taobao.hsf.invocation.filter.RPCFilterNode.invoke(RPCFilterNode.java:71)\n\tcom.taobao.hsf.rpc.generic.GenericInvocationServerFilter.invoke(GenericInvocationServerFilter.java:107)\n\tcom.taobao.hsf.invocation.filter.RPCFilterNode.invoke(RPCFilterNode.java:71)\n\tcom.taobao.hsf2dubbo.DubboGenericServerFilter.invoke(DubboGenericServerFilter.java:37)\n\tcom.taobao.hsf.invocation.filter.RPCFilterNode.invoke(RPCFilterNode.java:71)\n\tcom.taobao.hsf.top.TopServerFilter.invoke(TopServerFilter.java:87)\n\tcom.taobao.hsf.invocation.filter.RPCFilterNode.invoke(RPCFilterNode.java:71)\n\tcom.taobao.hsf.rpc.server.ServiceAbsenceFilter.invoke(ServiceAbsenceFilter.java:47)\n\tcom.taobao.hsf.invocation.filter.RPCFilterNode.invoke(RPCFilterNode.java:71)\n\tcom.taobao.hsf.common.filter.CommonServerFilter.invoke(CommonServerFilter.java:24)\n\tcom.taobao.hsf.invocation.filter.RPCFilterNode.invoke(RPCFilterNode.java:71)\n\tcom.taobao.hsf2dubbo.context.DubboRPCContextServerFilter.invoke(DubboRPCContextServerFilter.java:48)\n\tcom.taobao.hsf.invocation.filter.RPCFilterNode.invoke(RPCFilterNode.java:71)\n\tcom.taobao.hsf.context.RPCContextServerFilter.invoke(RPCContextServerFilter.java:39)\n\tcom.taobao.hsf.invocation.filter.RPCFilterNode.invoke(RPCFilterNode.java:71)\n\tcom.taobao.hsf.invocation.filter.RPCFilterBuilder$HeadNode.invoke(RPCFilterBuilder.java:134)\n\tcom.taobao.hsf.invocation.filter.FilterInvocationHandler.invoke(FilterInvocationHandler.java:28)\n\tcom.taobao.hsf.remoting.provider.ServerContextInvocationHandler.invoke(ServerContextInvocationHandler.java:35)\n\tcom.taobao.hsf.remoting.provider.ProviderProcessor.handleRequest(ProviderProcessor.java:53)\n\tcom.taobao.hsf.io.remoting.hsf.message.HSFServerHandler$1.run(HSFServerHandler.java:169)\n\tjava.util.concurrent.ThreadPoolExecutor.runWorker(ThreadPoolExecutor.java:1152)\n\tjava.util.concurrent.ThreadPoolExecutor$Worker.run(ThreadPoolExecutor.java:627)\n\tjava.lang.Thread.run(Thread.java:852)\n\"}"{"orderId":"wsTRZ99rhDVIe4eJNwpYv0","cnId":"4398985192396"}
2019-09-24 12:00:18"{\"success\":false,\"errorCode\":\"S100\",\"errorMsg\":\"\u4e1a\u52a1\u62a5\u6587\u53c2\u6570\u6821\u9a8c\u4e0d\u901a\u8fc7:\u6807\u51c6xml\u8f6c\u6362\u8bf7\u6c42\u6570\u636e\u5bf9\u8c61\u5f02\u5e38\uff1ajava.lang.NumberFormatException:For input string: \"zCCaGG8ohdLnVfSZdc23B2\"\n\tjava.lang.NumberFormatException.forInputString(NumberFormatException.java:65)\n\tjava.lang.Long.parseLong(Long.java:589)\n\tjava.lang.Long.valueOf(Long.java:803)\n\tcom.taobao.pac.sdk.mapping.converter.BaseTypeConverter.convert(BaseTypeConverter.java:39)\n\tcom.taobao.pac.sdk.mapping.converter.AtomicConverter.deserialize(AtomicConverter.java:29)\n\tcom.taobao.pac.sdk.mapping.type.AtomicType.deserialize(AtomicType.java:184)\n\tcom.taobao.pac.sdk.mapping.om.OMXmlDeserializer.deserializeAtomicType(OMXmlDeserializer.java:472)\n\tcom.taobao.pac.sdk.mapping.om.OMXmlDeserializer.deserializeObj(OMXmlDeserializer.java:183)\n\tcom.taobao.pac.sdk.mapping.om.OMXmlDeserializer.deserializeComplexType(OMXmlDeserializer.java:274)\n\tcom.taobao.pac.sdk.mapping.om.OMXmlDeserializer.deserializeObj(OMXmlDeserializer.java:189)\n\tcom.taobao.pac.sdk.mapping.om.OMXmlDeserializer.deserialize(OMXmlDeserializer.java:78)\n\tcom.taobao.pac.sdk.mapping.om.OMDeserializer.deserializeMultiple(OMDeserializer.java:144)\n\tcom.taobao.pac.sdk.mapping.tool.MappingUtil.deserializeRequest(MappingUtil.java:62)\n\tcom.taobao.pac.client.ReceiveServiceProxyImpl.getRequestDataObjectFromString(ReceiveServiceProxyImpl.java:97)\n\tcom.taobao.pac.client.ReceiveServiceProxyImpl.invoke(ReceiveServiceProxyImpl.java:41)\n\tsun.reflect.GeneratedMethodAccessor238.invoke(Unknown Source)\n\tsun.reflect.DelegatingMethodAccessorImpl.invoke(DelegatingMethodAccessorImpl.java:43)\n\tjava.lang.reflect.Method.invoke(Method.java:498)\n\tcom.taobao.hsf.remoting.provider.ReflectInvocationHandler.handleRequest0(ReflectInvocationHandler.java:83)\n\tcom.taobao.hsf.remoting.provider.ReflectInvocationHandler.invoke(ReflectInvocationHandler.java:163)\n\tcom.taobao.hsf2dubbo.DubboServerFilterAsyncInvocationHandlerInterceptor.invoke(DubboServerFilterAsyncInvocationHandlerInterceptor.java:54)\n\tcom.taobao.hsf.filter.FilterInvocationHandler.invoke(FilterInvocationHandler.java:38)\n\tcom.taobao.hsf.invocation.filter.RPCFilterBuilder$TailNode.invoke(RPCFilterBuilder.java:165)\n\tcom.alibaba.global.satellite.filter.SatelliteHSFServerFilter.invoke(SatelliteHSFServerFilter.java:30)\n\tcom.taobao.hsf.invocation.filter.RPCFilterNode.invoke(RPCFilterNode.java:71)\n\tcom.taobao.hsf.debug.DebugServerFilter.invoke(DebugServerFilter.java:25)\n\tcom.taobao.hsf.invocation.filter.RPCFilterNode.invoke(RPCFilterNode.java:71)\n\tcom.taobao.hsf.unit.service.impl.UnitServerFilter.invoke(UnitServerFilter.java:66)\n\tcom.taobao.hsf.invocation.filter.RPCFilterNode.invoke(RPCFilterNode.java:71)\n\tcom.taobao.hsf.region.service.impl.RegionServerFilter.invoke(RegionServerFilter.java:42)\n\tcom.taobao.hsf.invocation.filter.RPCFilterNode.invoke(RPCFilterNode.java:71)\n\tcom.taobao.hsf.plugins.octopus.OctopusServerFilter.invoke(OctopusServerFilter.java:72)\n\tcom.taobao.hsf.invocation.filter.RPCFilterNode.invoke(RPCFilterNode.java:71)\n\tcom.taobao.hsf.plugins.spas.SpasServerFilter.invoke(SpasServerFilter.java:76)\n\tcom.taobao.hsf.invocation.filter.RPCFilterNode.invoke(RPCFilterNode.java:71)\n\tcom.taobao.hsf.plugins.txc.TXCServerFilter.invoke(TXCServerFilter.java:35)\n\tcom.taobao.hsf.invocation.filter.RPCFilterNode.invoke(RPCFilterNode.java:71)\n\tcom.taobao.hsf.tps.component.TPSServerFilter.invoke(TPSServerFilter.java:68)\n\tcom.taobao.hsf.invocation.filter.RPCFilterNode.invoke(RPCFilterNode.java:71)\n\tcom.taobao.hsf.invocation.stats.InvocationStatsServerFilter.invoke(InvocationStatsServerFilter.java:47)\n\tcom.taobao.hsf.invocation.filter.RPCFilterNode.invoke(RPCFilterNode.java:71)\n\tcom.taobao.hsf.monitor.log.filter.MonitorLogServerFilter.invoke(MonitorLogServerFilter.java:45)\n\tcom.taobao.hsf.invocation.filter.RPCFilterNode.invoke(RPCFilterNode.java:71)\n\tcom.taobao.hsf.profiler.ProfilerServerFilter.invoke(ProfilerServerFilter.java:32)\n\tcom.taobao.hsf.invocation.filter.RPCFilterNode.invoke(RPCFilterNode.java:71)\n\tcom.taobao.hsf.plugins.eagleeye.EagleEyeServerFilter.invoke(EagleEyeServerFilter.java:66)\n\tcom.taobao.hsf.invocation.filter.RPCFilterNode.invoke(RPCFilterNode.java:71)\n\tcom.taobao.hsf.filter.QosServerFilter.invoke(QosServerFilter.java:60)\n\tcom.taobao.hsf.invocation.filter.RPCFilterNode.invoke(RPCFilterNode.java:71)\n\tcom.taobao.hsf.rpc.server.MethodAbsenceFilter.invoke(MethodAbsenceFilter.java:48)\n\tcom.taobao.hsf.invocation.filter.RPCFilterNode.invoke(RPCFilterNode.java:71)\n\tcom.taobao.hsf.rpc.server.EchoFilter.invoke(EchoFilter.java:45)\n\tcom.taobao.hsf.invocation.filter.RPCFilterNode.invoke(RPCFilterNode.java:71)\n\tcom.taobao.hsf.rpc.generic.GenericInvocationServerFilter.invoke(GenericInvocationServerFilter.java:107)\n\tcom.taobao.hsf.invocation.filter.RPCFilterNode.invoke(RPCFilterNode.java:71)\n\tcom.taobao.hsf2dubbo.DubboGenericServerFilter.invoke(DubboGenericServerFilter.java:37)\n\tcom.taobao.hsf.invocation.filter.RPCFilterNode.invoke(RPCFilterNode.java:71)\n\tcom.taobao.hsf.top.TopServerFilter.invoke(TopServerFilter.java:87)\n\tcom.taobao.hsf.invocation.filter.RPCFilterNode.invoke(RPCFilterNode.java:71)\n\tcom.taobao.hsf.rpc.server.ServiceAbsenceFilter.invoke(ServiceAbsenceFilter.java:47)\n\tcom.taobao.hsf.invocation.filter.RPCFilterNode.invoke(RPCFilterNode.java:71)\n\tcom.taobao.hsf.common.filter.CommonServerFilter.invoke(CommonServerFilter.java:24)\n\tcom.taobao.hsf.invocation.filter.RPCFilterNode.invoke(RPCFilterNode.java:71)\n\tcom.taobao.hsf2dubbo.context.DubboRPCContextServerFilter.invoke(DubboRPCContextServerFilter.java:48)\n\tcom.taobao.hsf.invocation.filter.RPCFilterNode.invoke(RPCFilterNode.java:71)\n\tcom.taobao.hsf.context.RPCContextServerFilter.invoke(RPCContextServerFilter.java:39)\n\tcom.taobao.hsf.invocation.filter.RPCFilterNode.invoke(RPCFilterNode.java:71)\n\tcom.taobao.hsf.invocation.filter.RPCFilterBuilder$HeadNode.invoke(RPCFilterBuilder.java:134)\n\tcom.taobao.hsf.invocation.filter.FilterInvocationHandler.invoke(FilterInvocationHandler.java:28)\n\tcom.taobao.hsf.remoting.provider.ServerContextInvocationHandler.invoke(ServerContextInvocationHandler.java:35)\n\tcom.taobao.hsf.remoting.provider.ProviderProcessor.handleRequest(ProviderProcessor.java:53)\n\tcom.taobao.hsf.io.remoting.hsf.message.HSFServerHandler$1.run(HSFServerHandler.java:169)\n\tjava.util.concurrent.ThreadPoolExecutor.runWorker(ThreadPoolExecutor.java:1152)\n\tjava.util.concurrent.ThreadPoolExecutor$Worker.run(ThreadPoolExecutor.java:627)\n\tjava.lang.Thread.run(Thread.java:852)\n\"}"{"orderId":"zCCaGG8ohdLnVfSZdc23B2","cnId":"4398983195649"}
2019-09-24 12:30:12"{\"mailNo\":\"AEWH0000754532RU4\",\"success\":\"true\"}"{"orderId":"149741461273","cnId":"4398985192396"}
2019-09-24 16:30:13"{\"mailNo\":\"AEWH0000755202RU4\",\"success\":\"true\"}"{"orderId":"149366554747","cnId":"4398985192396"}
2019-09-25 09:30:15"{\"mailNo\":\"AEWH0000756819RU4\",\"success\":\"true\"}"{"orderId":"146155028665","cnId":"4398985192396"}
2019-09-25 11:00:15"{\"mailNo\":\"AEWH0000757117RU4\",\"success\":\"true\"}"{"orderId":"146166969029","cnId":"4398985192396"}
2019-09-25 14:00:14"{\"mailNo\":\"AEWH0000757766RU4\",\"success\":\"true\"}"{"orderId":"149477092143","cnId":"4398985192396"}
2019-09-25 19:00:15"{\"mailNo\":\"AEWH0000758618RU4\",\"success\":\"true\"}"{"orderId":"149508184680","cnId":"4398985192396"}
2019-09-25 19:00:30"{\"mailNo\":\"AEWH0000758701RU4\",\"success\":\"true\"}"{"orderId":"149507663171","cnId":"4398985192396"}
2019-09-25 19:30:13"{\"mailNo\":\"AEWH0000758727RU4\",\"success\":\"true\"}"{"orderId":"149909695609","cnId":"4398985192396"}
2019-09-26 09:30:14"{\"mailNo\":\"AEWH0000760114RU4\",\"success\":\"true\"}"{"orderId":"149970169308","cnId":"4398983084403"}
2019-09-26 09:30:25"{\"success\":\"false\",\"errorCode\":\"ERROR_PARAM_INVALID\",\"errorMsg\":\"the param is invalid\"}"{"orderId":null,"cnId":"4398985192396"}
2019-09-26 09:30:33"{\"mailNo\":\"AEWH0000760032RU4\",\"success\":\"true\"}"{"orderId":"146280956162","cnId":"4398985192396"}
2019-09-26 10:00:16"{\"mailNo\":\"AEWH0000760100RU4\",\"success\":\"true\"}"{"orderId":"146284376733","cnId":"4398985192396"}
2019-09-26 10:00:25"{\"success\":\"false\",\"errorCode\":\"ERROR_PARAM_INVALID\",\"errorMsg\":\"the param is invalid\"}"{"orderId":null,"cnId":"4398985192396"}
2019-09-26 10:30:13"{\"success\":\"false\",\"errorCode\":\"ERROR_PARAM_INVALID\",\"errorMsg\":\"the param is invalid\"}"{"orderId":null,"cnId":"4398985192396"}
2019-09-26 11:00:15"{\"success\":\"false\",\"errorCode\":\"ERROR_PARAM_INVALID\",\"errorMsg\":\"the param is invalid\"}"{"orderId":null,"cnId":"4398985192396"}
2019-09-26 11:30:13"{\"success\":\"false\",\"errorCode\":\"ERROR_PARAM_INVALID\",\"errorMsg\":\"the param is invalid\"}"{"orderId":null,"cnId":"4398985192396"}
2019-09-26 12:00:14"{\"success\":\"false\",\"errorCode\":\"ERROR_PARAM_INVALID\",\"errorMsg\":\"the param is invalid\"}"{"orderId":null,"cnId":"4398985192396"}
2019-09-26 14:00:16"{\"mailNo\":\"AEWH0000760386RU4\",\"success\":\"true\"}"{"orderId":"146311191987","cnId":"4398985192396"}
2019-09-27 14:00:44"{\"mailNo\":\"AEWH0000760388RU4\",\"success\":\"true\"}"{"orderId":"149723110573","cnId":"4398985192396"}
2019-09-27 18:00:15"{\"success\":\"true\"}"{"orderId":"146455922799","cnId":"4398985192396"}
2019-09-28 01:00:13"{\"mailNo\":\"AEWH0000760473RU4\",\"success\":\"true\"}"{"orderId":"150154020169","cnId":"4398985334183"}
2019-09-29 16:00:13"{\"mailNo\":\"AEWH0000760423RU4\",\"success\":\"true\"}"{"orderId":"150339786666","cnId":"4398985192396"}
2019-09-29 16:00:39"{\"mailNo\":\"AEWH0000760517RU4\",\"success\":\"true\"}"{"orderId":"150340116335","cnId":"4398985192396"}
2019-09-29 16:00:52"{\"success\":\"true\"}"{"orderId":"146655183370","cnId":"4398983195649"}
2019-09-29 16:30:17"{\"mailNo\":\"AEWH0000760392RU4\",\"success\":\"true\"}"{"orderId":"146658171276","cnId":"4398983195649"}
2019-09-30 17:00:16"{\"mailNo\":\"AEWH0000768538RU4\",\"success\":\"true\"}"{"orderId":"146753229817","cnId":"4398985192396"}
2019-09-30 17:00:33"{\"mailNo\":\"AEWH0000768450RU4\",\"success\":\"true\"}"{"orderId":"150437910350","cnId":"4398985192396"}
2019-09-30 17:00:50"{\"mailNo\":\"AEWH0000768539RU4\",\"success\":\"true\"}"{"orderId":"150043361713","cnId":"4398985192396"}
2019-09-30 17:30:15"{\"mailNo\":\"AEWH0000768594RU4\",\"success\":\"true\"}"{"orderId":"146755881959","cnId":"4398985192396"}
2019-10-01 10:00:15"{\"mailNo\":\"AEWH0000769778RU4\",\"success\":\"true\"}"{"orderId":"146804126084","cnId":"4398985192396"}
2019-10-01 10:00:29"{\"mailNo\":\"AEWH0000769695RU4\",\"success\":\"true\"}"{"orderId":"150094444284","cnId":"4398985334183"}
