2020-01-28 10:50:05 5002877639852770 Mpdf\MpdfException: Error detected. PDF file generation aborted: Cannot load module 'pdo_mysql' because required module 'pdo' is not loaded in Unknown:0
Stack trace:
#0 /var/www/user/data/www/aliexpr.avaks.org/integration/src/Customs.php(287): Mpdf\Mpdf->Output(NULL, 'S')
#1 /var/www/user/data/www/aliexpr.avaks.org/integration/ali_express/ali_order_print.php(114): Avaks\Customs->generateCainiaoSticker(Array)
#2 /var/www/user/data/www/aliexpr.avaks.org/integration/ali_express/ali_order_print.php(160): printCainiaoSticker(Object(Avaks\MS\OrderMS), '50002301042q0Os...')
#3 {main}
2020-01-30 11:15:07 tetstts Mpdf\MpdfException: Error detected. PDF file generation aborted: Invalid argument supplied for foreach() in /var/www/user/data/www/aliexpr.avaks.org/integration/ali_express/ali_order_print.php:87
Stack trace:
#0 /var/www/user/data/www/aliexpr.avaks.org/integration/src/Customs.php(287): Mpdf\Mpdf->Output(NULL, 'S')
#1 /var/www/user/data/www/aliexpr.avaks.org/integration/ali_express/ali_order_print.php(116): Avaks\Customs->generateCainiaoSticker(Array)
#2 /var/www/user/data/www/aliexpr.avaks.org/integration/ali_express/ali_order_print.php(162): printCainiaoSticker(Object(Avaks\MS\OrderMS), '')
#3 {main}
2020-01-30 11:45:08 tetstts Mpdf\MpdfException: Error detected. PDF file generation aborted: Invalid argument supplied for foreach() in /var/www/user/data/www/aliexpr.avaks.org/integration/ali_express/ali_order_print.php:87
Stack trace:
#0 /var/www/user/data/www/aliexpr.avaks.org/integration/src/Customs.php(287): Mpdf\Mpdf->Output(NULL, 'S')
#1 /var/www/user/data/www/aliexpr.avaks.org/integration/ali_express/ali_order_print.php(116): Avaks\Customs->generateCainiaoSticker(Array)
#2 /var/www/user/data/www/aliexpr.avaks.org/integration/ali_express/ali_order_print.php(162): printCainiaoSticker(Object(Avaks\MS\OrderMS), '')
#3 {main}
2020-01-30 14:00:06 tetstts Mpdf\MpdfException: Error detected. PDF file generation aborted: Invalid argument supplied for foreach() in /var/www/user/data/www/aliexpr.avaks.org/integration/ali_express/ali_order_print.php:87
Stack trace:
#0 /var/www/user/data/www/aliexpr.avaks.org/integration/src/Customs.php(287): Mpdf\Mpdf->Output(NULL, 'S')
#1 /var/www/user/data/www/aliexpr.avaks.org/integration/ali_express/ali_order_print.php(116): Avaks\Customs->generateCainiaoSticker(Array)
#2 /var/www/user/data/www/aliexpr.avaks.org/integration/ali_express/ali_order_print.php(162): printCainiaoSticker(Object(Avaks\MS\OrderMS), '')
#3 {main}
2020-01-30 16:30:13 tetstts Mpdf\MpdfException: Error detected. PDF file generation aborted: Invalid argument supplied for foreach() in /var/www/user/data/www/aliexpr.avaks.org/integration/ali_express/ali_order_print.php:87
Stack trace:
#0 /var/www/user/data/www/aliexpr.avaks.org/integration/src/Customs.php(287): Mpdf\Mpdf->Output(NULL, 'S')
#1 /var/www/user/data/www/aliexpr.avaks.org/integration/ali_express/ali_order_print.php(116): Avaks\Customs->generateCainiaoSticker(Array)
#2 /var/www/user/data/www/aliexpr.avaks.org/integration/ali_express/ali_order_print.php(162): printCainiaoSticker(Object(Avaks\MS\OrderMS), '')
#3 {main}
2020-01-30 16:45:08 tetstts Mpdf\MpdfException: Error detected. PDF file generation aborted: Invalid argument supplied for foreach() in /var/www/user/data/www/aliexpr.avaks.org/integration/ali_express/ali_order_print.php:87
Stack trace:
#0 /var/www/user/data/www/aliexpr.avaks.org/integration/src/Customs.php(287): Mpdf\Mpdf->Output(NULL, 'S')
#1 /var/www/user/data/www/aliexpr.avaks.org/integration/ali_express/ali_order_print.php(116): Avaks\Customs->generateCainiaoSticker(Array)
#2 /var/www/user/data/www/aliexpr.avaks.org/integration/ali_express/ali_order_print.php(162): printCainiaoSticker(Object(Avaks\MS\OrderMS), '')
#3 {main}
2020-01-30 17:00:13 tetstts Mpdf\MpdfException: Error detected. PDF file generation aborted: Invalid argument supplied for foreach() in /var/www/user/data/www/aliexpr.avaks.org/integration/ali_express/ali_order_print.php:87
Stack trace:
#0 /var/www/user/data/www/aliexpr.avaks.org/integration/src/Customs.php(287): Mpdf\Mpdf->Output(NULL, 'S')
#1 /var/www/user/data/www/aliexpr.avaks.org/integration/ali_express/ali_order_print.php(116): Avaks\Customs->generateCainiaoSticker(Array)
#2 /var/www/user/data/www/aliexpr.avaks.org/integration/ali_express/ali_order_print.php(162): printCainiaoSticker(Object(Avaks\MS\OrderMS), '')
#3 {main}
2020-01-30 17:15:08 tetstts Mpdf\MpdfException: Error detected. PDF file generation aborted: Invalid argument supplied for foreach() in /var/www/user/data/www/aliexpr.avaks.org/integration/ali_express/ali_order_print.php:87
Stack trace:
#0 /var/www/user/data/www/aliexpr.avaks.org/integration/src/Customs.php(287): Mpdf\Mpdf->Output(NULL, 'S')
#1 /var/www/user/data/www/aliexpr.avaks.org/integration/ali_express/ali_order_print.php(116): Avaks\Customs->generateCainiaoSticker(Array)
#2 /var/www/user/data/www/aliexpr.avaks.org/integration/ali_express/ali_order_print.php(162): printCainiaoSticker(Object(Avaks\MS\OrderMS), '')
#3 {main}
2020-01-30 17:30:09 tetstts Mpdf\MpdfException: Error detected. PDF file generation aborted: Invalid argument supplied for foreach() in /var/www/user/data/www/aliexpr.avaks.org/integration/ali_express/ali_order_print.php:87
Stack trace:
#0 /var/www/user/data/www/aliexpr.avaks.org/integration/src/Customs.php(287): Mpdf\Mpdf->Output(NULL, 'S')
#1 /var/www/user/data/www/aliexpr.avaks.org/integration/ali_express/ali_order_print.php(116): Avaks\Customs->generateCainiaoSticker(Array)
#2 /var/www/user/data/www/aliexpr.avaks.org/integration/ali_express/ali_order_print.php(162): printCainiaoSticker(Object(Avaks\MS\OrderMS), '')
#3 {main}
2020-01-30 17:45:09 tetstts Mpdf\MpdfException: Error detected. PDF file generation aborted: Invalid argument supplied for foreach() in /var/www/user/data/www/aliexpr.avaks.org/integration/ali_express/ali_order_print.php:87
Stack trace:
#0 /var/www/user/data/www/aliexpr.avaks.org/integration/src/Customs.php(287): Mpdf\Mpdf->Output(NULL, 'S')
#1 /var/www/user/data/www/aliexpr.avaks.org/integration/ali_express/ali_order_print.php(116): Avaks\Customs->generateCainiaoSticker(Array)
#2 /var/www/user/data/www/aliexpr.avaks.org/integration/ali_express/ali_order_print.php(162): printCainiaoSticker(Object(Avaks\MS\OrderMS), '')
#3 {main}
2020-01-30 18:00:13 tetstts Mpdf\MpdfException: Error detected. PDF file generation aborted: Invalid argument supplied for foreach() in /var/www/user/data/www/aliexpr.avaks.org/integration/ali_express/ali_order_print.php:87
Stack trace:
#0 /var/www/user/data/www/aliexpr.avaks.org/integration/src/Customs.php(287): Mpdf\Mpdf->Output(NULL, 'S')
#1 /var/www/user/data/www/aliexpr.avaks.org/integration/ali_express/ali_order_print.php(116): Avaks\Customs->generateCainiaoSticker(Array)
#2 /var/www/user/data/www/aliexpr.avaks.org/integration/ali_express/ali_order_print.php(162): printCainiaoSticker(Object(Avaks\MS\OrderMS), '')
#3 {main}
2020-01-30 18:15:08 tetstts Mpdf\MpdfException: Error detected. PDF file generation aborted: Invalid argument supplied for foreach() in /var/www/user/data/www/aliexpr.avaks.org/integration/ali_express/ali_order_print.php:87
Stack trace:
#0 /var/www/user/data/www/aliexpr.avaks.org/integration/src/Customs.php(287): Mpdf\Mpdf->Output(NULL, 'S')
#1 /var/www/user/data/www/aliexpr.avaks.org/integration/ali_express/ali_order_print.php(116): Avaks\Customs->generateCainiaoSticker(Array)
#2 /var/www/user/data/www/aliexpr.avaks.org/integration/ali_express/ali_order_print.php(162): printCainiaoSticker(Object(Avaks\MS\OrderMS), '')
#3 {main}
2020-01-30 18:30:07 tetstts Mpdf\MpdfException: Error detected. PDF file generation aborted: Invalid argument supplied for foreach() in /var/www/user/data/www/aliexpr.avaks.org/integration/ali_express/ali_order_print.php:87
Stack trace:
#0 /var/www/user/data/www/aliexpr.avaks.org/integration/src/Customs.php(287): Mpdf\Mpdf->Output(NULL, 'S')
#1 /var/www/user/data/www/aliexpr.avaks.org/integration/ali_express/ali_order_print.php(116): Avaks\Customs->generateCainiaoSticker(Array)
#2 /var/www/user/data/www/aliexpr.avaks.org/integration/ali_express/ali_order_print.php(162): printCainiaoSticker(Object(Avaks\MS\OrderMS), '')
#3 {main}
2020-01-30 18:45:07 tetstts Mpdf\MpdfException: Error detected. PDF file generation aborted: Invalid argument supplied for foreach() in /var/www/user/data/www/aliexpr.avaks.org/integration/ali_express/ali_order_print.php:87
Stack trace:
#0 /var/www/user/data/www/aliexpr.avaks.org/integration/src/Customs.php(287): Mpdf\Mpdf->Output(NULL, 'S')
#1 /var/www/user/data/www/aliexpr.avaks.org/integration/ali_express/ali_order_print.php(116): Avaks\Customs->generateCainiaoSticker(Array)
#2 /var/www/user/data/www/aliexpr.avaks.org/integration/ali_express/ali_order_print.php(162): printCainiaoSticker(Object(Avaks\MS\OrderMS), '')
#3 {main}
2020-01-30 19:00:11 tetstts Mpdf\MpdfException: Error detected. PDF file generation aborted: Invalid argument supplied for foreach() in /var/www/user/data/www/aliexpr.avaks.org/integration/ali_express/ali_order_print.php:87
Stack trace:
#0 /var/www/user/data/www/aliexpr.avaks.org/integration/src/Customs.php(287): Mpdf\Mpdf->Output(NULL, 'S')
#1 /var/www/user/data/www/aliexpr.avaks.org/integration/ali_express/ali_order_print.php(116): Avaks\Customs->generateCainiaoSticker(Array)
#2 /var/www/user/data/www/aliexpr.avaks.org/integration/ali_express/ali_order_print.php(162): printCainiaoSticker(Object(Avaks\MS\OrderMS), '')
#3 {main}
2020-01-30 19:15:08 tetstts Mpdf\MpdfException: Error detected. PDF file generation aborted: Invalid argument supplied for foreach() in /var/www/user/data/www/aliexpr.avaks.org/integration/ali_express/ali_order_print.php:87
Stack trace:
#0 /var/www/user/data/www/aliexpr.avaks.org/integration/src/Customs.php(287): Mpdf\Mpdf->Output(NULL, 'S')
#1 /var/www/user/data/www/aliexpr.avaks.org/integration/ali_express/ali_order_print.php(116): Avaks\Customs->generateCainiaoSticker(Array)
#2 /var/www/user/data/www/aliexpr.avaks.org/integration/ali_express/ali_order_print.php(162): printCainiaoSticker(Object(Avaks\MS\OrderMS), '')
#3 {main}
2020-01-30 19:30:10 tetstts Mpdf\MpdfException: Error detected. PDF file generation aborted: Invalid argument supplied for foreach() in /var/www/user/data/www/aliexpr.avaks.org/integration/ali_express/ali_order_print.php:87
Stack trace:
#0 /var/www/user/data/www/aliexpr.avaks.org/integration/src/Customs.php(287): Mpdf\Mpdf->Output(NULL, 'S')
#1 /var/www/user/data/www/aliexpr.avaks.org/integration/ali_express/ali_order_print.php(116): Avaks\Customs->generateCainiaoSticker(Array)
#2 /var/www/user/data/www/aliexpr.avaks.org/integration/ali_express/ali_order_print.php(162): printCainiaoSticker(Object(Avaks\MS\OrderMS), '')
#3 {main}
2020-01-30 19:45:06 tetstts Mpdf\MpdfException: Error detected. PDF file generation aborted: Invalid argument supplied for foreach() in /var/www/user/data/www/aliexpr.avaks.org/integration/ali_express/ali_order_print.php:87
Stack trace:
#0 /var/www/user/data/www/aliexpr.avaks.org/integration/src/Customs.php(287): Mpdf\Mpdf->Output(NULL, 'S')
#1 /var/www/user/data/www/aliexpr.avaks.org/integration/ali_express/ali_order_print.php(116): Avaks\Customs->generateCainiaoSticker(Array)
#2 /var/www/user/data/www/aliexpr.avaks.org/integration/ali_express/ali_order_print.php(162): printCainiaoSticker(Object(Avaks\MS\OrderMS), '')
#3 {main}
2020-01-30 20:00:12 tetstts Mpdf\MpdfException: Error detected. PDF file generation aborted: Invalid argument supplied for foreach() in /var/www/user/data/www/aliexpr.avaks.org/integration/ali_express/ali_order_print.php:87
Stack trace:
#0 /var/www/user/data/www/aliexpr.avaks.org/integration/src/Customs.php(287): Mpdf\Mpdf->Output(NULL, 'S')
#1 /var/www/user/data/www/aliexpr.avaks.org/integration/ali_express/ali_order_print.php(116): Avaks\Customs->generateCainiaoSticker(Array)
#2 /var/www/user/data/www/aliexpr.avaks.org/integration/ali_express/ali_order_print.php(162): printCainiaoSticker(Object(Avaks\MS\OrderMS), '')
#3 {main}
2020-01-30 20:15:06 tetstts Mpdf\MpdfException: Error detected. PDF file generation aborted: Invalid argument supplied for foreach() in /var/www/user/data/www/aliexpr.avaks.org/integration/ali_express/ali_order_print.php:87
Stack trace:
#0 /var/www/user/data/www/aliexpr.avaks.org/integration/src/Customs.php(287): Mpdf\Mpdf->Output(NULL, 'S')
#1 /var/www/user/data/www/aliexpr.avaks.org/integration/ali_express/ali_order_print.php(116): Avaks\Customs->generateCainiaoSticker(Array)
#2 /var/www/user/data/www/aliexpr.avaks.org/integration/ali_express/ali_order_print.php(162): printCainiaoSticker(Object(Avaks\MS\OrderMS), '')
#3 {main}
2020-01-30 20:30:08 tetstts Mpdf\MpdfException: Error detected. PDF file generation aborted: Invalid argument supplied for foreach() in /var/www/user/data/www/aliexpr.avaks.org/integration/ali_express/ali_order_print.php:87
Stack trace:
#0 /var/www/user/data/www/aliexpr.avaks.org/integration/src/Customs.php(287): Mpdf\Mpdf->Output(NULL, 'S')
#1 /var/www/user/data/www/aliexpr.avaks.org/integration/ali_express/ali_order_print.php(116): Avaks\Customs->generateCainiaoSticker(Array)
#2 /var/www/user/data/www/aliexpr.avaks.org/integration/ali_express/ali_order_print.php(162): printCainiaoSticker(Object(Avaks\MS\OrderMS), '')
#3 {main}
2020-01-30 20:45:08 tetstts Mpdf\MpdfException: Error detected. PDF file generation aborted: Invalid argument supplied for foreach() in /var/www/user/data/www/aliexpr.avaks.org/integration/ali_express/ali_order_print.php:87
Stack trace:
#0 /var/www/user/data/www/aliexpr.avaks.org/integration/src/Customs.php(287): Mpdf\Mpdf->Output(NULL, 'S')
#1 /var/www/user/data/www/aliexpr.avaks.org/integration/ali_express/ali_order_print.php(116): Avaks\Customs->generateCainiaoSticker(Array)
#2 /var/www/user/data/www/aliexpr.avaks.org/integration/ali_express/ali_order_print.php(162): printCainiaoSticker(Object(Avaks\MS\OrderMS), '')
#3 {main}
2020-01-30 21:00:12 tetstts Mpdf\MpdfException: Error detected. PDF file generation aborted: Invalid argument supplied for foreach() in /var/www/user/data/www/aliexpr.avaks.org/integration/ali_express/ali_order_print.php:87
Stack trace:
#0 /var/www/user/data/www/aliexpr.avaks.org/integration/src/Customs.php(287): Mpdf\Mpdf->Output(NULL, 'S')
#1 /var/www/user/data/www/aliexpr.avaks.org/integration/ali_express/ali_order_print.php(116): Avaks\Customs->generateCainiaoSticker(Array)
#2 /var/www/user/data/www/aliexpr.avaks.org/integration/ali_express/ali_order_print.php(162): printCainiaoSticker(Object(Avaks\MS\OrderMS), '')
#3 {main}
2020-01-30 21:15:06 tetstts Mpdf\MpdfException: Error detected. PDF file generation aborted: Invalid argument supplied for foreach() in /var/www/user/data/www/aliexpr.avaks.org/integration/ali_express/ali_order_print.php:87
Stack trace:
#0 /var/www/user/data/www/aliexpr.avaks.org/integration/src/Customs.php(287): Mpdf\Mpdf->Output(NULL, 'S')
#1 /var/www/user/data/www/aliexpr.avaks.org/integration/ali_express/ali_order_print.php(116): Avaks\Customs->generateCainiaoSticker(Array)
#2 /var/www/user/data/www/aliexpr.avaks.org/integration/ali_express/ali_order_print.php(162): printCainiaoSticker(Object(Avaks\MS\OrderMS), '')
#3 {main}
2020-01-30 21:30:07 tetstts Mpdf\MpdfException: Error detected. PDF file generation aborted: Invalid argument supplied for foreach() in /var/www/user/data/www/aliexpr.avaks.org/integration/ali_express/ali_order_print.php:87
Stack trace:
#0 /var/www/user/data/www/aliexpr.avaks.org/integration/src/Customs.php(287): Mpdf\Mpdf->Output(NULL, 'S')
#1 /var/www/user/data/www/aliexpr.avaks.org/integration/ali_express/ali_order_print.php(116): Avaks\Customs->generateCainiaoSticker(Array)
#2 /var/www/user/data/www/aliexpr.avaks.org/integration/ali_express/ali_order_print.php(162): printCainiaoSticker(Object(Avaks\MS\OrderMS), '')
#3 {main}
2020-01-30 21:45:07 tetstts Mpdf\MpdfException: Error detected. PDF file generation aborted: Invalid argument supplied for foreach() in /var/www/user/data/www/aliexpr.avaks.org/integration/ali_express/ali_order_print.php:87
Stack trace:
#0 /var/www/user/data/www/aliexpr.avaks.org/integration/src/Customs.php(287): Mpdf\Mpdf->Output(NULL, 'S')
#1 /var/www/user/data/www/aliexpr.avaks.org/integration/ali_express/ali_order_print.php(116): Avaks\Customs->generateCainiaoSticker(Array)
#2 /var/www/user/data/www/aliexpr.avaks.org/integration/ali_express/ali_order_print.php(162): printCainiaoSticker(Object(Avaks\MS\OrderMS), '')
#3 {main}
2020-01-30 22:00:10 tetstts Mpdf\MpdfException: Error detected. PDF file generation aborted: Invalid argument supplied for foreach() in /var/www/user/data/www/aliexpr.avaks.org/integration/ali_express/ali_order_print.php:87
Stack trace:
#0 /var/www/user/data/www/aliexpr.avaks.org/integration/src/Customs.php(287): Mpdf\Mpdf->Output(NULL, 'S')
#1 /var/www/user/data/www/aliexpr.avaks.org/integration/ali_express/ali_order_print.php(116): Avaks\Customs->generateCainiaoSticker(Array)
#2 /var/www/user/data/www/aliexpr.avaks.org/integration/ali_express/ali_order_print.php(162): printCainiaoSticker(Object(Avaks\MS\OrderMS), '')
#3 {main}
2020-01-30 22:15:06 tetstts Mpdf\MpdfException: Error detected. PDF file generation aborted: Invalid argument supplied for foreach() in /var/www/user/data/www/aliexpr.avaks.org/integration/ali_express/ali_order_print.php:87
Stack trace:
#0 /var/www/user/data/www/aliexpr.avaks.org/integration/src/Customs.php(287): Mpdf\Mpdf->Output(NULL, 'S')
#1 /var/www/user/data/www/aliexpr.avaks.org/integration/ali_express/ali_order_print.php(116): Avaks\Customs->generateCainiaoSticker(Array)
#2 /var/www/user/data/www/aliexpr.avaks.org/integration/ali_express/ali_order_print.php(162): printCainiaoSticker(Object(Avaks\MS\OrderMS), '')
#3 {main}
2020-01-30 22:30:08 tetstts Mpdf\MpdfException: Error detected. PDF file generation aborted: Invalid argument supplied for foreach() in /var/www/user/data/www/aliexpr.avaks.org/integration/ali_express/ali_order_print.php:87
Stack trace:
#0 /var/www/user/data/www/aliexpr.avaks.org/integration/src/Customs.php(287): Mpdf\Mpdf->Output(NULL, 'S')
#1 /var/www/user/data/www/aliexpr.avaks.org/integration/ali_express/ali_order_print.php(116): Avaks\Customs->generateCainiaoSticker(Array)
#2 /var/www/user/data/www/aliexpr.avaks.org/integration/ali_express/ali_order_print.php(162): printCainiaoSticker(Object(Avaks\MS\OrderMS), '')
#3 {main}
2020-01-30 22:45:06 tetstts Mpdf\MpdfException: Error detected. PDF file generation aborted: Invalid argument supplied for foreach() in /var/www/user/data/www/aliexpr.avaks.org/integration/ali_express/ali_order_print.php:87
Stack trace:
#0 /var/www/user/data/www/aliexpr.avaks.org/integration/src/Customs.php(287): Mpdf\Mpdf->Output(NULL, 'S')
#1 /var/www/user/data/www/aliexpr.avaks.org/integration/ali_express/ali_order_print.php(116): Avaks\Customs->generateCainiaoSticker(Array)
#2 /var/www/user/data/www/aliexpr.avaks.org/integration/ali_express/ali_order_print.php(162): printCainiaoSticker(Object(Avaks\MS\OrderMS), '')
#3 {main}
2020-01-30 23:15:07 tetstts Mpdf\MpdfException: Error detected. PDF file generation aborted: Invalid argument supplied for foreach() in /var/www/user/data/www/aliexpr.avaks.org/integration/ali_express/ali_order_print.php:87
Stack trace:
#0 /var/www/user/data/www/aliexpr.avaks.org/integration/src/Customs.php(287): Mpdf\Mpdf->Output(NULL, 'S')
#1 /var/www/user/data/www/aliexpr.avaks.org/integration/ali_express/ali_order_print.php(116): Avaks\Customs->generateCainiaoSticker(Array)
#2 /var/www/user/data/www/aliexpr.avaks.org/integration/ali_express/ali_order_print.php(162): printCainiaoSticker(Object(Avaks\MS\OrderMS), '')
#3 {main}
2020-01-30 23:30:09 tetstts Mpdf\MpdfException: Error detected. PDF file generation aborted: Invalid argument supplied for foreach() in /var/www/user/data/www/aliexpr.avaks.org/integration/ali_express/ali_order_print.php:87
Stack trace:
#0 /var/www/user/data/www/aliexpr.avaks.org/integration/src/Customs.php(287): Mpdf\Mpdf->Output(NULL, 'S')
#1 /var/www/user/data/www/aliexpr.avaks.org/integration/ali_express/ali_order_print.php(116): Avaks\Customs->generateCainiaoSticker(Array)
#2 /var/www/user/data/www/aliexpr.avaks.org/integration/ali_express/ali_order_print.php(162): printCainiaoSticker(Object(Avaks\MS\OrderMS), '')
#3 {main}
2020-01-30 23:45:09 tetstts Mpdf\MpdfException: Error detected. PDF file generation aborted: Invalid argument supplied for foreach() in /var/www/user/data/www/aliexpr.avaks.org/integration/ali_express/ali_order_print.php:87
Stack trace:
#0 /var/www/user/data/www/aliexpr.avaks.org/integration/src/Customs.php(287): Mpdf\Mpdf->Output(NULL, 'S')
#1 /var/www/user/data/www/aliexpr.avaks.org/integration/ali_express/ali_order_print.php(116): Avaks\Customs->generateCainiaoSticker(Array)
#2 /var/www/user/data/www/aliexpr.avaks.org/integration/ali_express/ali_order_print.php(162): printCainiaoSticker(Object(Avaks\MS\OrderMS), '')
#3 {main}
2020-01-31 00:15:08 tetstts Mpdf\MpdfException: Error detected. PDF file generation aborted: Invalid argument supplied for foreach() in /var/www/user/data/www/aliexpr.avaks.org/integration/ali_express/ali_order_print.php:87
Stack trace:
#0 /var/www/user/data/www/aliexpr.avaks.org/integration/src/Customs.php(287): Mpdf\Mpdf->Output(NULL, 'S')
#1 /var/www/user/data/www/aliexpr.avaks.org/integration/ali_express/ali_order_print.php(116): Avaks\Customs->generateCainiaoSticker(Array)
#2 /var/www/user/data/www/aliexpr.avaks.org/integration/ali_express/ali_order_print.php(162): printCainiaoSticker(Object(Avaks\MS\OrderMS), '')
#3 {main}
2020-01-31 00:30:09 tetstts Mpdf\MpdfException: Error detected. PDF file generation aborted: Invalid argument supplied for foreach() in /var/www/user/data/www/aliexpr.avaks.org/integration/ali_express/ali_order_print.php:87
Stack trace:
#0 /var/www/user/data/www/aliexpr.avaks.org/integration/src/Customs.php(287): Mpdf\Mpdf->Output(NULL, 'S')
#1 /var/www/user/data/www/aliexpr.avaks.org/integration/ali_express/ali_order_print.php(116): Avaks\Customs->generateCainiaoSticker(Array)
#2 /var/www/user/data/www/aliexpr.avaks.org/integration/ali_express/ali_order_print.php(162): printCainiaoSticker(Object(Avaks\MS\OrderMS), '')
#3 {main}
2020-01-31 00:45:08 tetstts Mpdf\MpdfException: Error detected. PDF file generation aborted: Invalid argument supplied for foreach() in /var/www/user/data/www/aliexpr.avaks.org/integration/ali_express/ali_order_print.php:87
Stack trace:
#0 /var/www/user/data/www/aliexpr.avaks.org/integration/src/Customs.php(287): Mpdf\Mpdf->Output(NULL, 'S')
#1 /var/www/user/data/www/aliexpr.avaks.org/integration/ali_express/ali_order_print.php(116): Avaks\Customs->generateCainiaoSticker(Array)
#2 /var/www/user/data/www/aliexpr.avaks.org/integration/ali_express/ali_order_print.php(162): printCainiaoSticker(Object(Avaks\MS\OrderMS), '')
#3 {main}
2020-01-31 01:15:08 tetstts Mpdf\MpdfException: Error detected. PDF file generation aborted: Invalid argument supplied for foreach() in /var/www/user/data/www/aliexpr.avaks.org/integration/ali_express/ali_order_print.php:87
Stack trace:
#0 /var/www/user/data/www/aliexpr.avaks.org/integration/src/Customs.php(287): Mpdf\Mpdf->Output(NULL, 'S')
#1 /var/www/user/data/www/aliexpr.avaks.org/integration/ali_express/ali_order_print.php(116): Avaks\Customs->generateCainiaoSticker(Array)
#2 /var/www/user/data/www/aliexpr.avaks.org/integration/ali_express/ali_order_print.php(162): printCainiaoSticker(Object(Avaks\MS\OrderMS), '')
#3 {main}
2020-01-31 01:30:08 tetstts Mpdf\MpdfException: Error detected. PDF file generation aborted: Invalid argument supplied for foreach() in /var/www/user/data/www/aliexpr.avaks.org/integration/ali_express/ali_order_print.php:87
Stack trace:
#0 /var/www/user/data/www/aliexpr.avaks.org/integration/src/Customs.php(287): Mpdf\Mpdf->Output(NULL, 'S')
#1 /var/www/user/data/www/aliexpr.avaks.org/integration/ali_express/ali_order_print.php(116): Avaks\Customs->generateCainiaoSticker(Array)
#2 /var/www/user/data/www/aliexpr.avaks.org/integration/ali_express/ali_order_print.php(162): printCainiaoSticker(Object(Avaks\MS\OrderMS), '')
#3 {main}
2020-01-31 01:45:07 tetstts Mpdf\MpdfException: Error detected. PDF file generation aborted: Invalid argument supplied for foreach() in /var/www/user/data/www/aliexpr.avaks.org/integration/ali_express/ali_order_print.php:87
Stack trace:
#0 /var/www/user/data/www/aliexpr.avaks.org/integration/src/Customs.php(287): Mpdf\Mpdf->Output(NULL, 'S')
#1 /var/www/user/data/www/aliexpr.avaks.org/integration/ali_express/ali_order_print.php(116): Avaks\Customs->generateCainiaoSticker(Array)
#2 /var/www/user/data/www/aliexpr.avaks.org/integration/ali_express/ali_order_print.php(162): printCainiaoSticker(Object(Avaks\MS\OrderMS), '')
#3 {main}
2020-01-31 02:00:11 tetstts Mpdf\MpdfException: Error detected. PDF file generation aborted: Invalid argument supplied for foreach() in /var/www/user/data/www/aliexpr.avaks.org/integration/ali_express/ali_order_print.php:87
Stack trace:
#0 /var/www/user/data/www/aliexpr.avaks.org/integration/src/Customs.php(287): Mpdf\Mpdf->Output(NULL, 'S')
#1 /var/www/user/data/www/aliexpr.avaks.org/integration/ali_express/ali_order_print.php(116): Avaks\Customs->generateCainiaoSticker(Array)
#2 /var/www/user/data/www/aliexpr.avaks.org/integration/ali_express/ali_order_print.php(162): printCainiaoSticker(Object(Avaks\MS\OrderMS), '')
#3 {main}
2020-01-31 02:15:08 tetstts Mpdf\MpdfException: Error detected. PDF file generation aborted: Invalid argument supplied for foreach() in /var/www/user/data/www/aliexpr.avaks.org/integration/ali_express/ali_order_print.php:87
Stack trace:
#0 /var/www/user/data/www/aliexpr.avaks.org/integration/src/Customs.php(287): Mpdf\Mpdf->Output(NULL, 'S')
#1 /var/www/user/data/www/aliexpr.avaks.org/integration/ali_express/ali_order_print.php(116): Avaks\Customs->generateCainiaoSticker(Array)
#2 /var/www/user/data/www/aliexpr.avaks.org/integration/ali_express/ali_order_print.php(162): printCainiaoSticker(Object(Avaks\MS\OrderMS), '')
#3 {main}
2020-01-31 02:30:08 tetstts Mpdf\MpdfException: Error detected. PDF file generation aborted: Invalid argument supplied for foreach() in /var/www/user/data/www/aliexpr.avaks.org/integration/ali_express/ali_order_print.php:87
Stack trace:
#0 /var/www/user/data/www/aliexpr.avaks.org/integration/src/Customs.php(287): Mpdf\Mpdf->Output(NULL, 'S')
#1 /var/www/user/data/www/aliexpr.avaks.org/integration/ali_express/ali_order_print.php(116): Avaks\Customs->generateCainiaoSticker(Array)
#2 /var/www/user/data/www/aliexpr.avaks.org/integration/ali_express/ali_order_print.php(162): printCainiaoSticker(Object(Avaks\MS\OrderMS), '')
#3 {main}
2020-01-31 02:45:07 tetstts Mpdf\MpdfException: Error detected. PDF file generation aborted: Invalid argument supplied for foreach() in /var/www/user/data/www/aliexpr.avaks.org/integration/ali_express/ali_order_print.php:87
Stack trace:
#0 /var/www/user/data/www/aliexpr.avaks.org/integration/src/Customs.php(287): Mpdf\Mpdf->Output(NULL, 'S')
#1 /var/www/user/data/www/aliexpr.avaks.org/integration/ali_express/ali_order_print.php(116): Avaks\Customs->generateCainiaoSticker(Array)
#2 /var/www/user/data/www/aliexpr.avaks.org/integration/ali_express/ali_order_print.php(162): printCainiaoSticker(Object(Avaks\MS\OrderMS), '')
#3 {main}
2020-01-31 03:00:17 tetstts Mpdf\MpdfException: Error detected. PDF file generation aborted: Invalid argument supplied for foreach() in /var/www/user/data/www/aliexpr.avaks.org/integration/ali_express/ali_order_print.php:87
Stack trace:
#0 /var/www/user/data/www/aliexpr.avaks.org/integration/src/Customs.php(287): Mpdf\Mpdf->Output(NULL, 'S')
#1 /var/www/user/data/www/aliexpr.avaks.org/integration/ali_express/ali_order_print.php(116): Avaks\Customs->generateCainiaoSticker(Array)
#2 /var/www/user/data/www/aliexpr.avaks.org/integration/ali_express/ali_order_print.php(162): printCainiaoSticker(Object(Avaks\MS\OrderMS), '')
#3 {main}
2020-01-31 03:15:11 tetstts Mpdf\MpdfException: Error detected. PDF file generation aborted: Invalid argument supplied for foreach() in /var/www/user/data/www/aliexpr.avaks.org/integration/ali_express/ali_order_print.php:87
Stack trace:
#0 /var/www/user/data/www/aliexpr.avaks.org/integration/src/Customs.php(287): Mpdf\Mpdf->Output(NULL, 'S')
#1 /var/www/user/data/www/aliexpr.avaks.org/integration/ali_express/ali_order_print.php(116): Avaks\Customs->generateCainiaoSticker(Array)
#2 /var/www/user/data/www/aliexpr.avaks.org/integration/ali_express/ali_order_print.php(162): printCainiaoSticker(Object(Avaks\MS\OrderMS), '')
#3 {main}
2020-01-31 03:30:08 tetstts Mpdf\MpdfException: Error detected. PDF file generation aborted: Invalid argument supplied for foreach() in /var/www/user/data/www/aliexpr.avaks.org/integration/ali_express/ali_order_print.php:87
Stack trace:
#0 /var/www/user/data/www/aliexpr.avaks.org/integration/src/Customs.php(287): Mpdf\Mpdf->Output(NULL, 'S')
#1 /var/www/user/data/www/aliexpr.avaks.org/integration/ali_express/ali_order_print.php(116): Avaks\Customs->generateCainiaoSticker(Array)
#2 /var/www/user/data/www/aliexpr.avaks.org/integration/ali_express/ali_order_print.php(162): printCainiaoSticker(Object(Avaks\MS\OrderMS), '')
#3 {main}
2020-01-31 03:45:06 tetstts Mpdf\MpdfException: Error detected. PDF file generation aborted: Invalid argument supplied for foreach() in /var/www/user/data/www/aliexpr.avaks.org/integration/ali_express/ali_order_print.php:87
Stack trace:
#0 /var/www/user/data/www/aliexpr.avaks.org/integration/src/Customs.php(287): Mpdf\Mpdf->Output(NULL, 'S')
#1 /var/www/user/data/www/aliexpr.avaks.org/integration/ali_express/ali_order_print.php(116): Avaks\Customs->generateCainiaoSticker(Array)
#2 /var/www/user/data/www/aliexpr.avaks.org/integration/ali_express/ali_order_print.php(162): printCainiaoSticker(Object(Avaks\MS\OrderMS), '')
#3 {main}
2020-01-31 04:00:12 tetstts Mpdf\MpdfException: Error detected. PDF file generation aborted: Invalid argument supplied for foreach() in /var/www/user/data/www/aliexpr.avaks.org/integration/ali_express/ali_order_print.php:87
Stack trace:
#0 /var/www/user/data/www/aliexpr.avaks.org/integration/src/Customs.php(287): Mpdf\Mpdf->Output(NULL, 'S')
#1 /var/www/user/data/www/aliexpr.avaks.org/integration/ali_express/ali_order_print.php(116): Avaks\Customs->generateCainiaoSticker(Array)
#2 /var/www/user/data/www/aliexpr.avaks.org/integration/ali_express/ali_order_print.php(162): printCainiaoSticker(Object(Avaks\MS\OrderMS), '')
#3 {main}
2020-01-31 04:15:07 tetstts Mpdf\MpdfException: Error detected. PDF file generation aborted: Invalid argument supplied for foreach() in /var/www/user/data/www/aliexpr.avaks.org/integration/ali_express/ali_order_print.php:87
Stack trace:
#0 /var/www/user/data/www/aliexpr.avaks.org/integration/src/Customs.php(287): Mpdf\Mpdf->Output(NULL, 'S')
#1 /var/www/user/data/www/aliexpr.avaks.org/integration/ali_express/ali_order_print.php(116): Avaks\Customs->generateCainiaoSticker(Array)
#2 /var/www/user/data/www/aliexpr.avaks.org/integration/ali_express/ali_order_print.php(162): printCainiaoSticker(Object(Avaks\MS\OrderMS), '')
#3 {main}
2020-01-31 04:30:07 tetstts Mpdf\MpdfException: Error detected. PDF file generation aborted: Invalid argument supplied for foreach() in /var/www/user/data/www/aliexpr.avaks.org/integration/ali_express/ali_order_print.php:87
Stack trace:
#0 /var/www/user/data/www/aliexpr.avaks.org/integration/src/Customs.php(287): Mpdf\Mpdf->Output(NULL, 'S')
#1 /var/www/user/data/www/aliexpr.avaks.org/integration/ali_express/ali_order_print.php(116): Avaks\Customs->generateCainiaoSticker(Array)
#2 /var/www/user/data/www/aliexpr.avaks.org/integration/ali_express/ali_order_print.php(162): printCainiaoSticker(Object(Avaks\MS\OrderMS), '')
#3 {main}
2020-01-31 04:45:09 tetstts Mpdf\MpdfException: Error detected. PDF file generation aborted: Invalid argument supplied for foreach() in /var/www/user/data/www/aliexpr.avaks.org/integration/ali_express/ali_order_print.php:87
Stack trace:
#0 /var/www/user/data/www/aliexpr.avaks.org/integration/src/Customs.php(287): Mpdf\Mpdf->Output(NULL, 'S')
#1 /var/www/user/data/www/aliexpr.avaks.org/integration/ali_express/ali_order_print.php(116): Avaks\Customs->generateCainiaoSticker(Array)
#2 /var/www/user/data/www/aliexpr.avaks.org/integration/ali_express/ali_order_print.php(162): printCainiaoSticker(Object(Avaks\MS\OrderMS), '')
#3 {main}
2020-01-31 05:00:09 tetstts Mpdf\MpdfException: Error detected. PDF file generation aborted: Undefined variable: barcode2 in /var/www/user/data/www/aliexpr.avaks.org/integration/src/Customs.php:269
Stack trace:
#0 /var/www/user/data/www/aliexpr.avaks.org/integration/src/Customs.php(287): Mpdf\Mpdf->Output(NULL, 'S')
#1 /var/www/user/data/www/aliexpr.avaks.org/integration/ali_express/ali_order_print.php(116): Avaks\Customs->generateCainiaoSticker(Array)
#2 /var/www/user/data/www/aliexpr.avaks.org/integration/ali_express/ali_order_print.php(162): printCainiaoSticker(Object(Avaks\MS\OrderMS), '')
#3 {main}
2020-01-31 05:15:06 tetstts Mpdf\MpdfException: Error detected. PDF file generation aborted: Invalid argument supplied for foreach() in /var/www/user/data/www/aliexpr.avaks.org/integration/ali_express/ali_order_print.php:87
Stack trace:
#0 /var/www/user/data/www/aliexpr.avaks.org/integration/src/Customs.php(287): Mpdf\Mpdf->Output(NULL, 'S')
#1 /var/www/user/data/www/aliexpr.avaks.org/integration/ali_express/ali_order_print.php(116): Avaks\Customs->generateCainiaoSticker(Array)
#2 /var/www/user/data/www/aliexpr.avaks.org/integration/ali_express/ali_order_print.php(162): printCainiaoSticker(Object(Avaks\MS\OrderMS), '')
#3 {main}
2020-01-31 05:30:08 tetstts Mpdf\MpdfException: Error detected. PDF file generation aborted: Invalid argument supplied for foreach() in /var/www/user/data/www/aliexpr.avaks.org/integration/ali_express/ali_order_print.php:87
Stack trace:
#0 /var/www/user/data/www/aliexpr.avaks.org/integration/src/Customs.php(287): Mpdf\Mpdf->Output(NULL, 'S')
#1 /var/www/user/data/www/aliexpr.avaks.org/integration/ali_express/ali_order_print.php(116): Avaks\Customs->generateCainiaoSticker(Array)
#2 /var/www/user/data/www/aliexpr.avaks.org/integration/ali_express/ali_order_print.php(162): printCainiaoSticker(Object(Avaks\MS\OrderMS), '')
#3 {main}
2020-01-31 05:45:07 tetstts Mpdf\MpdfException: Error detected. PDF file generation aborted: Invalid argument supplied for foreach() in /var/www/user/data/www/aliexpr.avaks.org/integration/ali_express/ali_order_print.php:87
Stack trace:
#0 /var/www/user/data/www/aliexpr.avaks.org/integration/src/Customs.php(287): Mpdf\Mpdf->Output(NULL, 'S')
#1 /var/www/user/data/www/aliexpr.avaks.org/integration/ali_express/ali_order_print.php(116): Avaks\Customs->generateCainiaoSticker(Array)
#2 /var/www/user/data/www/aliexpr.avaks.org/integration/ali_express/ali_order_print.php(162): printCainiaoSticker(Object(Avaks\MS\OrderMS), '')
#3 {main}
2020-01-31 06:00:14 tetstts Mpdf\MpdfException: Error detected. PDF file generation aborted: Invalid argument supplied for foreach() in /var/www/user/data/www/aliexpr.avaks.org/integration/ali_express/ali_order_print.php:87
Stack trace:
#0 /var/www/user/data/www/aliexpr.avaks.org/integration/src/Customs.php(287): Mpdf\Mpdf->Output(NULL, 'S')
#1 /var/www/user/data/www/aliexpr.avaks.org/integration/ali_express/ali_order_print.php(116): Avaks\Customs->generateCainiaoSticker(Array)
#2 /var/www/user/data/www/aliexpr.avaks.org/integration/ali_express/ali_order_print.php(162): printCainiaoSticker(Object(Avaks\MS\OrderMS), '')
#3 {main}
2020-01-31 06:15:07 tetstts Mpdf\MpdfException: Error detected. PDF file generation aborted: Invalid argument supplied for foreach() in /var/www/user/data/www/aliexpr.avaks.org/integration/ali_express/ali_order_print.php:87
Stack trace:
#0 /var/www/user/data/www/aliexpr.avaks.org/integration/src/Customs.php(287): Mpdf\Mpdf->Output(NULL, 'S')
#1 /var/www/user/data/www/aliexpr.avaks.org/integration/ali_express/ali_order_print.php(116): Avaks\Customs->generateCainiaoSticker(Array)
#2 /var/www/user/data/www/aliexpr.avaks.org/integration/ali_express/ali_order_print.php(162): printCainiaoSticker(Object(Avaks\MS\OrderMS), '')
#3 {main}
2020-01-31 06:30:09 tetstts Mpdf\MpdfException: Error detected. PDF file generation aborted: Invalid argument supplied for foreach() in /var/www/user/data/www/aliexpr.avaks.org/integration/ali_express/ali_order_print.php:87
Stack trace:
#0 /var/www/user/data/www/aliexpr.avaks.org/integration/src/Customs.php(287): Mpdf\Mpdf->Output(NULL, 'S')
#1 /var/www/user/data/www/aliexpr.avaks.org/integration/ali_express/ali_order_print.php(116): Avaks\Customs->generateCainiaoSticker(Array)
#2 /var/www/user/data/www/aliexpr.avaks.org/integration/ali_express/ali_order_print.php(162): printCainiaoSticker(Object(Avaks\MS\OrderMS), '')
#3 {main}
2020-01-31 06:45:06 tetstts Mpdf\MpdfException: Error detected. PDF file generation aborted: Invalid argument supplied for foreach() in /var/www/user/data/www/aliexpr.avaks.org/integration/ali_express/ali_order_print.php:87
Stack trace:
#0 /var/www/user/data/www/aliexpr.avaks.org/integration/src/Customs.php(287): Mpdf\Mpdf->Output(NULL, 'S')
#1 /var/www/user/data/www/aliexpr.avaks.org/integration/ali_express/ali_order_print.php(116): Avaks\Customs->generateCainiaoSticker(Array)
#2 /var/www/user/data/www/aliexpr.avaks.org/integration/ali_express/ali_order_print.php(162): printCainiaoSticker(Object(Avaks\MS\OrderMS), '')
#3 {main}
2020-01-31 07:15:07 tetstts Mpdf\MpdfException: Error detected. PDF file generation aborted: Invalid argument supplied for foreach() in /var/www/user/data/www/aliexpr.avaks.org/integration/ali_express/ali_order_print.php:87
Stack trace:
#0 /var/www/user/data/www/aliexpr.avaks.org/integration/src/Customs.php(287): Mpdf\Mpdf->Output(NULL, 'S')
#1 /var/www/user/data/www/aliexpr.avaks.org/integration/ali_express/ali_order_print.php(116): Avaks\Customs->generateCainiaoSticker(Array)
#2 /var/www/user/data/www/aliexpr.avaks.org/integration/ali_express/ali_order_print.php(162): printCainiaoSticker(Object(Avaks\MS\OrderMS), '')
#3 {main}
2020-01-31 07:30:08 tetstts Mpdf\MpdfException: Error detected. PDF file generation aborted: Invalid argument supplied for foreach() in /var/www/user/data/www/aliexpr.avaks.org/integration/ali_express/ali_order_print.php:87
Stack trace:
#0 /var/www/user/data/www/aliexpr.avaks.org/integration/src/Customs.php(287): Mpdf\Mpdf->Output(NULL, 'S')
#1 /var/www/user/data/www/aliexpr.avaks.org/integration/ali_express/ali_order_print.php(116): Avaks\Customs->generateCainiaoSticker(Array)
#2 /var/www/user/data/www/aliexpr.avaks.org/integration/ali_express/ali_order_print.php(162): printCainiaoSticker(Object(Avaks\MS\OrderMS), '')
#3 {main}
2020-01-31 07:45:08 tetstts Mpdf\MpdfException: Error detected. PDF file generation aborted: Invalid argument supplied for foreach() in /var/www/user/data/www/aliexpr.avaks.org/integration/ali_express/ali_order_print.php:87
Stack trace:
#0 /var/www/user/data/www/aliexpr.avaks.org/integration/src/Customs.php(287): Mpdf\Mpdf->Output(NULL, 'S')
#1 /var/www/user/data/www/aliexpr.avaks.org/integration/ali_express/ali_order_print.php(116): Avaks\Customs->generateCainiaoSticker(Array)
#2 /var/www/user/data/www/aliexpr.avaks.org/integration/ali_express/ali_order_print.php(162): printCainiaoSticker(Object(Avaks\MS\OrderMS), '')
#3 {main}
2020-01-31 08:00:12 tetstts Mpdf\MpdfException: Error detected. PDF file generation aborted: Invalid argument supplied for foreach() in /var/www/user/data/www/aliexpr.avaks.org/integration/ali_express/ali_order_print.php:87
Stack trace:
#0 /var/www/user/data/www/aliexpr.avaks.org/integration/src/Customs.php(287): Mpdf\Mpdf->Output(NULL, 'S')
#1 /var/www/user/data/www/aliexpr.avaks.org/integration/ali_express/ali_order_print.php(116): Avaks\Customs->generateCainiaoSticker(Array)
#2 /var/www/user/data/www/aliexpr.avaks.org/integration/ali_express/ali_order_print.php(162): printCainiaoSticker(Object(Avaks\MS\OrderMS), '')
#3 {main}
2020-01-31 08:15:09 tetstts Mpdf\MpdfException: Error detected. PDF file generation aborted: Invalid argument supplied for foreach() in /var/www/user/data/www/aliexpr.avaks.org/integration/ali_express/ali_order_print.php:87
Stack trace:
#0 /var/www/user/data/www/aliexpr.avaks.org/integration/src/Customs.php(287): Mpdf\Mpdf->Output(NULL, 'S')
#1 /var/www/user/data/www/aliexpr.avaks.org/integration/ali_express/ali_order_print.php(116): Avaks\Customs->generateCainiaoSticker(Array)
#2 /var/www/user/data/www/aliexpr.avaks.org/integration/ali_express/ali_order_print.php(162): printCainiaoSticker(Object(Avaks\MS\OrderMS), '')
#3 {main}
2020-01-31 08:30:08 tetstts Mpdf\MpdfException: Error detected. PDF file generation aborted: Invalid argument supplied for foreach() in /var/www/user/data/www/aliexpr.avaks.org/integration/ali_express/ali_order_print.php:87
Stack trace:
#0 /var/www/user/data/www/aliexpr.avaks.org/integration/src/Customs.php(287): Mpdf\Mpdf->Output(NULL, 'S')
#1 /var/www/user/data/www/aliexpr.avaks.org/integration/ali_express/ali_order_print.php(116): Avaks\Customs->generateCainiaoSticker(Array)
#2 /var/www/user/data/www/aliexpr.avaks.org/integration/ali_express/ali_order_print.php(162): printCainiaoSticker(Object(Avaks\MS\OrderMS), '')
#3 {main}
2020-01-31 08:45:08 tetstts Mpdf\MpdfException: Error detected. PDF file generation aborted: Invalid argument supplied for foreach() in /var/www/user/data/www/aliexpr.avaks.org/integration/ali_express/ali_order_print.php:87
Stack trace:
#0 /var/www/user/data/www/aliexpr.avaks.org/integration/src/Customs.php(287): Mpdf\Mpdf->Output(NULL, 'S')
#1 /var/www/user/data/www/aliexpr.avaks.org/integration/ali_express/ali_order_print.php(116): Avaks\Customs->generateCainiaoSticker(Array)
#2 /var/www/user/data/www/aliexpr.avaks.org/integration/ali_express/ali_order_print.php(162): printCainiaoSticker(Object(Avaks\MS\OrderMS), '')
#3 {main}
2020-01-31 09:00:11 tetstts Mpdf\MpdfException: Error detected. PDF file generation aborted: Invalid argument supplied for foreach() in /var/www/user/data/www/aliexpr.avaks.org/integration/ali_express/ali_order_print.php:87
Stack trace:
#0 /var/www/user/data/www/aliexpr.avaks.org/integration/src/Customs.php(287): Mpdf\Mpdf->Output(NULL, 'S')
#1 /var/www/user/data/www/aliexpr.avaks.org/integration/ali_express/ali_order_print.php(116): Avaks\Customs->generateCainiaoSticker(Array)
#2 /var/www/user/data/www/aliexpr.avaks.org/integration/ali_express/ali_order_print.php(162): printCainiaoSticker(Object(Avaks\MS\OrderMS), '')
#3 {main}
2020-01-31 09:15:09 tetstts Mpdf\MpdfException: Error detected. PDF file generation aborted: Invalid argument supplied for foreach() in /var/www/user/data/www/aliexpr.avaks.org/integration/ali_express/ali_order_print.php:87
Stack trace:
#0 /var/www/user/data/www/aliexpr.avaks.org/integration/src/Customs.php(287): Mpdf\Mpdf->Output(NULL, 'S')
#1 /var/www/user/data/www/aliexpr.avaks.org/integration/ali_express/ali_order_print.php(116): Avaks\Customs->generateCainiaoSticker(Array)
#2 /var/www/user/data/www/aliexpr.avaks.org/integration/ali_express/ali_order_print.php(162): printCainiaoSticker(Object(Avaks\MS\OrderMS), '')
#3 {main}
2020-01-31 09:30:09 tetstts Mpdf\MpdfException: Error detected. PDF file generation aborted: Invalid argument supplied for foreach() in /var/www/user/data/www/aliexpr.avaks.org/integration/ali_express/ali_order_print.php:87
Stack trace:
#0 /var/www/user/data/www/aliexpr.avaks.org/integration/src/Customs.php(287): Mpdf\Mpdf->Output(NULL, 'S')
#1 /var/www/user/data/www/aliexpr.avaks.org/integration/ali_express/ali_order_print.php(116): Avaks\Customs->generateCainiaoSticker(Array)
#2 /var/www/user/data/www/aliexpr.avaks.org/integration/ali_express/ali_order_print.php(162): printCainiaoSticker(Object(Avaks\MS\OrderMS), '')
#3 {main}
2020-01-31 09:43:22 tetstts Mpdf\MpdfException: Error detected. PDF file generation aborted: Invalid argument supplied for foreach() in /var/www/user/data/www/aliexpr.avaks.org/integration/ali_express/ali_order_print.php:87
Stack trace:
#0 /var/www/user/data/www/aliexpr.avaks.org/integration/src/Customs.php(287): Mpdf\Mpdf->Output(NULL, 'S')
#1 /var/www/user/data/www/aliexpr.avaks.org/integration/ali_express/ali_order_print.php(116): Avaks\Customs->generateCainiaoSticker(Array)
#2 /var/www/user/data/www/aliexpr.avaks.org/integration/ali_express/ali_order_print.php(162): printCainiaoSticker(Object(Avaks\MS\OrderMS), '')
#3 {main}
2020-01-31 09:45:09 tetstts Mpdf\MpdfException: Error detected. PDF file generation aborted: Invalid argument supplied for foreach() in /var/www/user/data/www/aliexpr.avaks.org/integration/ali_express/ali_order_print.php:87
Stack trace:
#0 /var/www/user/data/www/aliexpr.avaks.org/integration/src/Customs.php(287): Mpdf\Mpdf->Output(NULL, 'S')
#1 /var/www/user/data/www/aliexpr.avaks.org/integration/ali_express/ali_order_print.php(116): Avaks\Customs->generateCainiaoSticker(Array)
#2 /var/www/user/data/www/aliexpr.avaks.org/integration/ali_express/ali_order_print.php(162): printCainiaoSticker(Object(Avaks\MS\OrderMS), '')
#3 {main}
2020-01-31 09:55:56 tetstts Mpdf\MpdfException: Error detected. PDF file generation aborted: Invalid argument supplied for foreach() in /var/www/user/data/www/aliexpr.avaks.org/integration/ali_express/ali_order_print.php:87
Stack trace:
#0 /var/www/user/data/www/aliexpr.avaks.org/integration/src/Customs.php(287): Mpdf\Mpdf->Output(NULL, 'S')
#1 /var/www/user/data/www/aliexpr.avaks.org/integration/ali_express/ali_order_print.php(116): Avaks\Customs->generateCainiaoSticker(Array)
#2 /var/www/user/data/www/aliexpr.avaks.org/integration/ali_express/ali_order_print.php(162): printCainiaoSticker(Object(Avaks\MS\OrderMS), '')
#3 {main}
2020-01-31 10:04:22 tetstts Mpdf\MpdfException: Error detected. PDF file generation aborted: Invalid argument supplied for foreach() in /var/www/user/data/www/aliexpr.avaks.org/integration/ali_express/ali_order_print.php:87
Stack trace:
#0 /var/www/user/data/www/aliexpr.avaks.org/integration/src/Customs.php(287): Mpdf\Mpdf->Output(NULL, 'S')
#1 /var/www/user/data/www/aliexpr.avaks.org/integration/ali_express/ali_order_print.php(116): Avaks\Customs->generateCainiaoSticker(Array)
#2 /var/www/user/data/www/aliexpr.avaks.org/integration/ali_express/ali_order_print.php(162): printCainiaoSticker(Object(Avaks\MS\OrderMS), '')
#3 {main}
2020-02-07 11:00:05 5003006550809730 Mpdf\MpdfException: Error detected. PDF file generation aborted: Undefined variable: barcode2 in /var/www/user/data/www/aliexpr.avaks.org/integration/src/Customs.php:269
Stack trace:
#0 /var/www/user/data/www/aliexpr.avaks.org/integration/src/Customs.php(287): Mpdf\Mpdf->Output(NULL, 'S')
#1 /var/www/user/data/www/aliexpr.avaks.org/integration/ali_express/ali_order_print.php(116): Avaks\Customs->generateCainiaoSticker(Array)
#2 /var/www/user/data/www/aliexpr.avaks.org/integration/ali_express/ali_order_print.php(162): printCainiaoSticker(Object(Avaks\MS\OrderMS), '50002301042q0Os...')
#3 {main}
2020-02-07 20:00:34 5002956882167225 Mpdf\MpdfException: Error detected. PDF file generation aborted: file_get_contents(http://aliexpr.avaks.org/integration/images/cainiaoSticker/template-1.png): failed to open stream: HTTP request failed! HTTP/1.1 403 Forbidden
 in /var/www/user/data/www/aliexpr.avaks.org/integration/vendor/mpdf/mpdf/src/Image/ImageProcessor.php:234
Stack trace:
#0 /var/www/user/data/www/aliexpr.avaks.org/integration/src/Customs.php(287): Mpdf\Mpdf->Output(NULL, 'S')
#1 /var/www/user/data/www/aliexpr.avaks.org/integration/ali_express/ali_order_print.php(116): Avaks\Customs->generateCainiaoSticker(Array)
#2 /var/www/user/data/www/aliexpr.avaks.org/integration/ali_express/ali_order_print.php(162): printCainiaoSticker(Object(Avaks\MS\OrderMS), '50002500b13gvik...')
#3 {main}
