{"errors":[{"error":"Ошибка формата: входящий запрос не соответствует формату JSON","code":2001,"moreInfo":"https://online.moysklad.ru/api/remap/1.1/doc#обработка-ошибок-2001","line":2,"column":52}]}{"errors":[{"error":"Ошибка формата: входящий запрос не соответствует формату JSON","code":2001,"moreInfo":"https://online.moysklad.ru/api/remap/1.1/doc#обработка-ошибок-2001","line":2,"column":52}]}2019-11-20 15:23:05{"errors":[{"error":"Не указан идентификатор объекта","code":1012,"moreInfo":"https://online.moysklad.ru/api/remap/1.1/doc#обработка-ошибок-1012"}]} 5001722108797220
2019-11-20 15:30:09{"errors":[{"error":"Не указан идентификатор объекта","code":1012,"moreInfo":"https://online.moysklad.ru/api/remap/1.1/doc#обработка-ошибок-1012"}]} 5001722108797220
2019-11-20 15:44:29{"errors":[{"error":"Не указан идентификатор объекта","code":1012,"moreInfo":"https://online.moysklad.ru/api/remap/1.1/doc#обработка-ошибок-1012"}]} 5001737503300751
2019-11-20 15:51:41{"errors":[{"error":"Неопознанный путь: customerorder/5001737503300751","code":1002,"moreInfo":"https://online.moysklad.ru/api/remap/1.1/doc#обработка-ошибок-1002"}]} 5001737503300751
2019-11-20 15:54:53{"errors":[{"error":"Неопознанный путь: customerorder/5001737503300751","code":1002,"moreInfo":"https://online.moysklad.ru/api/remap/1.1/doc#обработка-ошибок-1002"}]} 5001737503300751
2019-11-20 16:00:13{"errors":[{"error":"Неопознанный путь: customerorder/5001737503300751","code":1002,"moreInfo":"https://online.moysklad.ru/api/remap/1.1/doc#обработка-ошибок-1002"}]} 5001737503300751
2019-11-20 16:00:42{"errors":[{"error":"Не указан идентификатор объекта","code":1012,"moreInfo":"https://online.moysklad.ru/api/remap/1.1/doc#обработка-ошибок-1012"}]} 
2019-11-20 16:01:53{"errors":[{"error":"Не указан идентификатор объекта","code":1012,"moreInfo":"https://online.moysklad.ru/api/remap/1.1/doc#обработка-ошибок-1012"}]} 
2019-11-20 16:03:36{"errors":[{"error":"Неопознанный путь: customerorder/5001722108797220","code":1002,"moreInfo":"https://online.moysklad.ru/api/remap/1.1/doc#обработка-ошибок-1002"}]} 5001722108797220
2019-11-26 10:04:10{"errors":[{"error":"Ошибка сохранения объекта: объект уже изменен/удален в параллельном запросе","code":1065,"moreInfo":"https://online.moysklad.ru/api/remap/1.1/doc#обработка-ошибок-1065"}]} 5001791893980991
2019-11-29 12:01:14{"errors":[{"error":"Ошибка сохранения объекта: объект уже изменен/удален в параллельном запросе","code":1065,"moreInfo":"https://online.moysklad.ru/api/remap/1.1/doc#обработка-ошибок-1065"}]} 5001862940178296
2019-11-29 16:30:17{"errors":[{"error":"Ошибка сохранения объекта: объект уже изменен/удален в параллельном запросе","code":1065,"moreInfo":"https://online.moysklad.ru/api/remap/1.1/doc#обработка-ошибок-1065"}]} 8007150157316521
2019-11-29 16:30:44{"errors":[{"error":"Ошибка сохранения объекта: объект уже изменен/удален в параллельном запросе","code":1065,"moreInfo":"https://online.moysklad.ru/api/remap/1.1/doc#обработка-ошибок-1065"}]} 8007003056513217
2019-12-01 13:30:22{"errors":[{"error":"Ошибка сохранения объекта: объект уже изменен/удален в параллельном запросе","code":1065,"moreInfo":"https://online.moysklad.ru/api/remap/1.1/doc#обработка-ошибок-1065"}]} 8007200497267313
2019-12-01 16:30:29{"errors":[{"error":"Ошибка сохранения объекта: объект уже изменен/удален в параллельном запросе","code":1065,"moreInfo":"https://online.moysklad.ru/api/remap/1.1/doc#обработка-ошибок-1065"}]} 5001952687401495
2019-12-01 17:30:22{"errors":[{"error":"Ошибка сохранения объекта: объект уже изменен/удален в параллельном запросе","code":1065,"moreInfo":"https://online.moysklad.ru/api/remap/1.1/doc#обработка-ошибок-1065"}]} 5001972181636517
2019-12-02 10:00:15{"errors":[{"error":"Ошибка сохранения объекта: объект уже изменен/удален в параллельном запросе","code":1065,"moreInfo":"https://online.moysklad.ru/api/remap/1.1/doc#обработка-ошибок-1065"}]} 5001957688460508
2019-12-02 22:00:20{"errors":[{"error":"Ошибка сохранения объекта: объект уже изменен/удален в параллельном запросе","code":1065,"moreInfo":"https://online.moysklad.ru/api/remap/1.1/doc#обработка-ошибок-1065"}]} 5001970733905122
2019-12-02 22:30:18{"errors":[{"error":"Ошибка сохранения объекта: объект уже изменен/удален в параллельном запросе","code":1065,"moreInfo":"https://online.moysklad.ru/api/remap/1.1/doc#обработка-ошибок-1065"}]} 8007388843756571
2019-12-03 13:30:19{"errors":[{"error":"Ошибка сохранения объекта: объект уже изменен/удален в параллельном запросе","code":1065,"moreInfo":"https://online.moysklad.ru/api/remap/1.1/doc#обработка-ошибок-1065"}]} 5001984570282959
2019-12-03 21:00:17{"errors":[{"error":"Ошибка сохранения объекта: объект уже изменен/удален в параллельном запросе","code":1065,"moreInfo":"https://online.moysklad.ru/api/remap/1.1/doc#обработка-ошибок-1065"}]} 5002037756234519
2019-12-04 12:01:10{"errors":[{"error":"Ошибка сохранения объекта: объект уже изменен/удален в параллельном запросе","code":1065,"moreInfo":"https://online.moysklad.ru/api/remap/1.1/doc#обработка-ошибок-1065"}]} 5002009292586509
2019-12-05 00:00:15{"errors":[{"error":"Ошибка сохранения объекта: объект уже изменен/удален в параллельном запросе","code":1065,"moreInfo":"https://online.moysklad.ru/api/remap/1.1/doc#обработка-ошибок-1065"}]} 5002062556178998
2019-12-06 15:30:18{"errors":[{"error":"Ошибка сохранения объекта: объект уже изменен/удален в параллельном запросе","code":1065,"moreInfo":"https://online.moysklad.ru/api/remap/1.1/doc#обработка-ошибок-1065"}]} 5002064358111495
2019-12-07 14:00:15{"errors":[{"error":"Ошибка сохранения объекта: объект уже изменен/удален в параллельном запросе","code":1065,"moreInfo":"https://online.moysklad.ru/api/remap/1.1/doc#обработка-ошибок-1065"}]} 5002087461069347
2019-12-08 14:00:33{"errors":[{"error":"Ошибка сохранения объекта: объект уже изменен/удален в параллельном запросе","code":1065,"moreInfo":"https://online.moysklad.ru/api/remap/1.1/doc#обработка-ошибок-1065"}]} 5002078777959069
2019-12-08 14:01:00{"errors":[{"error":"Ошибка сохранения объекта: объект уже изменен/удален в параллельном запросе","code":1065,"moreInfo":"https://online.moysklad.ru/api/remap/1.1/doc#обработка-ошибок-1065"}]} 5002078699125672
2019-12-09 08:30:15{"errors":[{"error":"Ошибка сохранения объекта: объект уже изменен/удален в параллельном запросе","code":1065,"moreInfo":"https://online.moysklad.ru/api/remap/1.1/doc#обработка-ошибок-1065"}]} 5002107550004468
2019-12-09 19:00:18{"errors":[{"error":"Ошибка сохранения объекта: объект уже изменен/удален в параллельном запросе","code":1065,"moreInfo":"https://online.moysklad.ru/api/remap/1.1/doc#обработка-ошибок-1065"}]} 8007691684175182
2019-12-10 01:30:21{"errors":[{"error":"Ошибка сохранения объекта: объект уже изменен/удален в параллельном запросе","code":1065,"moreInfo":"https://online.moysklad.ru/api/remap/1.1/doc#обработка-ошибок-1065"}]} 8007696178460005
2019-12-10 13:30:31{"errors":[{"error":"Ошибка сохранения объекта: объект уже изменен/удален в параллельном запросе","code":1065,"moreInfo":"https://online.moysklad.ru/api/remap/1.1/doc#обработка-ошибок-1065"}]} 8007699766613905
2019-12-12 13:00:23{"errors":[{"error":"Ошибка сохранения объекта: объект уже изменен/удален в параллельном запросе","code":1065,"moreInfo":"https://online.moysklad.ru/api/remap/1.1/doc#обработка-ошибок-1065"}]} 5002152467579869
2019-12-13 15:00:24{"errors":[{"error":"Ошибка сохранения объекта: объект уже изменен/удален в параллельном запросе","code":1065,"moreInfo":"https://online.moysklad.ru/api/remap/1.1/doc#обработка-ошибок-1065"}]} 8007999676324563
2019-12-13 17:00:39{"errors":[{"error":"Ошибка сохранения объекта: объект уже изменен/удален в параллельном запросе","code":1065,"moreInfo":"https://online.moysklad.ru/api/remap/1.1/doc#обработка-ошибок-1065"}]} 5002140412931877
2019-12-14 00:00:30{"errors":[{"error":"Ошибка сохранения объекта: объект уже изменен/удален в параллельном запросе","code":1065,"moreInfo":"https://online.moysklad.ru/api/remap/1.1/doc#обработка-ошибок-1065"}]} 8007914464055916
2019-12-14 02:00:15{"errors":[{"error":"Ошибка сохранения объекта: объект уже изменен/удален в параллельном запросе","code":1065,"moreInfo":"https://online.moysklad.ru/api/remap/1.1/doc#обработка-ошибок-1065"}]} 5002168135782884
2019-12-14 17:00:25{"errors":[{"error":"Ошибка сохранения объекта: объект уже изменен/удален в параллельном запросе","code":1065,"moreInfo":"https://online.moysklad.ru/api/remap/1.1/doc#обработка-ошибок-1065"}]} 5002179329036086
2019-12-14 19:00:23{"errors":[{"error":"Ошибка сохранения объекта: объект уже изменен/удален в параллельном запросе","code":1065,"moreInfo":"https://online.moysklad.ru/api/remap/1.1/doc#обработка-ошибок-1065"}]} 5002181092101660
2019-12-15 10:00:13{"errors":[{"error":"Ошибка сохранения объекта: объект уже изменен/удален в параллельном запросе","code":1065,"moreInfo":"https://online.moysklad.ru/api/remap/1.1/doc#обработка-ошибок-1065"}]} 5002164324578645
2019-12-15 15:01:13{"errors":[{"error":"Ошибка сохранения объекта: объект уже изменен/удален в параллельном запросе","code":1065,"moreInfo":"https://online.moysklad.ru/api/remap/1.1/doc#обработка-ошибок-1065"}]} 8007972149774501
2019-12-15 18:30:18{"errors":[{"error":"Ошибка сохранения объекта: объект уже изменен/удален в параллельном запросе","code":1065,"moreInfo":"https://online.moysklad.ru/api/remap/1.1/doc#обработка-ошибок-1065"}]} 5002216071164507
2019-12-15 21:00:28{"errors":[{"error":"Ошибка сохранения объекта: объект уже изменен/удален в параллельном запросе","code":1065,"moreInfo":"https://online.moysklad.ru/api/remap/1.1/doc#обработка-ошибок-1065"}]} 5002218230730651
2019-12-16 11:00:40{"errors":[{"error":"Ошибка сохранения объекта: объект уже изменен/удален в параллельном запросе","code":1065,"moreInfo":"https://online.moysklad.ru/api/remap/1.1/doc#обработка-ошибок-1065"}]} 5002179694670137
2019-12-16 12:30:32{"errors":[{"error":"Ошибка сохранения объекта: объект уже изменен/удален в параллельном запросе","code":1065,"moreInfo":"https://online.moysklad.ru/api/remap/1.1/doc#обработка-ошибок-1065"}]} 8007989961234501
2019-12-17 12:00:20{"errors":[{"error":"Ошибка сохранения объекта: объект уже изменен/удален в параллельном запросе","code":1065,"moreInfo":"https://online.moysklad.ru/api/remap/1.1/doc#обработка-ошибок-1065"}]} 5002228700170373
2019-12-17 17:00:27{"errors":[{"error":"Ошибка сохранения объекта: объект уже изменен/удален в параллельном запросе","code":1065,"moreInfo":"https://online.moysklad.ru/api/remap/1.1/doc#обработка-ошибок-1065"}]} 5002242398003703
2019-12-18 00:30:17{"errors":[{"error":"Ошибка сохранения объекта: объект уже изменен/удален в параллельном запросе","code":1065,"moreInfo":"https://online.moysklad.ru/api/remap/1.1/doc#обработка-ошибок-1065"}]} 5002247190251901
2019-12-19 10:30:24{"errors":[{"error":"Ошибка сохранения объекта: объект уже изменен/удален в параллельном запросе","code":1065,"moreInfo":"https://online.moysklad.ru/api/remap/1.1/doc#обработка-ошибок-1065"}]} 5002254460791988
2019-12-19 16:30:12{"errors":[{"error":"Ошибка сохранения объекта: объект уже изменен/удален в параллельном запросе","code":1065,"moreInfo":"https://online.moysklad.ru/api/remap/1.1/doc#обработка-ошибок-1065"}]} 5002257026710668
2019-12-19 18:30:33{"errors":[{"error":"Ошибка сохранения объекта: объект уже изменен/удален в параллельном запросе","code":1065,"moreInfo":"https://online.moysklad.ru/api/remap/1.1/doc#обработка-ошибок-1065"}]} 5002263860695032
2019-12-19 19:00:21{"errors":[{"error":"Ошибка сохранения объекта: объект уже изменен/удален в параллельном запросе","code":1065,"moreInfo":"https://online.moysklad.ru/api/remap/1.1/doc#обработка-ошибок-1065"}]} 5002270314876264
2019-12-20 14:15:08{"errors":[{"error":"Ошибка сохранения объекта: объект уже изменен/удален в параллельном запросе","code":1065,"moreInfo":"https://online.moysklad.ru/api/remap/1.1/doc#обработка-ошибок-1065"}]} 5002260847753680
2019-12-20 14:30:23{"errors":[{"error":"Ошибка сохранения объекта: объект уже изменен/удален в параллельном запросе","code":1065,"moreInfo":"https://online.moysklad.ru/api/remap/1.1/doc#обработка-ошибок-1065"}]} 5002229447931607
2019-12-21 00:30:11{"errors":[{"error":"Ошибка сохранения объекта: объект уже изменен/удален в параллельном запросе","code":1065,"moreInfo":"https://online.moysklad.ru/api/remap/1.1/doc#обработка-ошибок-1065"}]} 5002285839163200
2019-12-22 16:00:18{"errors":[{"error":"Ошибка сохранения объекта: объект уже изменен/удален в параллельном запросе","code":1065,"moreInfo":"https://online.moysklad.ru/api/remap/1.1/doc#обработка-ошибок-1065"}]} 8008237982272613
2019-12-23 00:30:17{"errors":[{"error":"Ошибка сохранения объекта: объект уже изменен/удален в параллельном запросе","code":1065,"moreInfo":"https://online.moysklad.ru/api/remap/1.1/doc#обработка-ошибок-1065"}]} 5002309518349133
2019-12-23 20:30:23{"errors":[{"error":"Ошибка сохранения объекта: объект уже изменен/удален в параллельном запросе","code":1065,"moreInfo":"https://online.moysklad.ru/api/remap/1.1/doc#обработка-ошибок-1065"}]} 5002269364397070
2019-12-24 19:30:18{"errors":[{"error":"Ошибка сохранения объекта: объект уже изменен/удален в параллельном запросе","code":1065,"moreInfo":"https://online.moysklad.ru/api/remap/1.1/doc#обработка-ошибок-1065"}]} 8008310544292984
2019-12-26 14:18:07{"errors":[{"error":"Ошибка сохранения объекта: объект уже изменен/удален в параллельном запросе","code":1065,"moreInfo":"https://online.moysklad.ru/api/remap/1.1/doc#обработка-ошибок-1065"}]} 5002334360076387
2019-12-28 16:30:17{"errors":[{"error":"Ошибка сохранения объекта: объект уже изменен/удален в параллельном запросе","code":1065,"moreInfo":"https://online.moysklad.ru/api/remap/1.1/doc#обработка-ошибок-1065"}]} 8008426727577677
2019-12-29 08:30:15{"errors":[{"error":"Ошибка сохранения объекта: объект уже изменен/удален в параллельном запросе","code":1065,"moreInfo":"https://online.moysklad.ru/api/remap/1.1/doc#обработка-ошибок-1065"}]} 5002336968421077
2019-12-29 12:30:20{"errors":[{"error":"Ошибка сохранения объекта: объект уже изменен/удален в параллельном запросе","code":1065,"moreInfo":"https://online.moysklad.ru/api/remap/1.1/doc#обработка-ошибок-1065"}]} 5002371969015362
2019-12-30 11:00:23{"errors":[{"error":"Ошибка сохранения объекта: объект уже изменен/удален в параллельном запросе","code":1065,"moreInfo":"https://online.moysklad.ru/api/remap/1.1/doc#обработка-ошибок-1065"}]} 5002373332666890
2020-01-06 14:30:22{"errors":[{"error":"Ошибка сохранения объекта: объект уже изменен/удален в параллельном запросе","code":1065,"moreInfo":"https://online.moysklad.ru/api/remap/1.1/doc#обработка-ошибок-1065"}]} 5002497511715490
2020-01-09 14:30:18{"errors":[{"error":"Ошибка сохранения объекта: объект уже изменен/удален в параллельном запросе","code":1065,"moreInfo":"https://online.moysklad.ru/api/remap/1.1/doc#обработка-ошибок-1065"}]} 5002512562931583
2020-01-10 18:45:08{"errors":[{"error":"Ошибка сохранения объекта: объект уже изменен/удален в параллельном запросе","code":1065,"moreInfo":"https://online.moysklad.ru/api/remap/1.1/doc#обработка-ошибок-1065"}]} 5002582308932308
2020-01-10 19:00:38{"errors":[{"error":"Ошибка сохранения объекта: объект уже изменен/удален в параллельном запросе","code":1065,"moreInfo":"https://online.moysklad.ru/api/remap/1.1/doc#обработка-ошибок-1065"}]} 5002582308932308
2020-01-11 09:30:16{"errors":[{"error":"Ошибка сохранения объекта: объект уже изменен/удален в параллельном запросе","code":1065,"moreInfo":"https://online.moysklad.ru/api/remap/1.1/doc#обработка-ошибок-1065"}]} 5002595001320278
2020-01-12 23:30:36{"errors":[{"error":"Ошибка сохранения объекта: объект уже изменен/удален в параллельном запросе","code":1065,"moreInfo":"https://online.moysklad.ru/api/remap/1.1/doc#обработка-ошибок-1065"}]} 5002619542231352
2020-01-16 12:30:15{"errors":[{"error":"Ошибка сохранения объекта: объект уже изменен/удален в параллельном запросе","code":1065,"moreInfo":"https://online.moysklad.ru/api/remap/1.1/doc#обработка-ошибок-1065"}]} 5002681563596456
2020-01-20 14:30:26{"errors":[{"error":"Ошибка сохранения объекта: объект уже изменен/удален в параллельном запросе","code":1065,"moreInfo":"https://online.moysklad.ru/api/remap/1.1/doc#обработка-ошибок-1065"}]} 5002728497647949
2020-01-20 22:30:20{"errors":[{"error":"Ошибка сохранения объекта: объект уже изменен/удален в параллельном запросе","code":1065,"moreInfo":"https://online.moysklad.ru/api/remap/1.1/doc#обработка-ошибок-1065"}]} 5002748934532266
2020-01-21 03:30:38{"errors":[{"error":"Ошибка сохранения объекта: объект уже изменен/удален в параллельном запросе","code":1065,"moreInfo":"https://online.moysklad.ru/api/remap/1.1/doc#обработка-ошибок-1065"}]} 8009614028000005
2020-01-21 17:30:22{"errors":[{"error":"Ошибка сохранения объекта: объект уже изменен/удален в параллельном запросе","code":1065,"moreInfo":"https://online.moysklad.ru/api/remap/1.1/doc#обработка-ошибок-1065"}]} 8009664700143072
2020-01-22 14:30:26{"errors":[{"error":"Ошибка сохранения объекта: объект уже изменен/удален в параллельном запросе","code":1065,"moreInfo":"https://online.moysklad.ru/api/remap/1.1/doc#обработка-ошибок-1065"}]} 5002801035995109
2020-01-22 15:00:22{"errors":[{"error":"Ошибка сохранения объекта: объект уже изменен/удален в параллельном запросе","code":1065,"moreInfo":"https://online.moysklad.ru/api/remap/1.1/doc#обработка-ошибок-1065"}]} 5002802633387193
2020-01-23 19:09:39{"errors":[{"error":"Ошибка сохранения объекта: объект уже изменен/удален в параллельном запросе","code":1065,"moreInfo":"https://online.moysklad.ru/api/remap/1.1/doc#обработка-ошибок-1065"}]} 5002818315574435
2020-01-23 19:09:49{"errors":[{"error":"Ошибка сохранения объекта: объект уже изменен/удален в параллельном запросе","code":1065,"moreInfo":"https://online.moysklad.ru/api/remap/1.1/doc#обработка-ошибок-1065"}]} 5002810260814435
2020-01-24 09:25:53{"errors":[{"error":"Ошибка сохранения объекта: объект уже изменен/удален в параллельном запросе","code":1065,"moreInfo":"https://online.moysklad.ru/api/remap/1.1/doc#обработка-ошибок-1065"}]} 5002815302986691
2020-01-24 16:30:14{"errors":[{"error":"Ошибка сохранения объекта: объект уже изменен/удален в параллельном запросе","code":1065,"moreInfo":"https://online.moysklad.ru/api/remap/1.1/doc#обработка-ошибок-1065"}]} 5002806372934833
2020-01-24 18:15:18{"errors":[{"error":"Ошибка сохранения объекта: объект уже изменен/удален в параллельном запросе","code":1065,"moreInfo":"https://online.moysklad.ru/api/remap/1.1/doc#обработка-ошибок-1065"}]} 8009784825593604
2020-01-24 23:00:27{"errors":[{"error":"Ошибка сохранения объекта: объект уже изменен/удален в параллельном запросе","code":1065,"moreInfo":"https://online.moysklad.ru/api/remap/1.1/doc#обработка-ошибок-1065"}]} 8009824308112343
2020-01-27 09:30:16{"errors":[{"error":"Ошибка сохранения объекта: объект уже изменен/удален в параллельном запросе","code":1065,"moreInfo":"https://online.moysklad.ru/api/remap/1.1/doc#обработка-ошибок-1065"}]} 5002863264242646
2020-01-28 18:23:04{"errors":[{"error":"Ошибка сохранения объекта: объект уже изменен/удален в параллельном запросе","code":1065,"moreInfo":"https://online.moysklad.ru/api/remap/1.1/doc#обработка-ошибок-1065"}]} 5002882507857563
2020-01-31 11:30:19{"errors":[{"error":"Ошибка сохранения объекта: объект уже изменен/удален в параллельном запросе","code":1065,"moreInfo":"https://online.moysklad.ru/api/remap/1.1/doc#обработка-ошибок-1065"}]} 5002923223351889
2020-01-31 14:30:25{"errors":[{"error":"Ошибка сохранения объекта: объект уже изменен/удален в параллельном запросе","code":1065,"moreInfo":"https://online.moysklad.ru/api/remap/1.1/doc#обработка-ошибок-1065"}]} 5002925158933517
2020-02-02 07:30:19{"errors":[{"error":"Ошибка сохранения объекта: объект уже изменен/удален в параллельном запросе","code":1065,"moreInfo":"https://online.moysklad.ru/api/remap/1.1/doc#обработка-ошибок-1065"}]} 5002946278934173
2020-02-02 23:30:13{"errors":[{"error":"Ошибка сохранения объекта: объект уже изменен/удален в параллельном запросе","code":1065,"moreInfo":"https://online.moysklad.ru/api/remap/1.1/doc#обработка-ошибок-1065"}]} 5002955318510542
2020-02-09 22:15:40{"errors":[{"error":"Ошибка сохранения объекта: объект уже изменен/удален в параллельном запросе","code":1065,"moreInfo":"https://online.moysklad.ru/api/remap/1.1/doc#обработка-ошибок-1065"}]} 5003000333736757
