2019-11-19 15:16:58Return error  POST BODY IS {
        "name": "5001071399917356",
        "moment": "2019-11-05 19:07:12",
        "deliveryPlannedMoment": "2019-11-05 23:07:12",
        "applicable": true,
        "owner": {
            "meta": {
                "href": "https://online.moysklad.ru/api/remap/1.1/entity/employee/96e93084-5588-11e9-9107-5048000ac025",
                "type": "employee",
                "mediaType": "application/json"
            }
        },
        "description": "5001071399917356\nMorphy Richards (ID 5017058)\n/*Складу - вложить гарантийный талон \n/*Логистам - Отправить клиенту согласно заполненным полям\nЗАКАЗ ОПЛАЧЕН\nescrow_fee_rates:  05011832059246=0.05\nКомиссия:372.5",
        "vatEnabled": false,
        "shared": true,
        "organization": {
            "meta": {
                "href": "https://online.moysklad.ru/api/remap/1.1/entity/organization/326d65ca-75c5-11e5-7a40-e8970013991b",
                "type": "organization",
                "mediaType": "application/json"
            }
        },
        "agent": {
            "meta": {
                "href": "https://online.moysklad.ru/api/remap/1.1/entity/counterparty/1b33fbc1-5539-11e9-9ff4-315000060bc8",
                "type": "counterparty",
                "mediaType": "application/json"
            }
        },	
        "state": {
            "meta": {
                "href": "https://online.moysklad.ru/api/remap/1.1/entity/customerorder/metadata/states/ecf45f89-f518-11e6-7a69-9711000ff0c4",
                "type": "state",
                "mediaType": "application/json"
            }
        },
        "store": {
            "meta": {
                "href": "https://online.moysklad.ru/api/remap/1.1/entity/store/48de3b8e-8b84-11e9-9ff4-34e8001a4ea1",
                "metadataHref": "https://online.moysklad.ru/api/remap/1.1/entity/store/metadata",
                "type": "store",
                "mediaType": "application/json",
                "uuidHref": "https://online.moysklad.ru/app/#warehouse/edit?id=48de3b8e-8b84-11e9-9ff4-34e8001a4ea1"
            }
        },
        "attributes": [{
                "id": "5b766cb9-ef7e-11e6-7a31-d0fd001e5310",
                "value": "Зоя Анатольевна"
            },
            {
                "id": "547ff930-ef8e-11e6-7a31-d0fd0021d13e",
                "value": "142181, РФ, Moskovskaya oblast, Podolsk, Леспроект, дом 23"
            },
            {
                "id": "1bf09429-ef77-11e6-7a31-d0fd001c9667",
                "value": "+79165741218"
            },
            {
                "id": "547ffc2a-ef8e-11e6-7a31-d0fd0021d141",
                "value": 372
            },
            {
                "id": "4552a58b-46a8-11e7-7a34-5acf002eb7ad",
                "value": {
                    "name": "Cainiao"
                }
            },
            {
                "id": "c4e03fe6-46f3-11e8-9ff4-34e8002246bf",
                "value": {
                    "name": "--"
                }
            }
        ],
        "positions": [{"quantity":1,"price":745000,"discount":0,"vat":0,"assortment":{"meta":{"href":"https://online.moysklad.ru/api/remap/1.1/entity/product/0aea12c8-c4e4-11e9-9ff4-315000085aec","type":"product","mediaType":"application/json"}},"reserve":1}]
    }
2019-11-19 15:19:05Return error  POST BODY IS {
        "name": "5001071399917356",
        "moment": "2019-11-05 19:07:12",
        "deliveryPlannedMoment": "2019-11-05 23:07:12",
        "applicable": true,
        "owner": {
            "meta": {
                "href": "https://online.moysklad.ru/api/remap/1.1/entity/employee/96e93084-5588-11e9-9107-5048000ac025",
                "type": "employee",
                "mediaType": "application/json"
            }
        },
        "description": "5001071399917356\nMorphy Richards (ID 5017058)\n/*Складу - вложить гарантийный талон \n/*Логистам - Отправить клиенту согласно заполненным полям\nЗАКАЗ ОПЛАЧЕН\nescrow_fee_rates:  05011832059246=0.05\nКомиссия:372.5",
        "vatEnabled": false,
        "shared": true,
        "organization": {
            "meta": {
                "href": "https://online.moysklad.ru/api/remap/1.1/entity/organization/326d65ca-75c5-11e5-7a40-e8970013991b",
                "type": "organization",
                "mediaType": "application/json"
            }
        },
        "agent": {
            "meta": {
                "href": "https://online.moysklad.ru/api/remap/1.1/entity/counterparty/1b33fbc1-5539-11e9-9ff4-315000060bc8",
                "type": "counterparty",
                "mediaType": "application/json"
            }
        },	
        "state": {
            "meta": {
                "href": "https://online.moysklad.ru/api/remap/1.1/entity/customerorder/metadata/states/ecf45f89-f518-11e6-7a69-9711000ff0c4",
                "type": "state",
                "mediaType": "application/json"
            }
        },
        "store": {
            "meta": {
                "href": "https://online.moysklad.ru/api/remap/1.1/entity/store/48de3b8e-8b84-11e9-9ff4-34e8001a4ea1",
                "metadataHref": "https://online.moysklad.ru/api/remap/1.1/entity/store/metadata",
                "type": "store",
                "mediaType": "application/json",
                "uuidHref": "https://online.moysklad.ru/app/#warehouse/edit?id=48de3b8e-8b84-11e9-9ff4-34e8001a4ea1"
            }
        },
        "attributes": [{
                "id": "5b766cb9-ef7e-11e6-7a31-d0fd001e5310",
                "value": "Зоя Анатольевна"
            },
            {
                "id": "547ff930-ef8e-11e6-7a31-d0fd0021d13e",
                "value": "142181, РФ, Moskovskaya oblast, Podolsk, Леспроект, дом 23"
            },
            {
                "id": "1bf09429-ef77-11e6-7a31-d0fd001c9667",
                "value": "+79165741218"
            },
            {
                "id": "547ffc2a-ef8e-11e6-7a31-d0fd0021d141",
                "value": 372
            },
            {
                "id": "4552a58b-46a8-11e7-7a34-5acf002eb7ad",
                "value": {
                    "name": "Cainiao"
                }
            },
            {
                "id": "c4e03fe6-46f3-11e8-9ff4-34e8002246bf",
                "value": {
                    "name": "--"
                }
            }
        ],
        "positions": [{"quantity":1,"price":745000,"discount":0,"vat":0,"assortment":{"meta":{"href":"https://online.moysklad.ru/api/remap/1.1/entity/product/0aea12c8-c4e4-11e9-9ff4-315000085aec","type":"product","mediaType":"application/json"}},"reserve":1}]
    }
2019-11-19 15:21:16Return error  POST BODY IS {
        "name": "5001244138099916",
        "moment": "2019-11-11 12:29:05",
        "deliveryPlannedMoment": "2019-11-11 16:29:05",
        "applicable": true,
        "owner": {
            "meta": {
                "href": "https://online.moysklad.ru/api/remap/1.1/entity/employee/96e93084-5588-11e9-9107-5048000ac025",
                "type": "employee",
                "mediaType": "application/json"
            }
        },
        "description": "5001244138099916\nMorphy Richards (ID 5017058)\n/*Складу - вложить гарантийный талон \n/*Логистам - Отправить клиенту согласно заполненным полям\nЗАКАЗ ОПЛАЧЕН\nescrow_fee_rates:  05011832053725=0.05, 15011832056023=0.05\nКомиссия:1149.55",
        "vatEnabled": false,
        "shared": true,
        "organization": {
            "meta": {
                "href": "https://online.moysklad.ru/api/remap/1.1/entity/organization/326d65ca-75c5-11e5-7a40-e8970013991b",
                "type": "organization",
                "mediaType": "application/json"
            }
        },
        "agent": {
            "meta": {
                "href": "https://online.moysklad.ru/api/remap/1.1/entity/counterparty/1b33fbc1-5539-11e9-9ff4-315000060bc8",
                "type": "counterparty",
                "mediaType": "application/json"
            }
        },	
        "state": {
            "meta": {
                "href": "https://online.moysklad.ru/api/remap/1.1/entity/customerorder/metadata/states/ecf45f89-f518-11e6-7a69-9711000ff0c4",
                "type": "state",
                "mediaType": "application/json"
            }
        },
        "store": {
            "meta": {
                "href": "https://online.moysklad.ru/api/remap/1.1/entity/store/48de3b8e-8b84-11e9-9ff4-34e8001a4ea1",
                "metadataHref": "https://online.moysklad.ru/api/remap/1.1/entity/store/metadata",
                "type": "store",
                "mediaType": "application/json",
                "uuidHref": "https://online.moysklad.ru/app/#warehouse/edit?id=48de3b8e-8b84-11e9-9ff4-34e8001a4ea1"
            }
        },
        "attributes": [{
                "id": "5b766cb9-ef7e-11e6-7a31-d0fd001e5310",
                "value": "Подопригора Алена"
            },
            {
                "id": "547ff930-ef8e-11e6-7a31-d0fd0021d13e",
                "value": "196657, РФ, Saint Petersburg, Kolpino, 24 бульвар Трудящихся,Колпинский, 85"
            },
            {
                "id": "1bf09429-ef77-11e6-7a31-d0fd001c9667",
                "value": "+79219563874"
            },
            {
                "id": "547ffc2a-ef8e-11e6-7a31-d0fd0021d141",
                "value": 1149
            },
            {
                "id": "4552a58b-46a8-11e7-7a34-5acf002eb7ad",
                "value": {
                    "name": "Cainiao"
                }
            },
            {
                "id": "c4e03fe6-46f3-11e8-9ff4-34e8002246bf",
                "value": {
                    "name": "--"
                }
            }
        ],
        "positions": [{"quantity":1,"price":2299000,"discount":0,"vat":0,"assortment":{"meta":{"href":"https://online.moysklad.ru/api/remap/1.1/entity/product/6a6d48fe-30c7-11e8-9107-5048000e85ec","type":"product","mediaType":"application/json"}},"reserve":1},{"quantity":1,"price":100,"discount":0,"vat":0,"assortment":{"meta":{"href":"https://online.moysklad.ru/api/remap/1.1/entity/product/e7408172-9941-11e8-9109-f8fc000961b6","type":"product","mediaType":"application/json"}},"reserve":1}]
    }
2019-11-19 15:55:58Return error  POST BODY IS {
        "name": "5001720021532591",
        "moment": "2019-11-19 13:26:23",
        "deliveryPlannedMoment": "2019-11-19 17:26:23",
        "applicable": true,
        "owner": {
            "meta": {
                "href": "https://online.moysklad.ru/api/remap/1.1/entity/employee/96e93084-5588-11e9-9107-5048000ac025",
                "type": "employee",
                "mediaType": "application/json"
            }
        },
        "description": "5001720021532591\nBESTGOODS (ID 5041091)\n/*Складу - вложить гарантийный талон \n/*Логистам - Отправить клиенту согласно заполненным полям\nescrow_fee_rates:  04716873849047=0.05, 14716873840129=0.05\nКомиссия:1134.1535",
        "vatEnabled": false,
        "shared": true,
        "organization": {
            "meta": {
                "href": "https://online.moysklad.ru/api/remap/1.1/entity/organization/326d65ca-75c5-11e5-7a40-e8970013991b",
                "type": "organization",
                "mediaType": "application/json"
            }
        },
        "agent": {
            "meta": {
                "href": "https://online.moysklad.ru/api/remap/1.1/entity/counterparty/1b33fbc1-5539-11e9-9ff4-315000060bc8",
                "type": "counterparty",
                "mediaType": "application/json"
            }
        },	
        "state": {
            "meta": {
                "href": "https://online.moysklad.ru/api/remap/1.1/entity/customerorder/metadata/states/552a994e-2905-11e7-7a31-d0fd002c3df2",
                "type": "state",
                "mediaType": "application/json"
            }
        },
        "store": {
            "meta": {
                "href": "https://online.moysklad.ru/api/remap/1.1/entity/store/48de3b8e-8b84-11e9-9ff4-34e8001a4ea1",
                "metadataHref": "https://online.moysklad.ru/api/remap/1.1/entity/store/metadata",
                "type": "store",
                "mediaType": "application/json",
                "uuidHref": "https://online.moysklad.ru/app/#warehouse/edit?id=48de3b8e-8b84-11e9-9ff4-34e8001a4ea1"
            }
        },
        "attributes": [{
                "id": "5b766cb9-ef7e-11e6-7a31-d0fd001e5310",
                "value": "Mirkhazov Ramil Fanisovich"
            },
            {
                "id": "547ff930-ef8e-11e6-7a31-d0fd0021d13e",
                "value": "125480, РФ, Moscow, Moscow, Vilisa Latsisa St,North-Western Administrative Okrug, 11, 27/2"
            },
            {
                "id": "1bf09429-ef77-11e6-7a31-d0fd001c9667",
                "value": "+79169304357"
            },
            {
                "id": "547ffc2a-ef8e-11e6-7a31-d0fd0021d141",
                "value": 1134
            },
            {
                "id": "4552a58b-46a8-11e7-7a34-5acf002eb7ad",
                "value": {
                    "name": "1 Не нужна доставка"
                }
            },
            {
                "id": "c4e03fe6-46f3-11e8-9ff4-34e8002246bf",
                "value": {
                    "name": "--"
                }
            }
        ],
        "positions": [{"quantity":1,"price":100,"discount":0,"vat":0,"assortment":{"meta":{"href":"https://online.moysklad.ru/api/remap/1.1/entity/product/7b86f54e-34c1-11e6-7a69-8f550012f578","type":"product","mediaType":"application/json"}},"reserve":1},{"quantity":1,"price":2249100,"discount":0,"vat":0,"assortment":{"meta":{"href":"https://online.moysklad.ru/api/remap/1.1/entity/product/2a9140fc-0844-11e9-9ff4-315000070727","type":"product","mediaType":"application/json"}},"reserve":1}]
    }
2019-11-19 15:57:32Return error  POST BODY IS {
        "name": "5001720021532591",
        "moment": "2019-11-19 13:26:23",
        "deliveryPlannedMoment": "2019-11-19 17:26:23",
        "applicable": true,
        "owner": {
            "meta": {
                "href": "https://online.moysklad.ru/api/remap/1.1/entity/employee/96e93084-5588-11e9-9107-5048000ac025",
                "type": "employee",
                "mediaType": "application/json"
            }
        },
        "description": "5001720021532591\nBESTGOODS (ID 5041091)\n/*Складу - вложить гарантийный талон \n/*Логистам - Отправить клиенту согласно заполненным полям\nescrow_fee_rates:  04716873849047=0.05, 14716873840129=0.05\nКомиссия:1134.1535",
        "vatEnabled": false,
        "shared": true,
        "organization": {
            "meta": {
                "href": "https://online.moysklad.ru/api/remap/1.1/entity/organization/326d65ca-75c5-11e5-7a40-e8970013991b",
                "type": "organization",
                "mediaType": "application/json"
            }
        },
        "agent": {
            "meta": {
                "href": "https://online.moysklad.ru/api/remap/1.1/entity/counterparty/1b33fbc1-5539-11e9-9ff4-315000060bc8",
                "type": "counterparty",
                "mediaType": "application/json"
            }
        },	
        "state": {
            "meta": {
                "href": "https://online.moysklad.ru/api/remap/1.1/entity/customerorder/metadata/states/552a994e-2905-11e7-7a31-d0fd002c3df2",
                "type": "state",
                "mediaType": "application/json"
            }
        },
        "store": {
            "meta": {
                "href": "https://online.moysklad.ru/api/remap/1.1/entity/store/48de3b8e-8b84-11e9-9ff4-34e8001a4ea1",
                "metadataHref": "https://online.moysklad.ru/api/remap/1.1/entity/store/metadata",
                "type": "store",
                "mediaType": "application/json",
                "uuidHref": "https://online.moysklad.ru/app/#warehouse/edit?id=48de3b8e-8b84-11e9-9ff4-34e8001a4ea1"
            }
        },
        "attributes": [{
                "id": "5b766cb9-ef7e-11e6-7a31-d0fd001e5310",
                "value": "Mirkhazov Ramil Fanisovich"
            },
            {
                "id": "547ff930-ef8e-11e6-7a31-d0fd0021d13e",
                "value": "125480, РФ, Moscow, Moscow, Vilisa Latsisa St,North-Western Administrative Okrug, 11, 27/2"
            },
            {
                "id": "1bf09429-ef77-11e6-7a31-d0fd001c9667",
                "value": "+79169304357"
            },
            {
                "id": "547ffc2a-ef8e-11e6-7a31-d0fd0021d141",
                "value": 1134
            },
            {
                "id": "4552a58b-46a8-11e7-7a34-5acf002eb7ad",
                "value": {
                    "name": "1 Не нужна доставка"
                }
            },
            {
                "id": "c4e03fe6-46f3-11e8-9ff4-34e8002246bf",
                "value": {
                    "name": "--"
                }
            }
        ],
        "positions": [{"quantity":1,"price":100,"discount":0,"vat":0,"assortment":{"meta":{"href":"https://online.moysklad.ru/api/remap/1.1/entity/product/7b86f54e-34c1-11e6-7a69-8f550012f578","type":"product","mediaType":"application/json"}},"reserve":1},{"quantity":1,"price":2249100,"discount":0,"vat":0,"assortment":{"meta":{"href":"https://online.moysklad.ru/api/remap/1.1/entity/product/2a9140fc-0844-11e9-9ff4-315000070727","type":"product","mediaType":"application/json"}},"reserve":1}]
    }
2019-11-19 15:59:35Return error  POST BODY IS {
        "name": "5001720021532591",
        "moment": "2019-11-19 13:26:23",
        "deliveryPlannedMoment": "2019-11-19 17:26:23",
        "applicable": true,
        "owner": {
            "meta": {
                "href": "https://online.moysklad.ru/api/remap/1.1/entity/employee/96e93084-5588-11e9-9107-5048000ac025",
                "type": "employee",
                "mediaType": "application/json"
            }
        },
        "description": "5001720021532591\nBESTGOODS (ID 5041091)\n/*Складу - вложить гарантийный талон \n/*Логистам - Отправить клиенту согласно заполненным полям\nescrow_fee_rates:  04716873849047=0.05, 14716873840129=0.05\nКомиссия:1134.1535",
        "vatEnabled": false,
        "shared": true,
        "organization": {
            "meta": {
                "href": "https://online.moysklad.ru/api/remap/1.1/entity/organization/326d65ca-75c5-11e5-7a40-e8970013991b",
                "type": "organization",
                "mediaType": "application/json"
            }
        },
        "agent": {
            "meta": {
                "href": "https://online.moysklad.ru/api/remap/1.1/entity/counterparty/1b33fbc1-5539-11e9-9ff4-315000060bc8",
                "type": "counterparty",
                "mediaType": "application/json"
            }
        },	
        "state": {
            "meta": {
                "href": "https://online.moysklad.ru/api/remap/1.1/entity/customerorder/metadata/states/552a994e-2905-11e7-7a31-d0fd002c3df2",
                "type": "state",
                "mediaType": "application/json"
            }
        },
        "store": {
            "meta": {
                "href": "https://online.moysklad.ru/api/remap/1.1/entity/store/48de3b8e-8b84-11e9-9ff4-34e8001a4ea1",
                "metadataHref": "https://online.moysklad.ru/api/remap/1.1/entity/store/metadata",
                "type": "store",
                "mediaType": "application/json",
                "uuidHref": "https://online.moysklad.ru/app/#warehouse/edit?id=48de3b8e-8b84-11e9-9ff4-34e8001a4ea1"
            }
        },
        "attributes": [{
                "id": "5b766cb9-ef7e-11e6-7a31-d0fd001e5310",
                "value": "Mirkhazov Ramil Fanisovich"
            },
            {
                "id": "547ff930-ef8e-11e6-7a31-d0fd0021d13e",
                "value": "125480, РФ, Moscow, Moscow, Vilisa Latsisa St,North-Western Administrative Okrug, 11, 27/2"
            },
            {
                "id": "1bf09429-ef77-11e6-7a31-d0fd001c9667",
                "value": "+79169304357"
            },
            {
                "id": "547ffc2a-ef8e-11e6-7a31-d0fd0021d141",
                "value": 1134
            },
            {
                "id": "4552a58b-46a8-11e7-7a34-5acf002eb7ad",
                "value": {
                    "name": "1 Не нужна доставка"
                }
            },
            {
                "id": "c4e03fe6-46f3-11e8-9ff4-34e8002246bf",
                "value": {
                    "name": "--"
                }
            }
        ],
        "positions": [{"quantity":1,"price":100,"discount":0,"vat":0,"assortment":{"meta":{"href":"https://online.moysklad.ru/api/remap/1.1/entity/product/7b86f54e-34c1-11e6-7a69-8f550012f578","type":"product","mediaType":"application/json"}},"reserve":1},{"quantity":1,"price":2249100,"discount":0,"vat":0,"assortment":{"meta":{"href":"https://online.moysklad.ru/api/remap/1.1/entity/product/2a9140fc-0844-11e9-9ff4-315000070727","type":"product","mediaType":"application/json"}},"reserve":1}]
    }
2019-11-19 16:02:28Return error  POST BODY IS {
        "name": "5001720021532591",
        "moment": "2019-11-19 13:26:23",
        "deliveryPlannedMoment": "2019-11-19 17:26:23",
        "applicable": true,
        "owner": {
            "meta": {
                "href": "https://online.moysklad.ru/api/remap/1.1/entity/employee/96e93084-5588-11e9-9107-5048000ac025",
                "type": "employee",
                "mediaType": "application/json"
            }
        },
        "description": "5001720021532591\nBESTGOODS (ID 5041091)\n/*Складу - вложить гарантийный талон \n/*Логистам - Отправить клиенту согласно заполненным полям\nescrow_fee_rates:  04716873849047=0.05, 14716873840129=0.05\nКомиссия:1134.1535",
        "vatEnabled": false,
        "shared": true,
        "organization": {
            "meta": {
                "href": "https://online.moysklad.ru/api/remap/1.1/entity/organization/326d65ca-75c5-11e5-7a40-e8970013991b",
                "type": "organization",
                "mediaType": "application/json"
            }
        },
        "agent": {
            "meta": {
                "href": "https://online.moysklad.ru/api/remap/1.1/entity/counterparty/1b33fbc1-5539-11e9-9ff4-315000060bc8",
                "type": "counterparty",
                "mediaType": "application/json"
            }
        },	
        "state": {
            "meta": {
                "href": "https://online.moysklad.ru/api/remap/1.1/entity/customerorder/metadata/states/552a994e-2905-11e7-7a31-d0fd002c3df2",
                "type": "state",
                "mediaType": "application/json"
            }
        },
        "store": {
            "meta": {
                "href": "https://online.moysklad.ru/api/remap/1.1/entity/store/48de3b8e-8b84-11e9-9ff4-34e8001a4ea1",
                "metadataHref": "https://online.moysklad.ru/api/remap/1.1/entity/store/metadata",
                "type": "store",
                "mediaType": "application/json",
                "uuidHref": "https://online.moysklad.ru/app/#warehouse/edit?id=48de3b8e-8b84-11e9-9ff4-34e8001a4ea1"
            }
        },
        "attributes": [{
                "id": "5b766cb9-ef7e-11e6-7a31-d0fd001e5310",
                "value": "Mirkhazov Ramil Fanisovich"
            },
            {
                "id": "547ff930-ef8e-11e6-7a31-d0fd0021d13e",
                "value": "125480, РФ, Moscow, Moscow, Vilisa Latsisa St,North-Western Administrative Okrug, 11, 27/2"
            },
            {
                "id": "1bf09429-ef77-11e6-7a31-d0fd001c9667",
                "value": "+79169304357"
            },
            {
                "id": "547ffc2a-ef8e-11e6-7a31-d0fd0021d141",
                "value": 1134
            },
            {
                "id": "4552a58b-46a8-11e7-7a34-5acf002eb7ad",
                "value": {
                    "name": "1 Не нужна доставка"
                }
            },
            {
                "id": "c4e03fe6-46f3-11e8-9ff4-34e8002246bf",
                "value": {
                    "name": "--"
                }
            }
        ],
        "positions": [{"quantity":1,"price":100,"discount":0,"vat":0,"assortment":{"meta":{"href":"https://online.moysklad.ru/api/remap/1.1/entity/product/7b86f54e-34c1-11e6-7a69-8f550012f578","type":"product","mediaType":"application/json"}},"reserve":1},{"quantity":1,"price":2249100,"discount":0,"vat":0,"assortment":{"meta":{"href":"https://online.moysklad.ru/api/remap/1.1/entity/product/2a9140fc-0844-11e9-9ff4-315000070727","type":"product","mediaType":"application/json"}},"reserve":1}]
    }
2019-11-19 16:32:46Return error  POST BODY IS {
        "name": "5001720021532591",
        "moment": "2019-11-19 13:26:23",
        "deliveryPlannedMoment": "2019-11-19 17:26:23",
        "applicable": true,
        "owner": {
            "meta": {
                "href": "https://online.moysklad.ru/api/remap/1.1/entity/employee/96e93084-5588-11e9-9107-5048000ac025",
                "type": "employee",
                "mediaType": "application/json"
            }
        },
        "description": "5001720021532591\nBESTGOODS (ID 5041091)\n/*Складу - вложить гарантийный талон \n/*Логистам - Отправить клиенту согласно заполненным полям\nescrow_fee_rates:  04716873849047=0.05, 14716873840129=0.05\nКомиссия:1071.6535\nКупон / Доп. скидка:125000",
        "vatEnabled": false,
        "shared": true,
        "organization": {
            "meta": {
                "href": "https://online.moysklad.ru/api/remap/1.1/entity/organization/326d65ca-75c5-11e5-7a40-e8970013991b",
                "type": "organization",
                "mediaType": "application/json"
            }
        },
        "agent": {
            "meta": {
                "href": "https://online.moysklad.ru/api/remap/1.1/entity/counterparty/1b33fbc1-5539-11e9-9ff4-315000060bc8",
                "type": "counterparty",
                "mediaType": "application/json"
            }
        },	
        "state": {
            "meta": {
                "href": "https://online.moysklad.ru/api/remap/1.1/entity/customerorder/metadata/states/552a994e-2905-11e7-7a31-d0fd002c3df2",
                "type": "state",
                "mediaType": "application/json"
            }
        },
        "store": {
            "meta": {
                "href": "https://online.moysklad.ru/api/remap/1.1/entity/store/48de3b8e-8b84-11e9-9ff4-34e8001a4ea1",
                "metadataHref": "https://online.moysklad.ru/api/remap/1.1/entity/store/metadata",
                "type": "store",
                "mediaType": "application/json",
                "uuidHref": "https://online.moysklad.ru/app/#warehouse/edit?id=48de3b8e-8b84-11e9-9ff4-34e8001a4ea1"
            }
        },
        "attributes": [{
                "id": "5b766cb9-ef7e-11e6-7a31-d0fd001e5310",
                "value": "Mirkhazov Ramil Fanisovich"
            },
            {
                "id": "547ff930-ef8e-11e6-7a31-d0fd0021d13e",
                "value": "125480, РФ, Moscow, Moscow, Vilisa Latsisa St,North-Western Administrative Okrug, 11, 27/2"
            },
            {
                "id": "1bf09429-ef77-11e6-7a31-d0fd001c9667",
                "value": "+79169304357"
            },
            {
                "id": "547ffc2a-ef8e-11e6-7a31-d0fd0021d141",
                "value": 1072
            },
            {
                "id": "4552a58b-46a8-11e7-7a34-5acf002eb7ad",
                "value": {
                    "name": "1 Не нужна доставка"
                }
            },
            {
                "id": "c4e03fe6-46f3-11e8-9ff4-34e8002246bf",
                "value": {
                    "name": "--"
                }
            }
        ],
        "positions": [{"quantity":1,"price":100,"discount":0,"vat":0,"assortment":{"meta":{"href":"https://online.moysklad.ru/api/remap/1.1/entity/product/7b86f54e-34c1-11e6-7a69-8f550012f578","type":"product","mediaType":"application/json"}},"reserve":1},{"quantity":1,"price":2249100,"discount":0,"vat":0,"assortment":{"meta":{"href":"https://online.moysklad.ru/api/remap/1.1/entity/product/2a9140fc-0844-11e9-9ff4-315000070727","type":"product","mediaType":"application/json"}},"reserve":1}]
    }
2019-11-19 16:40:23Return error  POST BODY IS {
        "name": "5000712847875450",
        "moment": "2019-10-13 17:50:52",
        "deliveryPlannedMoment": "2019-10-13 21:50:52",
        "applicable": true,
        "owner": {
            "meta": {
                "href": "https://online.moysklad.ru/api/remap/1.1/entity/employee/96e93084-5588-11e9-9107-5048000ac025",
                "type": "employee",
                "mediaType": "application/json"
            }
        },
        "description": "5000712847875450\nBESTGOODS (ID 5041091)\n/*Складу - вложить гарантийный талон \n/*Логистам - Отправить клиенту согласно заполненным полям\nЗАКАЗ ОПЛАЧЕН\nescrow_fee_rates:  04607947683950=0.08\nКомиссия:89.3\nКупон / Доп. скидка:29900",
        "vatEnabled": false,
        "shared": true,
        "organization": {
            "meta": {
                "href": "https://online.moysklad.ru/api/remap/1.1/entity/organization/326d65ca-75c5-11e5-7a40-e8970013991b",
                "type": "organization",
                "mediaType": "application/json"
            }
        },
        "agent": {
            "meta": {
                "href": "https://online.moysklad.ru/api/remap/1.1/entity/counterparty/1b33fbc1-5539-11e9-9ff4-315000060bc8",
                "type": "counterparty",
                "mediaType": "application/json"
            }
        },	
        "state": {
            "meta": {
                "href": "https://online.moysklad.ru/api/remap/1.1/entity/customerorder/metadata/states/ecf45f89-f518-11e6-7a69-9711000ff0c4",
                "type": "state",
                "mediaType": "application/json"
            }
        },
        "store": {
            "meta": {
                "href": "https://online.moysklad.ru/api/remap/1.1/entity/store/48de3b8e-8b84-11e9-9ff4-34e8001a4ea1",
                "metadataHref": "https://online.moysklad.ru/api/remap/1.1/entity/store/metadata",
                "type": "store",
                "mediaType": "application/json",
                "uuidHref": "https://online.moysklad.ru/app/#warehouse/edit?id=48de3b8e-8b84-11e9-9ff4-34e8001a4ea1"
            }
        },
        "attributes": [{
                "id": "5b766cb9-ef7e-11e6-7a31-d0fd001e5310",
                "value": "Кузина Ирина Игоревна"
            },
            {
                "id": "547ff930-ef8e-11e6-7a31-d0fd0021d13e",
                "value": "248009, РФ, Kaluzhskaya oblast, Kaluga, Грабцевское шоссе, 116 к 2 кв 24"
            },
            {
                "id": "1bf09429-ef77-11e6-7a31-d0fd001c9667",
                "value": "+79107087565"
            },
            {
                "id": "547ffc2a-ef8e-11e6-7a31-d0fd0021d141",
                "value": 89
            },
            {
                "id": "4552a58b-46a8-11e7-7a34-5acf002eb7ad",
                "value": {
                    "name": "Cainiao"
                }
            },
            {
                "id": "c4e03fe6-46f3-11e8-9ff4-34e8002246bf",
                "value": {
                    "name": "--"
                }
            }
        ],
        "positions": [{"quantity":1,"price":141525,"discount":0,"vat":0,"assortment":{"meta":{"href":"https://online.moysklad.ru/api/remap/1.1/entity/product/9b021877-ec1e-11e9-0a80-050a000f2ec5","type":"product","mediaType":"application/json"}},"reserve":1}]
    }
2019-11-19 16:41:39Return error  POST BODY IS {
        "name": "5000712847875450",
        "moment": "2019-10-13 17:50:52",
        "deliveryPlannedMoment": "2019-10-13 21:50:52",
        "applicable": true,
        "owner": {
            "meta": {
                "href": "https://online.moysklad.ru/api/remap/1.1/entity/employee/96e93084-5588-11e9-9107-5048000ac025",
                "type": "employee",
                "mediaType": "application/json"
            }
        },
        "description": "5000712847875450\nBESTGOODS (ID 5041091)\n/*Складу - вложить гарантийный талон \n/*Логистам - Отправить клиенту согласно заполненным полям\nЗАКАЗ ОПЛАЧЕН\nescrow_fee_rates:  04607947683950=0.08\nКомиссия:89.3\nКупон / Доп. скидка:299",
        "vatEnabled": false,
        "shared": true,
        "organization": {
            "meta": {
                "href": "https://online.moysklad.ru/api/remap/1.1/entity/organization/326d65ca-75c5-11e5-7a40-e8970013991b",
                "type": "organization",
                "mediaType": "application/json"
            }
        },
        "agent": {
            "meta": {
                "href": "https://online.moysklad.ru/api/remap/1.1/entity/counterparty/1b33fbc1-5539-11e9-9ff4-315000060bc8",
                "type": "counterparty",
                "mediaType": "application/json"
            }
        },	
        "state": {
            "meta": {
                "href": "https://online.moysklad.ru/api/remap/1.1/entity/customerorder/metadata/states/ecf45f89-f518-11e6-7a69-9711000ff0c4",
                "type": "state",
                "mediaType": "application/json"
            }
        },
        "store": {
            "meta": {
                "href": "https://online.moysklad.ru/api/remap/1.1/entity/store/48de3b8e-8b84-11e9-9ff4-34e8001a4ea1",
                "metadataHref": "https://online.moysklad.ru/api/remap/1.1/entity/store/metadata",
                "type": "store",
                "mediaType": "application/json",
                "uuidHref": "https://online.moysklad.ru/app/#warehouse/edit?id=48de3b8e-8b84-11e9-9ff4-34e8001a4ea1"
            }
        },
        "attributes": [{
                "id": "5b766cb9-ef7e-11e6-7a31-d0fd001e5310",
                "value": "Кузина Ирина Игоревна"
            },
            {
                "id": "547ff930-ef8e-11e6-7a31-d0fd0021d13e",
                "value": "248009, РФ, Kaluzhskaya oblast, Kaluga, Грабцевское шоссе, 116 к 2 кв 24"
            },
            {
                "id": "1bf09429-ef77-11e6-7a31-d0fd001c9667",
                "value": "+79107087565"
            },
            {
                "id": "547ffc2a-ef8e-11e6-7a31-d0fd0021d141",
                "value": 89
            },
            {
                "id": "4552a58b-46a8-11e7-7a34-5acf002eb7ad",
                "value": {
                    "name": "Cainiao"
                }
            },
            {
                "id": "c4e03fe6-46f3-11e8-9ff4-34e8002246bf",
                "value": {
                    "name": "--"
                }
            }
        ],
        "positions": [{"quantity":1,"price":141525,"discount":0,"vat":0,"assortment":{"meta":{"href":"https://online.moysklad.ru/api/remap/1.1/entity/product/9b021877-ec1e-11e9-0a80-050a000f2ec5","type":"product","mediaType":"application/json"}},"reserve":1}]
    }
